[2024-05-10T17:14:26.763+0700] {processor.py:161} INFO - Started process (PID=80670) to work on /opt/anaconda3/envs/kafka_project/lib/python3.12/site-packages/airflow/example_dags/plugins/event_listener.py
[2024-05-10T17:14:26.763+0700] {processor.py:830} INFO - Processing file /opt/anaconda3/envs/kafka_project/lib/python3.12/site-packages/airflow/example_dags/plugins/event_listener.py for tasks to queue
[2024-05-10T17:14:26.763+0700] {logging_mixin.py:188} INFO - [2024-05-10T17:14:26.763+0700] {dagbag.py:545} INFO - Filling up the DagBag from /opt/anaconda3/envs/kafka_project/lib/python3.12/site-packages/airflow/example_dags/plugins/event_listener.py
[2024-05-10T17:14:26.764+0700] {processor.py:842} WARNING - No viable dags retrieved from /opt/anaconda3/envs/kafka_project/lib/python3.12/site-packages/airflow/example_dags/plugins/event_listener.py
[2024-05-10T17:14:26.807+0700] {processor.py:183} INFO - Processing /opt/anaconda3/envs/kafka_project/lib/python3.12/site-packages/airflow/example_dags/plugins/event_listener.py took 0.045 seconds
[2024-05-10T17:16:06.395+0700] {processor.py:161} INFO - Started process (PID=81519) to work on /opt/anaconda3/envs/kafka_project/lib/python3.12/site-packages/airflow/example_dags/plugins/event_listener.py
[2024-05-10T17:16:06.397+0700] {processor.py:830} INFO - Processing file /opt/anaconda3/envs/kafka_project/lib/python3.12/site-packages/airflow/example_dags/plugins/event_listener.py for tasks to queue
[2024-05-10T17:16:06.397+0700] {logging_mixin.py:188} INFO - [2024-05-10T17:16:06.397+0700] {dagbag.py:545} INFO - Filling up the DagBag from /opt/anaconda3/envs/kafka_project/lib/python3.12/site-packages/airflow/example_dags/plugins/event_listener.py
[2024-05-10T17:16:06.398+0700] {processor.py:842} WARNING - No viable dags retrieved from /opt/anaconda3/envs/kafka_project/lib/python3.12/site-packages/airflow/example_dags/plugins/event_listener.py
[2024-05-10T17:16:06.439+0700] {processor.py:183} INFO - Processing /opt/anaconda3/envs/kafka_project/lib/python3.12/site-packages/airflow/example_dags/plugins/event_listener.py took 0.045 seconds
[2024-05-10T17:17:09.203+0700] {processor.py:161} INFO - Started process (PID=82015) to work on /opt/anaconda3/envs/kafka_project/lib/python3.12/site-packages/airflow/example_dags/plugins/event_listener.py
[2024-05-10T17:17:09.205+0700] {processor.py:830} INFO - Processing file /opt/anaconda3/envs/kafka_project/lib/python3.12/site-packages/airflow/example_dags/plugins/event_listener.py for tasks to queue
[2024-05-10T17:17:09.205+0700] {logging_mixin.py:188} INFO - [2024-05-10T17:17:09.205+0700] {dagbag.py:545} INFO - Filling up the DagBag from /opt/anaconda3/envs/kafka_project/lib/python3.12/site-packages/airflow/example_dags/plugins/event_listener.py
[2024-05-10T17:17:09.206+0700] {processor.py:842} WARNING - No viable dags retrieved from /opt/anaconda3/envs/kafka_project/lib/python3.12/site-packages/airflow/example_dags/plugins/event_listener.py
[2024-05-10T17:17:09.250+0700] {processor.py:183} INFO - Processing /opt/anaconda3/envs/kafka_project/lib/python3.12/site-packages/airflow/example_dags/plugins/event_listener.py took 0.048 seconds
[2024-05-10T17:18:15.115+0700] {processor.py:161} INFO - Started process (PID=82553) to work on /opt/anaconda3/envs/kafka_project/lib/python3.12/site-packages/airflow/example_dags/plugins/event_listener.py
[2024-05-10T17:18:15.116+0700] {processor.py:830} INFO - Processing file /opt/anaconda3/envs/kafka_project/lib/python3.12/site-packages/airflow/example_dags/plugins/event_listener.py for tasks to queue
[2024-05-10T17:18:15.117+0700] {logging_mixin.py:188} INFO - [2024-05-10T17:18:15.117+0700] {dagbag.py:545} INFO - Filling up the DagBag from /opt/anaconda3/envs/kafka_project/lib/python3.12/site-packages/airflow/example_dags/plugins/event_listener.py
[2024-05-10T17:18:15.117+0700] {processor.py:842} WARNING - No viable dags retrieved from /opt/anaconda3/envs/kafka_project/lib/python3.12/site-packages/airflow/example_dags/plugins/event_listener.py
[2024-05-10T17:18:15.159+0700] {processor.py:183} INFO - Processing /opt/anaconda3/envs/kafka_project/lib/python3.12/site-packages/airflow/example_dags/plugins/event_listener.py took 0.045 seconds
[2024-05-10T17:19:19.160+0700] {processor.py:161} INFO - Started process (PID=83063) to work on /opt/anaconda3/envs/kafka_project/lib/python3.12/site-packages/airflow/example_dags/plugins/event_listener.py
[2024-05-10T17:19:19.161+0700] {processor.py:830} INFO - Processing file /opt/anaconda3/envs/kafka_project/lib/python3.12/site-packages/airflow/example_dags/plugins/event_listener.py for tasks to queue
[2024-05-10T17:19:19.162+0700] {logging_mixin.py:188} INFO - [2024-05-10T17:19:19.162+0700] {dagbag.py:545} INFO - Filling up the DagBag from /opt/anaconda3/envs/kafka_project/lib/python3.12/site-packages/airflow/example_dags/plugins/event_listener.py
[2024-05-10T17:19:19.163+0700] {processor.py:842} WARNING - No viable dags retrieved from /opt/anaconda3/envs/kafka_project/lib/python3.12/site-packages/airflow/example_dags/plugins/event_listener.py
[2024-05-10T17:19:19.205+0700] {processor.py:183} INFO - Processing /opt/anaconda3/envs/kafka_project/lib/python3.12/site-packages/airflow/example_dags/plugins/event_listener.py took 0.046 seconds
[2024-05-10T17:20:22.137+0700] {processor.py:161} INFO - Started process (PID=83735) to work on /opt/anaconda3/envs/kafka_project/lib/python3.12/site-packages/airflow/example_dags/plugins/event_listener.py
[2024-05-10T17:20:22.139+0700] {processor.py:830} INFO - Processing file /opt/anaconda3/envs/kafka_project/lib/python3.12/site-packages/airflow/example_dags/plugins/event_listener.py for tasks to queue
[2024-05-10T17:20:22.139+0700] {logging_mixin.py:188} INFO - [2024-05-10T17:20:22.139+0700] {dagbag.py:545} INFO - Filling up the DagBag from /opt/anaconda3/envs/kafka_project/lib/python3.12/site-packages/airflow/example_dags/plugins/event_listener.py
[2024-05-10T17:20:22.140+0700] {processor.py:842} WARNING - No viable dags retrieved from /opt/anaconda3/envs/kafka_project/lib/python3.12/site-packages/airflow/example_dags/plugins/event_listener.py
[2024-05-10T17:20:22.183+0700] {processor.py:183} INFO - Processing /opt/anaconda3/envs/kafka_project/lib/python3.12/site-packages/airflow/example_dags/plugins/event_listener.py took 0.048 seconds
[2024-05-10T17:21:27.414+0700] {processor.py:161} INFO - Started process (PID=84450) to work on /opt/anaconda3/envs/kafka_project/lib/python3.12/site-packages/airflow/example_dags/plugins/event_listener.py
[2024-05-10T17:21:27.415+0700] {processor.py:830} INFO - Processing file /opt/anaconda3/envs/kafka_project/lib/python3.12/site-packages/airflow/example_dags/plugins/event_listener.py for tasks to queue
[2024-05-10T17:21:27.416+0700] {logging_mixin.py:188} INFO - [2024-05-10T17:21:27.415+0700] {dagbag.py:545} INFO - Filling up the DagBag from /opt/anaconda3/envs/kafka_project/lib/python3.12/site-packages/airflow/example_dags/plugins/event_listener.py
[2024-05-10T17:21:27.416+0700] {processor.py:842} WARNING - No viable dags retrieved from /opt/anaconda3/envs/kafka_project/lib/python3.12/site-packages/airflow/example_dags/plugins/event_listener.py
[2024-05-10T17:21:27.459+0700] {processor.py:183} INFO - Processing /opt/anaconda3/envs/kafka_project/lib/python3.12/site-packages/airflow/example_dags/plugins/event_listener.py took 0.048 seconds
[2024-05-10T17:22:37.411+0700] {processor.py:161} INFO - Started process (PID=85187) to work on /opt/anaconda3/envs/kafka_project/lib/python3.12/site-packages/airflow/example_dags/plugins/event_listener.py
[2024-05-10T17:22:37.412+0700] {processor.py:830} INFO - Processing file /opt/anaconda3/envs/kafka_project/lib/python3.12/site-packages/airflow/example_dags/plugins/event_listener.py for tasks to queue
[2024-05-10T17:22:37.412+0700] {logging_mixin.py:188} INFO - [2024-05-10T17:22:37.412+0700] {dagbag.py:545} INFO - Filling up the DagBag from /opt/anaconda3/envs/kafka_project/lib/python3.12/site-packages/airflow/example_dags/plugins/event_listener.py
[2024-05-10T17:22:37.413+0700] {processor.py:842} WARNING - No viable dags retrieved from /opt/anaconda3/envs/kafka_project/lib/python3.12/site-packages/airflow/example_dags/plugins/event_listener.py
[2024-05-10T17:22:37.455+0700] {processor.py:183} INFO - Processing /opt/anaconda3/envs/kafka_project/lib/python3.12/site-packages/airflow/example_dags/plugins/event_listener.py took 0.045 seconds
[2024-05-10T17:28:47.325+0700] {processor.py:161} INFO - Started process (PID=89059) to work on /opt/anaconda3/envs/kafka_project/lib/python3.12/site-packages/airflow/example_dags/plugins/event_listener.py
[2024-05-10T17:28:47.326+0700] {processor.py:830} INFO - Processing file /opt/anaconda3/envs/kafka_project/lib/python3.12/site-packages/airflow/example_dags/plugins/event_listener.py for tasks to queue
[2024-05-10T17:28:47.327+0700] {logging_mixin.py:188} INFO - [2024-05-10T17:28:47.326+0700] {dagbag.py:545} INFO - Filling up the DagBag from /opt/anaconda3/envs/kafka_project/lib/python3.12/site-packages/airflow/example_dags/plugins/event_listener.py
[2024-05-10T17:28:47.327+0700] {processor.py:842} WARNING - No viable dags retrieved from /opt/anaconda3/envs/kafka_project/lib/python3.12/site-packages/airflow/example_dags/plugins/event_listener.py
[2024-05-10T17:28:47.368+0700] {processor.py:183} INFO - Processing /opt/anaconda3/envs/kafka_project/lib/python3.12/site-packages/airflow/example_dags/plugins/event_listener.py took 0.045 seconds
