[2024-05-10T17:12:27.746+0700] {processor.py:161} INFO - Started process (PID=79318) to work on /opt/anaconda3/envs/kafka_project/lib/python3.12/site-packages/airflow/example_dags/plugins/listener_plugin.py
[2024-05-10T17:12:27.747+0700] {processor.py:830} INFO - Processing file /opt/anaconda3/envs/kafka_project/lib/python3.12/site-packages/airflow/example_dags/plugins/listener_plugin.py for tasks to queue
[2024-05-10T17:12:27.747+0700] {logging_mixin.py:188} INFO - [2024-05-10T17:12:27.747+0700] {dagbag.py:545} INFO - Filling up the DagBag from /opt/anaconda3/envs/kafka_project/lib/python3.12/site-packages/airflow/example_dags/plugins/listener_plugin.py
[2024-05-10T17:12:27.748+0700] {processor.py:842} WARNING - No viable dags retrieved from /opt/anaconda3/envs/kafka_project/lib/python3.12/site-packages/airflow/example_dags/plugins/listener_plugin.py
[2024-05-10T17:12:27.791+0700] {processor.py:183} INFO - Processing /opt/anaconda3/envs/kafka_project/lib/python3.12/site-packages/airflow/example_dags/plugins/listener_plugin.py took 0.046 seconds
[2024-05-10T17:14:24.804+0700] {processor.py:161} INFO - Started process (PID=80652) to work on /opt/anaconda3/envs/kafka_project/lib/python3.12/site-packages/airflow/example_dags/plugins/listener_plugin.py
[2024-05-10T17:14:24.804+0700] {processor.py:830} INFO - Processing file /opt/anaconda3/envs/kafka_project/lib/python3.12/site-packages/airflow/example_dags/plugins/listener_plugin.py for tasks to queue
[2024-05-10T17:14:24.805+0700] {logging_mixin.py:188} INFO - [2024-05-10T17:14:24.805+0700] {dagbag.py:545} INFO - Filling up the DagBag from /opt/anaconda3/envs/kafka_project/lib/python3.12/site-packages/airflow/example_dags/plugins/listener_plugin.py
[2024-05-10T17:14:24.806+0700] {processor.py:842} WARNING - No viable dags retrieved from /opt/anaconda3/envs/kafka_project/lib/python3.12/site-packages/airflow/example_dags/plugins/listener_plugin.py
[2024-05-10T17:14:24.850+0700] {processor.py:183} INFO - Processing /opt/anaconda3/envs/kafka_project/lib/python3.12/site-packages/airflow/example_dags/plugins/listener_plugin.py took 0.048 seconds
[2024-05-10T17:16:04.482+0700] {processor.py:161} INFO - Started process (PID=81501) to work on /opt/anaconda3/envs/kafka_project/lib/python3.12/site-packages/airflow/example_dags/plugins/listener_plugin.py
[2024-05-10T17:16:04.483+0700] {processor.py:830} INFO - Processing file /opt/anaconda3/envs/kafka_project/lib/python3.12/site-packages/airflow/example_dags/plugins/listener_plugin.py for tasks to queue
[2024-05-10T17:16:04.483+0700] {logging_mixin.py:188} INFO - [2024-05-10T17:16:04.483+0700] {dagbag.py:545} INFO - Filling up the DagBag from /opt/anaconda3/envs/kafka_project/lib/python3.12/site-packages/airflow/example_dags/plugins/listener_plugin.py
[2024-05-10T17:16:04.485+0700] {processor.py:842} WARNING - No viable dags retrieved from /opt/anaconda3/envs/kafka_project/lib/python3.12/site-packages/airflow/example_dags/plugins/listener_plugin.py
[2024-05-10T17:16:04.526+0700] {processor.py:183} INFO - Processing /opt/anaconda3/envs/kafka_project/lib/python3.12/site-packages/airflow/example_dags/plugins/listener_plugin.py took 0.045 seconds
[2024-05-10T17:17:08.267+0700] {processor.py:161} INFO - Started process (PID=82007) to work on /opt/anaconda3/envs/kafka_project/lib/python3.12/site-packages/airflow/example_dags/plugins/listener_plugin.py
[2024-05-10T17:17:08.267+0700] {processor.py:830} INFO - Processing file /opt/anaconda3/envs/kafka_project/lib/python3.12/site-packages/airflow/example_dags/plugins/listener_plugin.py for tasks to queue
[2024-05-10T17:17:08.268+0700] {logging_mixin.py:188} INFO - [2024-05-10T17:17:08.268+0700] {dagbag.py:545} INFO - Filling up the DagBag from /opt/anaconda3/envs/kafka_project/lib/python3.12/site-packages/airflow/example_dags/plugins/listener_plugin.py
[2024-05-10T17:17:08.270+0700] {processor.py:842} WARNING - No viable dags retrieved from /opt/anaconda3/envs/kafka_project/lib/python3.12/site-packages/airflow/example_dags/plugins/listener_plugin.py
[2024-05-10T17:17:08.313+0700] {processor.py:183} INFO - Processing /opt/anaconda3/envs/kafka_project/lib/python3.12/site-packages/airflow/example_dags/plugins/listener_plugin.py took 0.048 seconds
[2024-05-10T17:18:13.175+0700] {processor.py:161} INFO - Started process (PID=82534) to work on /opt/anaconda3/envs/kafka_project/lib/python3.12/site-packages/airflow/example_dags/plugins/listener_plugin.py
[2024-05-10T17:18:13.177+0700] {processor.py:830} INFO - Processing file /opt/anaconda3/envs/kafka_project/lib/python3.12/site-packages/airflow/example_dags/plugins/listener_plugin.py for tasks to queue
[2024-05-10T17:18:13.178+0700] {logging_mixin.py:188} INFO - [2024-05-10T17:18:13.178+0700] {dagbag.py:545} INFO - Filling up the DagBag from /opt/anaconda3/envs/kafka_project/lib/python3.12/site-packages/airflow/example_dags/plugins/listener_plugin.py
[2024-05-10T17:18:13.181+0700] {processor.py:842} WARNING - No viable dags retrieved from /opt/anaconda3/envs/kafka_project/lib/python3.12/site-packages/airflow/example_dags/plugins/listener_plugin.py
[2024-05-10T17:18:13.227+0700] {processor.py:183} INFO - Processing /opt/anaconda3/envs/kafka_project/lib/python3.12/site-packages/airflow/example_dags/plugins/listener_plugin.py took 0.054 seconds
[2024-05-10T17:19:17.832+0700] {processor.py:161} INFO - Started process (PID=83047) to work on /opt/anaconda3/envs/kafka_project/lib/python3.12/site-packages/airflow/example_dags/plugins/listener_plugin.py
[2024-05-10T17:19:17.833+0700] {processor.py:830} INFO - Processing file /opt/anaconda3/envs/kafka_project/lib/python3.12/site-packages/airflow/example_dags/plugins/listener_plugin.py for tasks to queue
[2024-05-10T17:19:17.834+0700] {logging_mixin.py:188} INFO - [2024-05-10T17:19:17.833+0700] {dagbag.py:545} INFO - Filling up the DagBag from /opt/anaconda3/envs/kafka_project/lib/python3.12/site-packages/airflow/example_dags/plugins/listener_plugin.py
[2024-05-10T17:19:17.835+0700] {processor.py:842} WARNING - No viable dags retrieved from /opt/anaconda3/envs/kafka_project/lib/python3.12/site-packages/airflow/example_dags/plugins/listener_plugin.py
[2024-05-10T17:19:17.877+0700] {processor.py:183} INFO - Processing /opt/anaconda3/envs/kafka_project/lib/python3.12/site-packages/airflow/example_dags/plugins/listener_plugin.py took 0.046 seconds
[2024-05-10T17:20:21.165+0700] {processor.py:161} INFO - Started process (PID=83724) to work on /opt/anaconda3/envs/kafka_project/lib/python3.12/site-packages/airflow/example_dags/plugins/listener_plugin.py
[2024-05-10T17:20:21.166+0700] {processor.py:830} INFO - Processing file /opt/anaconda3/envs/kafka_project/lib/python3.12/site-packages/airflow/example_dags/plugins/listener_plugin.py for tasks to queue
[2024-05-10T17:20:21.167+0700] {logging_mixin.py:188} INFO - [2024-05-10T17:20:21.166+0700] {dagbag.py:545} INFO - Filling up the DagBag from /opt/anaconda3/envs/kafka_project/lib/python3.12/site-packages/airflow/example_dags/plugins/listener_plugin.py
[2024-05-10T17:20:21.169+0700] {processor.py:842} WARNING - No viable dags retrieved from /opt/anaconda3/envs/kafka_project/lib/python3.12/site-packages/airflow/example_dags/plugins/listener_plugin.py
[2024-05-10T17:20:21.210+0700] {processor.py:183} INFO - Processing /opt/anaconda3/envs/kafka_project/lib/python3.12/site-packages/airflow/example_dags/plugins/listener_plugin.py took 0.046 seconds
[2024-05-10T17:21:26.327+0700] {processor.py:161} INFO - Started process (PID=84442) to work on /opt/anaconda3/envs/kafka_project/lib/python3.12/site-packages/airflow/example_dags/plugins/listener_plugin.py
[2024-05-10T17:21:26.328+0700] {processor.py:830} INFO - Processing file /opt/anaconda3/envs/kafka_project/lib/python3.12/site-packages/airflow/example_dags/plugins/listener_plugin.py for tasks to queue
[2024-05-10T17:21:26.328+0700] {logging_mixin.py:188} INFO - [2024-05-10T17:21:26.328+0700] {dagbag.py:545} INFO - Filling up the DagBag from /opt/anaconda3/envs/kafka_project/lib/python3.12/site-packages/airflow/example_dags/plugins/listener_plugin.py
[2024-05-10T17:21:26.330+0700] {processor.py:842} WARNING - No viable dags retrieved from /opt/anaconda3/envs/kafka_project/lib/python3.12/site-packages/airflow/example_dags/plugins/listener_plugin.py
[2024-05-10T17:21:26.373+0700] {processor.py:183} INFO - Processing /opt/anaconda3/envs/kafka_project/lib/python3.12/site-packages/airflow/example_dags/plugins/listener_plugin.py took 0.047 seconds
[2024-05-10T17:22:35.487+0700] {processor.py:161} INFO - Started process (PID=85170) to work on /opt/anaconda3/envs/kafka_project/lib/python3.12/site-packages/airflow/example_dags/plugins/listener_plugin.py
[2024-05-10T17:22:35.488+0700] {processor.py:830} INFO - Processing file /opt/anaconda3/envs/kafka_project/lib/python3.12/site-packages/airflow/example_dags/plugins/listener_plugin.py for tasks to queue
[2024-05-10T17:22:35.488+0700] {logging_mixin.py:188} INFO - [2024-05-10T17:22:35.488+0700] {dagbag.py:545} INFO - Filling up the DagBag from /opt/anaconda3/envs/kafka_project/lib/python3.12/site-packages/airflow/example_dags/plugins/listener_plugin.py
[2024-05-10T17:22:35.491+0700] {processor.py:842} WARNING - No viable dags retrieved from /opt/anaconda3/envs/kafka_project/lib/python3.12/site-packages/airflow/example_dags/plugins/listener_plugin.py
[2024-05-10T17:22:35.532+0700] {processor.py:183} INFO - Processing /opt/anaconda3/envs/kafka_project/lib/python3.12/site-packages/airflow/example_dags/plugins/listener_plugin.py took 0.046 seconds
[2024-05-10T17:28:45.373+0700] {processor.py:161} INFO - Started process (PID=89044) to work on /opt/anaconda3/envs/kafka_project/lib/python3.12/site-packages/airflow/example_dags/plugins/listener_plugin.py
[2024-05-10T17:28:45.374+0700] {processor.py:830} INFO - Processing file /opt/anaconda3/envs/kafka_project/lib/python3.12/site-packages/airflow/example_dags/plugins/listener_plugin.py for tasks to queue
[2024-05-10T17:28:45.375+0700] {logging_mixin.py:188} INFO - [2024-05-10T17:28:45.375+0700] {dagbag.py:545} INFO - Filling up the DagBag from /opt/anaconda3/envs/kafka_project/lib/python3.12/site-packages/airflow/example_dags/plugins/listener_plugin.py
[2024-05-10T17:28:45.376+0700] {processor.py:842} WARNING - No viable dags retrieved from /opt/anaconda3/envs/kafka_project/lib/python3.12/site-packages/airflow/example_dags/plugins/listener_plugin.py
[2024-05-10T17:28:45.420+0700] {processor.py:183} INFO - Processing /opt/anaconda3/envs/kafka_project/lib/python3.12/site-packages/airflow/example_dags/plugins/listener_plugin.py took 0.049 seconds
