[2024-05-10T17:14:34.403+0700] {local_task_job_runner.py:120} INFO - ::group::Pre task execution logs
[2024-05-10T17:14:34.419+0700] {taskinstance.py:2076} INFO - Dependencies all met for dep_context=non-requeueable deps ti=<TaskInstance: example_dag_with_kafka.send_to_kafka_task manual__2024-05-10T10:14:31.743751+00:00 [queued]>
[2024-05-10T17:14:34.421+0700] {taskinstance.py:2076} INFO - Dependencies all met for dep_context=requeueable deps ti=<TaskInstance: example_dag_with_kafka.send_to_kafka_task manual__2024-05-10T10:14:31.743751+00:00 [queued]>
[2024-05-10T17:14:34.421+0700] {taskinstance.py:2306} INFO - Starting attempt 1 of 2
[2024-05-10T17:14:34.427+0700] {taskinstance.py:2330} INFO - Executing <Task(PythonOperator): send_to_kafka_task> on 2024-05-10 10:14:31.743751+00:00
[2024-05-10T17:14:34.433+0700] {standard_task_runner.py:90} INFO - Running: ['airflow', 'tasks', 'run', 'example_dag_with_kafka', 'send_to_kafka_task', 'manual__2024-05-10T10:14:31.743751+00:00', '--job-id', '3', '--raw', '--subdir', 'DAGS_FOLDER/api.py', '--cfg-path', '/var/folders/tw/ksffzqq93t56xq1d5v8_ldyc0000gn/T/tmpoc_c9_ti']
[2024-05-10T17:14:34.433+0700] {standard_task_runner.py:91} INFO - Job 3: Subtask send_to_kafka_task
[2024-05-10T17:14:34.433+0700] {logging_mixin.py:188} WARNING - /opt/anaconda3/envs/kafka_project/lib/python3.12/site-packages/airflow/task/task_runner/standard_task_runner.py:61 DeprecationWarning: This process (pid=80735) is multi-threaded, use of fork() may lead to deadlocks in the child.
[2024-05-10T17:14:34.434+0700] {standard_task_runner.py:63} INFO - Started process 80745 to run task
[2024-05-10T17:14:34.454+0700] {task_command.py:426} INFO - Running <TaskInstance: example_dag_with_kafka.send_to_kafka_task manual__2024-05-10T10:14:31.743751+00:00 [running]> on host kvtphass-macbook-pro.local
[2024-05-10T17:14:34.482+0700] {taskinstance.py:2648} INFO - Exporting env vars: AIRFLOW_CTX_DAG_OWNER='airflow' AIRFLOW_CTX_DAG_ID='example_dag_with_kafka' AIRFLOW_CTX_TASK_ID='send_to_kafka_task' AIRFLOW_CTX_EXECUTION_DATE='2024-05-10T10:14:31.743751+00:00' AIRFLOW_CTX_TRY_NUMBER='1' AIRFLOW_CTX_DAG_RUN_ID='manual__2024-05-10T10:14:31.743751+00:00'
[2024-05-10T17:14:34.483+0700] {taskinstance.py:430} INFO - ::endgroup::
[2024-05-10T17:14:34.484+0700] {conn.py:362} INFO - <BrokerConnection node_id=bootstrap-0 host=localhost:9092 <connecting> [IPv6 ('::1', 9092, 0, 0)]>: connecting to localhost:9092 [('::1', 9092, 0, 0) IPv6]
[2024-05-10T17:14:34.485+0700] {conn.py:957} INFO - Probing node bootstrap-0 broker version
[2024-05-10T17:14:34.486+0700] {conn.py:393} INFO - <BrokerConnection node_id=bootstrap-0 host=localhost:9092 <connecting> [IPv6 ('::1', 9092, 0, 0)]>: Connection complete.
[2024-05-10T17:14:34.599+0700] {conn.py:1019} INFO - Broker version identified as 2.6.0
[2024-05-10T17:14:34.599+0700] {conn.py:1020} INFO - Set configuration api_version=(2, 6, 0) to skip auto check_version requests on startup
[2024-05-10T17:14:34.604+0700] {conn.py:362} INFO - <BrokerConnection node_id=1001 host=localhost:9092 <connecting> [IPv6 ('::1', 9092, 0, 0)]>: connecting to localhost:9092 [('::1', 9092, 0, 0) IPv6]
[2024-05-10T17:14:34.604+0700] {conn.py:393} INFO - <BrokerConnection node_id=1001 host=localhost:9092 <connecting> [IPv6 ('::1', 9092, 0, 0)]>: Connection complete.
[2024-05-10T17:14:34.604+0700] {conn.py:673} INFO - <BrokerConnection node_id=bootstrap-0 host=localhost:9092 <connected> [IPv6 ('::1', 9092, 0, 0)]>: Closing connection. 
[2024-05-10T17:14:34.721+0700] {kafka.py:486} INFO - Closing the Kafka producer with 9223372036.0 secs timeout.
[2024-05-10T17:14:34.722+0700] {conn.py:673} INFO - <BrokerConnection node_id=1001 host=localhost:9092 <connected> [IPv6 ('::1', 9092, 0, 0)]>: Closing connection. 
[2024-05-10T17:14:34.722+0700] {python.py:237} INFO - Done. Returned value was: None
[2024-05-10T17:14:34.722+0700] {taskinstance.py:441} INFO - ::group::Post task execution logs
[2024-05-10T17:14:34.726+0700] {taskinstance.py:1206} INFO - Marking task as SUCCESS. dag_id=example_dag_with_kafka, task_id=send_to_kafka_task, run_id=manual__2024-05-10T10:14:31.743751+00:00, execution_date=20240510T101431, start_date=20240510T101434, end_date=20240510T101434
[2024-05-10T17:14:34.759+0700] {local_task_job_runner.py:240} INFO - Task exited with return code 0
[2024-05-10T17:14:34.765+0700] {taskinstance.py:3498} INFO - 0 downstream tasks scheduled from follow-on schedule check
[2024-05-10T17:14:34.766+0700] {local_task_job_runner.py:222} INFO - ::endgroup::
