[2024-05-10T17:15:34.300+0700] {processor.py:161} INFO - Started process (PID=81258) to work on /opt/anaconda3/envs/kafka_project/lib/python3.12/site-packages/airflow/example_dags/example_dynamic_task_mapping.py
[2024-05-10T17:15:34.300+0700] {processor.py:830} INFO - Processing file /opt/anaconda3/envs/kafka_project/lib/python3.12/site-packages/airflow/example_dags/example_dynamic_task_mapping.py for tasks to queue
[2024-05-10T17:15:34.301+0700] {logging_mixin.py:188} INFO - [2024-05-10T17:15:34.301+0700] {dagbag.py:545} INFO - Filling up the DagBag from /opt/anaconda3/envs/kafka_project/lib/python3.12/site-packages/airflow/example_dags/example_dynamic_task_mapping.py
[2024-05-10T17:15:34.323+0700] {processor.py:840} INFO - DAG(s) 'example_dynamic_task_mapping' retrieved from /opt/anaconda3/envs/kafka_project/lib/python3.12/site-packages/airflow/example_dags/example_dynamic_task_mapping.py
[2024-05-10T17:15:34.423+0700] {logging_mixin.py:188} INFO - [2024-05-10T17:15:34.422+0700] {override.py:1829} INFO - Created Permission View: can edit on DAG:example_dynamic_task_mapping
[2024-05-10T17:15:34.427+0700] {logging_mixin.py:188} INFO - [2024-05-10T17:15:34.427+0700] {override.py:1829} INFO - Created Permission View: can delete on DAG:example_dynamic_task_mapping
[2024-05-10T17:15:34.430+0700] {logging_mixin.py:188} INFO - [2024-05-10T17:15:34.430+0700] {override.py:1829} INFO - Created Permission View: can read on DAG:example_dynamic_task_mapping
[2024-05-10T17:15:34.430+0700] {logging_mixin.py:188} INFO - [2024-05-10T17:15:34.430+0700] {dag.py:3096} INFO - Sync 1 DAGs
[2024-05-10T17:15:34.435+0700] {logging_mixin.py:188} INFO - [2024-05-10T17:15:34.435+0700] {dag.py:3118} INFO - Creating ORM DAG for example_dynamic_task_mapping
[2024-05-10T17:15:34.439+0700] {logging_mixin.py:188} INFO - [2024-05-10T17:15:34.438+0700] {dag.py:3954} INFO - Setting next_dagrun for example_dynamic_task_mapping to 2022-03-04 00:00:00+00:00, run_after=2022-03-05 00:00:00+00:00
[2024-05-10T17:15:34.446+0700] {processor.py:183} INFO - Processing /opt/anaconda3/envs/kafka_project/lib/python3.12/site-packages/airflow/example_dags/example_dynamic_task_mapping.py took 0.147 seconds
[2024-05-10T17:17:43.061+0700] {processor.py:161} INFO - Started process (PID=82287) to work on /opt/anaconda3/envs/kafka_project/lib/python3.12/site-packages/airflow/example_dags/example_dynamic_task_mapping.py
[2024-05-10T17:17:43.062+0700] {processor.py:830} INFO - Processing file /opt/anaconda3/envs/kafka_project/lib/python3.12/site-packages/airflow/example_dags/example_dynamic_task_mapping.py for tasks to queue
[2024-05-10T17:17:43.063+0700] {logging_mixin.py:188} INFO - [2024-05-10T17:17:43.063+0700] {dagbag.py:545} INFO - Filling up the DagBag from /opt/anaconda3/envs/kafka_project/lib/python3.12/site-packages/airflow/example_dags/example_dynamic_task_mapping.py
[2024-05-10T17:17:43.083+0700] {processor.py:840} INFO - DAG(s) 'example_dynamic_task_mapping' retrieved from /opt/anaconda3/envs/kafka_project/lib/python3.12/site-packages/airflow/example_dags/example_dynamic_task_mapping.py
[2024-05-10T17:17:43.139+0700] {logging_mixin.py:188} INFO - [2024-05-10T17:17:43.139+0700] {dag.py:3096} INFO - Sync 1 DAGs
[2024-05-10T17:17:43.148+0700] {logging_mixin.py:188} INFO - [2024-05-10T17:17:43.148+0700] {dag.py:3954} INFO - Setting next_dagrun for example_dynamic_task_mapping to 2022-03-04 00:00:00+00:00, run_after=2022-03-05 00:00:00+00:00
[2024-05-10T17:17:43.158+0700] {processor.py:183} INFO - Processing /opt/anaconda3/envs/kafka_project/lib/python3.12/site-packages/airflow/example_dags/example_dynamic_task_mapping.py took 0.098 seconds
[2024-05-10T17:19:51.958+0700] {processor.py:161} INFO - Started process (PID=83322) to work on /opt/anaconda3/envs/kafka_project/lib/python3.12/site-packages/airflow/example_dags/example_dynamic_task_mapping.py
[2024-05-10T17:19:51.959+0700] {processor.py:830} INFO - Processing file /opt/anaconda3/envs/kafka_project/lib/python3.12/site-packages/airflow/example_dags/example_dynamic_task_mapping.py for tasks to queue
[2024-05-10T17:19:51.959+0700] {logging_mixin.py:188} INFO - [2024-05-10T17:19:51.959+0700] {dagbag.py:545} INFO - Filling up the DagBag from /opt/anaconda3/envs/kafka_project/lib/python3.12/site-packages/airflow/example_dags/example_dynamic_task_mapping.py
[2024-05-10T17:19:51.981+0700] {processor.py:840} INFO - DAG(s) 'example_dynamic_task_mapping' retrieved from /opt/anaconda3/envs/kafka_project/lib/python3.12/site-packages/airflow/example_dags/example_dynamic_task_mapping.py
[2024-05-10T17:19:52.039+0700] {logging_mixin.py:188} INFO - [2024-05-10T17:19:52.038+0700] {dag.py:3096} INFO - Sync 1 DAGs
[2024-05-10T17:19:52.048+0700] {logging_mixin.py:188} INFO - [2024-05-10T17:19:52.048+0700] {dag.py:3954} INFO - Setting next_dagrun for example_dynamic_task_mapping to 2022-03-04 00:00:00+00:00, run_after=2022-03-05 00:00:00+00:00
[2024-05-10T17:19:52.058+0700] {processor.py:183} INFO - Processing /opt/anaconda3/envs/kafka_project/lib/python3.12/site-packages/airflow/example_dags/example_dynamic_task_mapping.py took 0.102 seconds
[2024-05-10T17:22:03.351+0700] {processor.py:161} INFO - Started process (PID=84806) to work on /opt/anaconda3/envs/kafka_project/lib/python3.12/site-packages/airflow/example_dags/example_dynamic_task_mapping.py
[2024-05-10T17:22:03.353+0700] {processor.py:830} INFO - Processing file /opt/anaconda3/envs/kafka_project/lib/python3.12/site-packages/airflow/example_dags/example_dynamic_task_mapping.py for tasks to queue
[2024-05-10T17:22:03.353+0700] {logging_mixin.py:188} INFO - [2024-05-10T17:22:03.353+0700] {dagbag.py:545} INFO - Filling up the DagBag from /opt/anaconda3/envs/kafka_project/lib/python3.12/site-packages/airflow/example_dags/example_dynamic_task_mapping.py
[2024-05-10T17:22:03.376+0700] {processor.py:840} INFO - DAG(s) 'example_dynamic_task_mapping' retrieved from /opt/anaconda3/envs/kafka_project/lib/python3.12/site-packages/airflow/example_dags/example_dynamic_task_mapping.py
[2024-05-10T17:22:03.434+0700] {logging_mixin.py:188} INFO - [2024-05-10T17:22:03.433+0700] {dag.py:3096} INFO - Sync 1 DAGs
[2024-05-10T17:22:03.442+0700] {logging_mixin.py:188} INFO - [2024-05-10T17:22:03.442+0700] {dag.py:3954} INFO - Setting next_dagrun for example_dynamic_task_mapping to 2022-03-04 00:00:00+00:00, run_after=2022-03-05 00:00:00+00:00
[2024-05-10T17:22:03.451+0700] {processor.py:183} INFO - Processing /opt/anaconda3/envs/kafka_project/lib/python3.12/site-packages/airflow/example_dags/example_dynamic_task_mapping.py took 0.101 seconds
