[2024-05-10T17:15:51.579+0700] {processor.py:161} INFO - Started process (PID=81402) to work on /opt/anaconda3/envs/kafka_project/lib/python3.12/site-packages/airflow/example_dags/example_branch_day_of_week_operator.py
[2024-05-10T17:15:51.580+0700] {processor.py:830} INFO - Processing file /opt/anaconda3/envs/kafka_project/lib/python3.12/site-packages/airflow/example_dags/example_branch_day_of_week_operator.py for tasks to queue
[2024-05-10T17:15:51.580+0700] {logging_mixin.py:188} INFO - [2024-05-10T17:15:51.580+0700] {dagbag.py:545} INFO - Filling up the DagBag from /opt/anaconda3/envs/kafka_project/lib/python3.12/site-packages/airflow/example_dags/example_branch_day_of_week_operator.py
[2024-05-10T17:15:51.587+0700] {processor.py:840} INFO - DAG(s) 'example_weekday_branch_operator' retrieved from /opt/anaconda3/envs/kafka_project/lib/python3.12/site-packages/airflow/example_dags/example_branch_day_of_week_operator.py
[2024-05-10T17:15:51.685+0700] {logging_mixin.py:188} INFO - [2024-05-10T17:15:51.684+0700] {override.py:1829} INFO - Created Permission View: can delete on DAG:example_weekday_branch_operator
[2024-05-10T17:15:51.688+0700] {logging_mixin.py:188} INFO - [2024-05-10T17:15:51.688+0700] {override.py:1829} INFO - Created Permission View: can read on DAG:example_weekday_branch_operator
[2024-05-10T17:15:51.691+0700] {logging_mixin.py:188} INFO - [2024-05-10T17:15:51.691+0700] {override.py:1829} INFO - Created Permission View: can edit on DAG:example_weekday_branch_operator
[2024-05-10T17:15:51.691+0700] {logging_mixin.py:188} INFO - [2024-05-10T17:15:51.691+0700] {dag.py:3096} INFO - Sync 1 DAGs
[2024-05-10T17:15:51.696+0700] {logging_mixin.py:188} INFO - [2024-05-10T17:15:51.696+0700] {dag.py:3118} INFO - Creating ORM DAG for example_weekday_branch_operator
[2024-05-10T17:15:51.700+0700] {logging_mixin.py:188} INFO - [2024-05-10T17:15:51.700+0700] {dag.py:3954} INFO - Setting next_dagrun for example_weekday_branch_operator to 2024-05-09 00:00:00+00:00, run_after=2024-05-10 00:00:00+00:00
[2024-05-10T17:15:51.708+0700] {processor.py:183} INFO - Processing /opt/anaconda3/envs/kafka_project/lib/python3.12/site-packages/airflow/example_dags/example_branch_day_of_week_operator.py took 0.130 seconds
[2024-05-10T17:18:01.077+0700] {processor.py:161} INFO - Started process (PID=82443) to work on /opt/anaconda3/envs/kafka_project/lib/python3.12/site-packages/airflow/example_dags/example_branch_day_of_week_operator.py
[2024-05-10T17:18:01.078+0700] {processor.py:830} INFO - Processing file /opt/anaconda3/envs/kafka_project/lib/python3.12/site-packages/airflow/example_dags/example_branch_day_of_week_operator.py for tasks to queue
[2024-05-10T17:18:01.078+0700] {logging_mixin.py:188} INFO - [2024-05-10T17:18:01.078+0700] {dagbag.py:545} INFO - Filling up the DagBag from /opt/anaconda3/envs/kafka_project/lib/python3.12/site-packages/airflow/example_dags/example_branch_day_of_week_operator.py
[2024-05-10T17:18:01.085+0700] {processor.py:840} INFO - DAG(s) 'example_weekday_branch_operator' retrieved from /opt/anaconda3/envs/kafka_project/lib/python3.12/site-packages/airflow/example_dags/example_branch_day_of_week_operator.py
[2024-05-10T17:18:01.145+0700] {logging_mixin.py:188} INFO - [2024-05-10T17:18:01.145+0700] {dag.py:3096} INFO - Sync 1 DAGs
[2024-05-10T17:18:01.153+0700] {logging_mixin.py:188} INFO - [2024-05-10T17:18:01.153+0700] {dag.py:3954} INFO - Setting next_dagrun for example_weekday_branch_operator to 2024-05-09 00:00:00+00:00, run_after=2024-05-10 00:00:00+00:00
[2024-05-10T17:18:01.162+0700] {processor.py:183} INFO - Processing /opt/anaconda3/envs/kafka_project/lib/python3.12/site-packages/airflow/example_dags/example_branch_day_of_week_operator.py took 0.087 seconds
[2024-05-10T17:20:08.997+0700] {processor.py:161} INFO - Started process (PID=83584) to work on /opt/anaconda3/envs/kafka_project/lib/python3.12/site-packages/airflow/example_dags/example_branch_day_of_week_operator.py
[2024-05-10T17:20:08.998+0700] {processor.py:830} INFO - Processing file /opt/anaconda3/envs/kafka_project/lib/python3.12/site-packages/airflow/example_dags/example_branch_day_of_week_operator.py for tasks to queue
[2024-05-10T17:20:08.999+0700] {logging_mixin.py:188} INFO - [2024-05-10T17:20:08.998+0700] {dagbag.py:545} INFO - Filling up the DagBag from /opt/anaconda3/envs/kafka_project/lib/python3.12/site-packages/airflow/example_dags/example_branch_day_of_week_operator.py
[2024-05-10T17:20:09.005+0700] {processor.py:840} INFO - DAG(s) 'example_weekday_branch_operator' retrieved from /opt/anaconda3/envs/kafka_project/lib/python3.12/site-packages/airflow/example_dags/example_branch_day_of_week_operator.py
[2024-05-10T17:20:09.060+0700] {logging_mixin.py:188} INFO - [2024-05-10T17:20:09.060+0700] {dag.py:3096} INFO - Sync 1 DAGs
[2024-05-10T17:20:09.069+0700] {logging_mixin.py:188} INFO - [2024-05-10T17:20:09.069+0700] {dag.py:3954} INFO - Setting next_dagrun for example_weekday_branch_operator to 2024-05-09 00:00:00+00:00, run_after=2024-05-10 00:00:00+00:00
[2024-05-10T17:20:09.079+0700] {processor.py:183} INFO - Processing /opt/anaconda3/envs/kafka_project/lib/python3.12/site-packages/airflow/example_dags/example_branch_day_of_week_operator.py took 0.083 seconds
[2024-05-10T17:22:21.604+0700] {processor.py:161} INFO - Started process (PID=85051) to work on /opt/anaconda3/envs/kafka_project/lib/python3.12/site-packages/airflow/example_dags/example_branch_day_of_week_operator.py
[2024-05-10T17:22:21.605+0700] {processor.py:830} INFO - Processing file /opt/anaconda3/envs/kafka_project/lib/python3.12/site-packages/airflow/example_dags/example_branch_day_of_week_operator.py for tasks to queue
[2024-05-10T17:22:21.606+0700] {logging_mixin.py:188} INFO - [2024-05-10T17:22:21.606+0700] {dagbag.py:545} INFO - Filling up the DagBag from /opt/anaconda3/envs/kafka_project/lib/python3.12/site-packages/airflow/example_dags/example_branch_day_of_week_operator.py
[2024-05-10T17:22:21.613+0700] {processor.py:840} INFO - DAG(s) 'example_weekday_branch_operator' retrieved from /opt/anaconda3/envs/kafka_project/lib/python3.12/site-packages/airflow/example_dags/example_branch_day_of_week_operator.py
[2024-05-10T17:22:21.672+0700] {logging_mixin.py:188} INFO - [2024-05-10T17:22:21.672+0700] {dag.py:3096} INFO - Sync 1 DAGs
[2024-05-10T17:22:21.680+0700] {logging_mixin.py:188} INFO - [2024-05-10T17:22:21.680+0700] {dag.py:3954} INFO - Setting next_dagrun for example_weekday_branch_operator to 2024-05-09 00:00:00+00:00, run_after=2024-05-10 00:00:00+00:00
[2024-05-10T17:22:21.689+0700] {processor.py:183} INFO - Processing /opt/anaconda3/envs/kafka_project/lib/python3.12/site-packages/airflow/example_dags/example_branch_day_of_week_operator.py took 0.087 seconds
