[2024-05-10T17:14:50.023+0700] {processor.py:161} INFO - Started process (PID=80908) to work on /opt/anaconda3/envs/kafka_project/lib/python3.12/site-packages/airflow/example_dags/example_task_group_decorator.py
[2024-05-10T17:14:50.023+0700] {processor.py:830} INFO - Processing file /opt/anaconda3/envs/kafka_project/lib/python3.12/site-packages/airflow/example_dags/example_task_group_decorator.py for tasks to queue
[2024-05-10T17:14:50.024+0700] {logging_mixin.py:188} INFO - [2024-05-10T17:14:50.024+0700] {dagbag.py:545} INFO - Filling up the DagBag from /opt/anaconda3/envs/kafka_project/lib/python3.12/site-packages/airflow/example_dags/example_task_group_decorator.py
[2024-05-10T17:14:50.050+0700] {processor.py:840} INFO - DAG(s) 'example_task_group_decorator' retrieved from /opt/anaconda3/envs/kafka_project/lib/python3.12/site-packages/airflow/example_dags/example_task_group_decorator.py
[2024-05-10T17:14:50.155+0700] {logging_mixin.py:188} INFO - [2024-05-10T17:14:50.155+0700] {override.py:1829} INFO - Created Permission View: can delete on DAG:example_task_group_decorator
[2024-05-10T17:14:50.159+0700] {logging_mixin.py:188} INFO - [2024-05-10T17:14:50.159+0700] {override.py:1829} INFO - Created Permission View: can read on DAG:example_task_group_decorator
[2024-05-10T17:14:50.162+0700] {logging_mixin.py:188} INFO - [2024-05-10T17:14:50.161+0700] {override.py:1829} INFO - Created Permission View: can edit on DAG:example_task_group_decorator
[2024-05-10T17:14:50.162+0700] {logging_mixin.py:188} INFO - [2024-05-10T17:14:50.162+0700] {dag.py:3096} INFO - Sync 1 DAGs
[2024-05-10T17:14:50.167+0700] {logging_mixin.py:188} INFO - [2024-05-10T17:14:50.166+0700] {dag.py:3118} INFO - Creating ORM DAG for example_task_group_decorator
[2024-05-10T17:14:50.171+0700] {logging_mixin.py:188} INFO - [2024-05-10T17:14:50.171+0700] {dag.py:3954} INFO - Setting next_dagrun for example_task_group_decorator to 2024-05-09 00:00:00+00:00, run_after=2024-05-10 00:00:00+00:00
[2024-05-10T17:14:50.179+0700] {processor.py:183} INFO - Processing /opt/anaconda3/envs/kafka_project/lib/python3.12/site-packages/airflow/example_dags/example_task_group_decorator.py took 0.157 seconds
[2024-05-10T17:16:26.238+0700] {processor.py:161} INFO - Started process (PID=81676) to work on /opt/anaconda3/envs/kafka_project/lib/python3.12/site-packages/airflow/example_dags/example_task_group_decorator.py
[2024-05-10T17:16:26.239+0700] {processor.py:830} INFO - Processing file /opt/anaconda3/envs/kafka_project/lib/python3.12/site-packages/airflow/example_dags/example_task_group_decorator.py for tasks to queue
[2024-05-10T17:16:26.239+0700] {logging_mixin.py:188} INFO - [2024-05-10T17:16:26.239+0700] {dagbag.py:545} INFO - Filling up the DagBag from /opt/anaconda3/envs/kafka_project/lib/python3.12/site-packages/airflow/example_dags/example_task_group_decorator.py
[2024-05-10T17:16:26.264+0700] {processor.py:840} INFO - DAG(s) 'example_task_group_decorator' retrieved from /opt/anaconda3/envs/kafka_project/lib/python3.12/site-packages/airflow/example_dags/example_task_group_decorator.py
[2024-05-10T17:16:26.321+0700] {logging_mixin.py:188} INFO - [2024-05-10T17:16:26.320+0700] {dag.py:3096} INFO - Sync 1 DAGs
[2024-05-10T17:16:26.331+0700] {logging_mixin.py:188} INFO - [2024-05-10T17:16:26.331+0700] {dag.py:3954} INFO - Setting next_dagrun for example_task_group_decorator to 2024-05-09 00:00:00+00:00, run_after=2024-05-10 00:00:00+00:00
[2024-05-10T17:16:26.340+0700] {processor.py:183} INFO - Processing /opt/anaconda3/envs/kafka_project/lib/python3.12/site-packages/airflow/example_dags/example_task_group_decorator.py took 0.104 seconds
[2024-05-10T17:17:31.205+0700] {processor.py:161} INFO - Started process (PID=82185) to work on /opt/anaconda3/envs/kafka_project/lib/python3.12/site-packages/airflow/example_dags/example_task_group_decorator.py
[2024-05-10T17:17:31.206+0700] {processor.py:830} INFO - Processing file /opt/anaconda3/envs/kafka_project/lib/python3.12/site-packages/airflow/example_dags/example_task_group_decorator.py for tasks to queue
[2024-05-10T17:17:31.206+0700] {logging_mixin.py:188} INFO - [2024-05-10T17:17:31.206+0700] {dagbag.py:545} INFO - Filling up the DagBag from /opt/anaconda3/envs/kafka_project/lib/python3.12/site-packages/airflow/example_dags/example_task_group_decorator.py
[2024-05-10T17:17:31.231+0700] {processor.py:840} INFO - DAG(s) 'example_task_group_decorator' retrieved from /opt/anaconda3/envs/kafka_project/lib/python3.12/site-packages/airflow/example_dags/example_task_group_decorator.py
[2024-05-10T17:17:31.290+0700] {logging_mixin.py:188} INFO - [2024-05-10T17:17:31.290+0700] {dag.py:3096} INFO - Sync 1 DAGs
[2024-05-10T17:17:31.299+0700] {logging_mixin.py:188} INFO - [2024-05-10T17:17:31.299+0700] {dag.py:3954} INFO - Setting next_dagrun for example_task_group_decorator to 2024-05-09 00:00:00+00:00, run_after=2024-05-10 00:00:00+00:00
[2024-05-10T17:17:31.308+0700] {processor.py:183} INFO - Processing /opt/anaconda3/envs/kafka_project/lib/python3.12/site-packages/airflow/example_dags/example_task_group_decorator.py took 0.105 seconds
[2024-05-10T17:18:36.205+0700] {processor.py:161} INFO - Started process (PID=82723) to work on /opt/anaconda3/envs/kafka_project/lib/python3.12/site-packages/airflow/example_dags/example_task_group_decorator.py
[2024-05-10T17:18:36.206+0700] {processor.py:830} INFO - Processing file /opt/anaconda3/envs/kafka_project/lib/python3.12/site-packages/airflow/example_dags/example_task_group_decorator.py for tasks to queue
[2024-05-10T17:18:36.207+0700] {logging_mixin.py:188} INFO - [2024-05-10T17:18:36.207+0700] {dagbag.py:545} INFO - Filling up the DagBag from /opt/anaconda3/envs/kafka_project/lib/python3.12/site-packages/airflow/example_dags/example_task_group_decorator.py
[2024-05-10T17:18:36.233+0700] {processor.py:840} INFO - DAG(s) 'example_task_group_decorator' retrieved from /opt/anaconda3/envs/kafka_project/lib/python3.12/site-packages/airflow/example_dags/example_task_group_decorator.py
[2024-05-10T17:18:36.292+0700] {logging_mixin.py:188} INFO - [2024-05-10T17:18:36.292+0700] {dag.py:3096} INFO - Sync 1 DAGs
[2024-05-10T17:18:36.301+0700] {logging_mixin.py:188} INFO - [2024-05-10T17:18:36.301+0700] {dag.py:3954} INFO - Setting next_dagrun for example_task_group_decorator to 2024-05-09 00:00:00+00:00, run_after=2024-05-10 00:00:00+00:00
[2024-05-10T17:18:36.311+0700] {processor.py:183} INFO - Processing /opt/anaconda3/envs/kafka_project/lib/python3.12/site-packages/airflow/example_dags/example_task_group_decorator.py took 0.109 seconds
[2024-05-10T17:19:41.133+0700] {processor.py:161} INFO - Started process (PID=83238) to work on /opt/anaconda3/envs/kafka_project/lib/python3.12/site-packages/airflow/example_dags/example_task_group_decorator.py
[2024-05-10T17:19:41.134+0700] {processor.py:830} INFO - Processing file /opt/anaconda3/envs/kafka_project/lib/python3.12/site-packages/airflow/example_dags/example_task_group_decorator.py for tasks to queue
[2024-05-10T17:19:41.135+0700] {logging_mixin.py:188} INFO - [2024-05-10T17:19:41.134+0700] {dagbag.py:545} INFO - Filling up the DagBag from /opt/anaconda3/envs/kafka_project/lib/python3.12/site-packages/airflow/example_dags/example_task_group_decorator.py
[2024-05-10T17:19:41.158+0700] {processor.py:840} INFO - DAG(s) 'example_task_group_decorator' retrieved from /opt/anaconda3/envs/kafka_project/lib/python3.12/site-packages/airflow/example_dags/example_task_group_decorator.py
[2024-05-10T17:19:41.218+0700] {logging_mixin.py:188} INFO - [2024-05-10T17:19:41.218+0700] {dag.py:3096} INFO - Sync 1 DAGs
[2024-05-10T17:19:41.227+0700] {logging_mixin.py:188} INFO - [2024-05-10T17:19:41.227+0700] {dag.py:3954} INFO - Setting next_dagrun for example_task_group_decorator to 2024-05-09 00:00:00+00:00, run_after=2024-05-10 00:00:00+00:00
[2024-05-10T17:19:41.237+0700] {processor.py:183} INFO - Processing /opt/anaconda3/envs/kafka_project/lib/python3.12/site-packages/airflow/example_dags/example_task_group_decorator.py took 0.105 seconds
[2024-05-10T17:20:44.082+0700] {processor.py:161} INFO - Started process (PID=83909) to work on /opt/anaconda3/envs/kafka_project/lib/python3.12/site-packages/airflow/example_dags/example_task_group_decorator.py
[2024-05-10T17:20:44.083+0700] {processor.py:830} INFO - Processing file /opt/anaconda3/envs/kafka_project/lib/python3.12/site-packages/airflow/example_dags/example_task_group_decorator.py for tasks to queue
[2024-05-10T17:20:44.084+0700] {logging_mixin.py:188} INFO - [2024-05-10T17:20:44.084+0700] {dagbag.py:545} INFO - Filling up the DagBag from /opt/anaconda3/envs/kafka_project/lib/python3.12/site-packages/airflow/example_dags/example_task_group_decorator.py
[2024-05-10T17:20:44.108+0700] {processor.py:840} INFO - DAG(s) 'example_task_group_decorator' retrieved from /opt/anaconda3/envs/kafka_project/lib/python3.12/site-packages/airflow/example_dags/example_task_group_decorator.py
[2024-05-10T17:20:44.168+0700] {logging_mixin.py:188} INFO - [2024-05-10T17:20:44.167+0700] {dag.py:3096} INFO - Sync 1 DAGs
[2024-05-10T17:20:44.178+0700] {logging_mixin.py:188} INFO - [2024-05-10T17:20:44.178+0700] {dag.py:3954} INFO - Setting next_dagrun for example_task_group_decorator to 2024-05-09 00:00:00+00:00, run_after=2024-05-10 00:00:00+00:00
[2024-05-10T17:20:44.187+0700] {processor.py:183} INFO - Processing /opt/anaconda3/envs/kafka_project/lib/python3.12/site-packages/airflow/example_dags/example_task_group_decorator.py took 0.106 seconds
[2024-05-10T17:21:50.365+0700] {processor.py:161} INFO - Started process (PID=84697) to work on /opt/anaconda3/envs/kafka_project/lib/python3.12/site-packages/airflow/example_dags/example_task_group_decorator.py
[2024-05-10T17:21:50.367+0700] {processor.py:830} INFO - Processing file /opt/anaconda3/envs/kafka_project/lib/python3.12/site-packages/airflow/example_dags/example_task_group_decorator.py for tasks to queue
[2024-05-10T17:21:50.368+0700] {logging_mixin.py:188} INFO - [2024-05-10T17:21:50.367+0700] {dagbag.py:545} INFO - Filling up the DagBag from /opt/anaconda3/envs/kafka_project/lib/python3.12/site-packages/airflow/example_dags/example_task_group_decorator.py
[2024-05-10T17:21:50.393+0700] {processor.py:840} INFO - DAG(s) 'example_task_group_decorator' retrieved from /opt/anaconda3/envs/kafka_project/lib/python3.12/site-packages/airflow/example_dags/example_task_group_decorator.py
[2024-05-10T17:21:50.455+0700] {logging_mixin.py:188} INFO - [2024-05-10T17:21:50.455+0700] {dag.py:3096} INFO - Sync 1 DAGs
[2024-05-10T17:21:50.465+0700] {logging_mixin.py:188} INFO - [2024-05-10T17:21:50.464+0700] {dag.py:3954} INFO - Setting next_dagrun for example_task_group_decorator to 2024-05-09 00:00:00+00:00, run_after=2024-05-10 00:00:00+00:00
[2024-05-10T17:21:50.474+0700] {processor.py:183} INFO - Processing /opt/anaconda3/envs/kafka_project/lib/python3.12/site-packages/airflow/example_dags/example_task_group_decorator.py took 0.111 seconds
[2024-05-10T17:29:10.587+0700] {processor.py:161} INFO - Started process (PID=89239) to work on /opt/anaconda3/envs/kafka_project/lib/python3.12/site-packages/airflow/example_dags/example_task_group_decorator.py
[2024-05-10T17:29:10.588+0700] {processor.py:830} INFO - Processing file /opt/anaconda3/envs/kafka_project/lib/python3.12/site-packages/airflow/example_dags/example_task_group_decorator.py for tasks to queue
[2024-05-10T17:29:10.589+0700] {logging_mixin.py:188} INFO - [2024-05-10T17:29:10.589+0700] {dagbag.py:545} INFO - Filling up the DagBag from /opt/anaconda3/envs/kafka_project/lib/python3.12/site-packages/airflow/example_dags/example_task_group_decorator.py
[2024-05-10T17:29:10.614+0700] {processor.py:840} INFO - DAG(s) 'example_task_group_decorator' retrieved from /opt/anaconda3/envs/kafka_project/lib/python3.12/site-packages/airflow/example_dags/example_task_group_decorator.py
[2024-05-10T17:29:10.675+0700] {logging_mixin.py:188} INFO - [2024-05-10T17:29:10.675+0700] {dag.py:3096} INFO - Sync 1 DAGs
[2024-05-10T17:29:10.684+0700] {logging_mixin.py:188} INFO - [2024-05-10T17:29:10.684+0700] {dag.py:3954} INFO - Setting next_dagrun for example_task_group_decorator to 2024-05-09 00:00:00+00:00, run_after=2024-05-10 00:00:00+00:00
[2024-05-10T17:29:10.693+0700] {processor.py:183} INFO - Processing /opt/anaconda3/envs/kafka_project/lib/python3.12/site-packages/airflow/example_dags/example_task_group_decorator.py took 0.108 seconds
