[2024-05-10T17:15:01.024+0700] {processor.py:161} INFO - Started process (PID=80995) to work on /opt/anaconda3/envs/kafka_project/lib/python3.12/site-packages/airflow/example_dags/example_short_circuit_decorator.py
[2024-05-10T17:15:01.025+0700] {processor.py:830} INFO - Processing file /opt/anaconda3/envs/kafka_project/lib/python3.12/site-packages/airflow/example_dags/example_short_circuit_decorator.py for tasks to queue
[2024-05-10T17:15:01.025+0700] {logging_mixin.py:188} INFO - [2024-05-10T17:15:01.025+0700] {dagbag.py:545} INFO - Filling up the DagBag from /opt/anaconda3/envs/kafka_project/lib/python3.12/site-packages/airflow/example_dags/example_short_circuit_decorator.py
[2024-05-10T17:15:01.048+0700] {processor.py:840} INFO - DAG(s) 'example_short_circuit_decorator' retrieved from /opt/anaconda3/envs/kafka_project/lib/python3.12/site-packages/airflow/example_dags/example_short_circuit_decorator.py
[2024-05-10T17:15:01.165+0700] {logging_mixin.py:188} INFO - [2024-05-10T17:15:01.165+0700] {override.py:1829} INFO - Created Permission View: can read on DAG:example_short_circuit_decorator
[2024-05-10T17:15:01.169+0700] {logging_mixin.py:188} INFO - [2024-05-10T17:15:01.169+0700] {override.py:1829} INFO - Created Permission View: can edit on DAG:example_short_circuit_decorator
[2024-05-10T17:15:01.172+0700] {logging_mixin.py:188} INFO - [2024-05-10T17:15:01.172+0700] {override.py:1829} INFO - Created Permission View: can delete on DAG:example_short_circuit_decorator
[2024-05-10T17:15:01.172+0700] {logging_mixin.py:188} INFO - [2024-05-10T17:15:01.172+0700] {dag.py:3096} INFO - Sync 1 DAGs
[2024-05-10T17:15:01.182+0700] {logging_mixin.py:188} INFO - [2024-05-10T17:15:01.182+0700] {dag.py:3118} INFO - Creating ORM DAG for example_short_circuit_decorator
[2024-05-10T17:15:01.186+0700] {logging_mixin.py:188} INFO - [2024-05-10T17:15:01.186+0700] {dag.py:3954} INFO - Setting next_dagrun for example_short_circuit_decorator to 2024-05-09 00:00:00+00:00, run_after=2024-05-10 00:00:00+00:00
[2024-05-10T17:15:01.195+0700] {processor.py:183} INFO - Processing /opt/anaconda3/envs/kafka_project/lib/python3.12/site-packages/airflow/example_dags/example_short_circuit_decorator.py took 0.172 seconds
[2024-05-10T17:16:37.182+0700] {processor.py:161} INFO - Started process (PID=81764) to work on /opt/anaconda3/envs/kafka_project/lib/python3.12/site-packages/airflow/example_dags/example_short_circuit_decorator.py
[2024-05-10T17:16:37.183+0700] {processor.py:830} INFO - Processing file /opt/anaconda3/envs/kafka_project/lib/python3.12/site-packages/airflow/example_dags/example_short_circuit_decorator.py for tasks to queue
[2024-05-10T17:16:37.183+0700] {logging_mixin.py:188} INFO - [2024-05-10T17:16:37.183+0700] {dagbag.py:545} INFO - Filling up the DagBag from /opt/anaconda3/envs/kafka_project/lib/python3.12/site-packages/airflow/example_dags/example_short_circuit_decorator.py
[2024-05-10T17:16:37.205+0700] {processor.py:840} INFO - DAG(s) 'example_short_circuit_decorator' retrieved from /opt/anaconda3/envs/kafka_project/lib/python3.12/site-packages/airflow/example_dags/example_short_circuit_decorator.py
[2024-05-10T17:16:37.261+0700] {logging_mixin.py:188} INFO - [2024-05-10T17:16:37.261+0700] {dag.py:3096} INFO - Sync 1 DAGs
[2024-05-10T17:16:37.271+0700] {logging_mixin.py:188} INFO - [2024-05-10T17:16:37.271+0700] {dag.py:3954} INFO - Setting next_dagrun for example_short_circuit_decorator to 2024-05-09 00:00:00+00:00, run_after=2024-05-10 00:00:00+00:00
[2024-05-10T17:16:37.280+0700] {processor.py:183} INFO - Processing /opt/anaconda3/envs/kafka_project/lib/python3.12/site-packages/airflow/example_dags/example_short_circuit_decorator.py took 0.100 seconds
[2024-05-10T17:18:47.224+0700] {processor.py:161} INFO - Started process (PID=82804) to work on /opt/anaconda3/envs/kafka_project/lib/python3.12/site-packages/airflow/example_dags/example_short_circuit_decorator.py
[2024-05-10T17:18:47.225+0700] {processor.py:830} INFO - Processing file /opt/anaconda3/envs/kafka_project/lib/python3.12/site-packages/airflow/example_dags/example_short_circuit_decorator.py for tasks to queue
[2024-05-10T17:18:47.226+0700] {logging_mixin.py:188} INFO - [2024-05-10T17:18:47.226+0700] {dagbag.py:545} INFO - Filling up the DagBag from /opt/anaconda3/envs/kafka_project/lib/python3.12/site-packages/airflow/example_dags/example_short_circuit_decorator.py
[2024-05-10T17:18:47.249+0700] {processor.py:840} INFO - DAG(s) 'example_short_circuit_decorator' retrieved from /opt/anaconda3/envs/kafka_project/lib/python3.12/site-packages/airflow/example_dags/example_short_circuit_decorator.py
[2024-05-10T17:18:47.304+0700] {logging_mixin.py:188} INFO - [2024-05-10T17:18:47.304+0700] {dag.py:3096} INFO - Sync 1 DAGs
[2024-05-10T17:18:47.313+0700] {logging_mixin.py:188} INFO - [2024-05-10T17:18:47.313+0700] {dag.py:3954} INFO - Setting next_dagrun for example_short_circuit_decorator to 2024-05-09 00:00:00+00:00, run_after=2024-05-10 00:00:00+00:00
[2024-05-10T17:18:47.322+0700] {processor.py:183} INFO - Processing /opt/anaconda3/envs/kafka_project/lib/python3.12/site-packages/airflow/example_dags/example_short_circuit_decorator.py took 0.099 seconds
[2024-05-10T17:20:55.126+0700] {processor.py:161} INFO - Started process (PID=84001) to work on /opt/anaconda3/envs/kafka_project/lib/python3.12/site-packages/airflow/example_dags/example_short_circuit_decorator.py
[2024-05-10T17:20:55.126+0700] {processor.py:830} INFO - Processing file /opt/anaconda3/envs/kafka_project/lib/python3.12/site-packages/airflow/example_dags/example_short_circuit_decorator.py for tasks to queue
[2024-05-10T17:20:55.127+0700] {logging_mixin.py:188} INFO - [2024-05-10T17:20:55.127+0700] {dagbag.py:545} INFO - Filling up the DagBag from /opt/anaconda3/envs/kafka_project/lib/python3.12/site-packages/airflow/example_dags/example_short_circuit_decorator.py
[2024-05-10T17:20:55.150+0700] {processor.py:840} INFO - DAG(s) 'example_short_circuit_decorator' retrieved from /opt/anaconda3/envs/kafka_project/lib/python3.12/site-packages/airflow/example_dags/example_short_circuit_decorator.py
[2024-05-10T17:20:55.207+0700] {logging_mixin.py:188} INFO - [2024-05-10T17:20:55.206+0700] {dag.py:3096} INFO - Sync 1 DAGs
[2024-05-10T17:20:55.216+0700] {logging_mixin.py:188} INFO - [2024-05-10T17:20:55.216+0700] {dag.py:3954} INFO - Setting next_dagrun for example_short_circuit_decorator to 2024-05-09 00:00:00+00:00, run_after=2024-05-10 00:00:00+00:00
[2024-05-10T17:20:55.225+0700] {processor.py:183} INFO - Processing /opt/anaconda3/envs/kafka_project/lib/python3.12/site-packages/airflow/example_dags/example_short_circuit_decorator.py took 0.101 seconds
[2024-05-10T17:29:21.473+0700] {processor.py:161} INFO - Started process (PID=89327) to work on /opt/anaconda3/envs/kafka_project/lib/python3.12/site-packages/airflow/example_dags/example_short_circuit_decorator.py
[2024-05-10T17:29:21.474+0700] {processor.py:830} INFO - Processing file /opt/anaconda3/envs/kafka_project/lib/python3.12/site-packages/airflow/example_dags/example_short_circuit_decorator.py for tasks to queue
[2024-05-10T17:29:21.475+0700] {logging_mixin.py:188} INFO - [2024-05-10T17:29:21.474+0700] {dagbag.py:545} INFO - Filling up the DagBag from /opt/anaconda3/envs/kafka_project/lib/python3.12/site-packages/airflow/example_dags/example_short_circuit_decorator.py
[2024-05-10T17:29:21.498+0700] {processor.py:840} INFO - DAG(s) 'example_short_circuit_decorator' retrieved from /opt/anaconda3/envs/kafka_project/lib/python3.12/site-packages/airflow/example_dags/example_short_circuit_decorator.py
[2024-05-10T17:29:21.554+0700] {logging_mixin.py:188} INFO - [2024-05-10T17:29:21.554+0700] {dag.py:3096} INFO - Sync 1 DAGs
[2024-05-10T17:29:21.564+0700] {logging_mixin.py:188} INFO - [2024-05-10T17:29:21.564+0700] {dag.py:3954} INFO - Setting next_dagrun for example_short_circuit_decorator to 2024-05-09 00:00:00+00:00, run_after=2024-05-10 00:00:00+00:00
[2024-05-10T17:29:21.573+0700] {processor.py:183} INFO - Processing /opt/anaconda3/envs/kafka_project/lib/python3.12/site-packages/airflow/example_dags/example_short_circuit_decorator.py took 0.102 seconds
