[2024-05-10T17:14:47.970+0700] {processor.py:161} INFO - Started process (PID=80870) to work on /opt/anaconda3/envs/kafka_project/lib/python3.12/site-packages/airflow/example_dags/example_time_delta_sensor_async.py
[2024-05-10T17:14:47.970+0700] {processor.py:830} INFO - Processing file /opt/anaconda3/envs/kafka_project/lib/python3.12/site-packages/airflow/example_dags/example_time_delta_sensor_async.py for tasks to queue
[2024-05-10T17:14:47.970+0700] {logging_mixin.py:188} INFO - [2024-05-10T17:14:47.970+0700] {dagbag.py:545} INFO - Filling up the DagBag from /opt/anaconda3/envs/kafka_project/lib/python3.12/site-packages/airflow/example_dags/example_time_delta_sensor_async.py
[2024-05-10T17:14:47.975+0700] {processor.py:840} INFO - DAG(s) 'example_time_delta_sensor_async' retrieved from /opt/anaconda3/envs/kafka_project/lib/python3.12/site-packages/airflow/example_dags/example_time_delta_sensor_async.py
[2024-05-10T17:14:48.089+0700] {logging_mixin.py:188} INFO - [2024-05-10T17:14:48.089+0700] {override.py:1829} INFO - Created Permission View: can edit on DAG:example_time_delta_sensor_async
[2024-05-10T17:14:48.094+0700] {logging_mixin.py:188} INFO - [2024-05-10T17:14:48.094+0700] {override.py:1829} INFO - Created Permission View: can read on DAG:example_time_delta_sensor_async
[2024-05-10T17:14:48.097+0700] {logging_mixin.py:188} INFO - [2024-05-10T17:14:48.097+0700] {override.py:1829} INFO - Created Permission View: can delete on DAG:example_time_delta_sensor_async
[2024-05-10T17:14:48.097+0700] {logging_mixin.py:188} INFO - [2024-05-10T17:14:48.097+0700] {dag.py:3096} INFO - Sync 1 DAGs
[2024-05-10T17:14:48.102+0700] {logging_mixin.py:188} INFO - [2024-05-10T17:14:48.102+0700] {dag.py:3118} INFO - Creating ORM DAG for example_time_delta_sensor_async
[2024-05-10T17:14:48.102+0700] {logging_mixin.py:188} INFO - [2024-05-10T17:14:48.102+0700] {dag.py:3954} INFO - Setting next_dagrun for example_time_delta_sensor_async to None, run_after=None
[2024-05-10T17:14:48.111+0700] {processor.py:183} INFO - Processing /opt/anaconda3/envs/kafka_project/lib/python3.12/site-packages/airflow/example_dags/example_time_delta_sensor_async.py took 0.143 seconds
[2024-05-10T17:16:24.309+0700] {processor.py:161} INFO - Started process (PID=81659) to work on /opt/anaconda3/envs/kafka_project/lib/python3.12/site-packages/airflow/example_dags/example_time_delta_sensor_async.py
[2024-05-10T17:16:24.310+0700] {processor.py:830} INFO - Processing file /opt/anaconda3/envs/kafka_project/lib/python3.12/site-packages/airflow/example_dags/example_time_delta_sensor_async.py for tasks to queue
[2024-05-10T17:16:24.310+0700] {logging_mixin.py:188} INFO - [2024-05-10T17:16:24.310+0700] {dagbag.py:545} INFO - Filling up the DagBag from /opt/anaconda3/envs/kafka_project/lib/python3.12/site-packages/airflow/example_dags/example_time_delta_sensor_async.py
[2024-05-10T17:16:24.316+0700] {processor.py:840} INFO - DAG(s) 'example_time_delta_sensor_async' retrieved from /opt/anaconda3/envs/kafka_project/lib/python3.12/site-packages/airflow/example_dags/example_time_delta_sensor_async.py
[2024-05-10T17:16:24.376+0700] {logging_mixin.py:188} INFO - [2024-05-10T17:16:24.376+0700] {dag.py:3096} INFO - Sync 1 DAGs
[2024-05-10T17:16:24.380+0700] {logging_mixin.py:188} INFO - [2024-05-10T17:16:24.380+0700] {dag.py:3954} INFO - Setting next_dagrun for example_time_delta_sensor_async to None, run_after=None
[2024-05-10T17:16:24.389+0700] {processor.py:183} INFO - Processing /opt/anaconda3/envs/kafka_project/lib/python3.12/site-packages/airflow/example_dags/example_time_delta_sensor_async.py took 0.082 seconds
[2024-05-10T17:17:29.243+0700] {processor.py:161} INFO - Started process (PID=82170) to work on /opt/anaconda3/envs/kafka_project/lib/python3.12/site-packages/airflow/example_dags/example_time_delta_sensor_async.py
[2024-05-10T17:17:29.244+0700] {processor.py:830} INFO - Processing file /opt/anaconda3/envs/kafka_project/lib/python3.12/site-packages/airflow/example_dags/example_time_delta_sensor_async.py for tasks to queue
[2024-05-10T17:17:29.244+0700] {logging_mixin.py:188} INFO - [2024-05-10T17:17:29.244+0700] {dagbag.py:545} INFO - Filling up the DagBag from /opt/anaconda3/envs/kafka_project/lib/python3.12/site-packages/airflow/example_dags/example_time_delta_sensor_async.py
[2024-05-10T17:17:29.250+0700] {processor.py:840} INFO - DAG(s) 'example_time_delta_sensor_async' retrieved from /opt/anaconda3/envs/kafka_project/lib/python3.12/site-packages/airflow/example_dags/example_time_delta_sensor_async.py
[2024-05-10T17:17:29.315+0700] {logging_mixin.py:188} INFO - [2024-05-10T17:17:29.315+0700] {dag.py:3096} INFO - Sync 1 DAGs
[2024-05-10T17:17:29.320+0700] {logging_mixin.py:188} INFO - [2024-05-10T17:17:29.320+0700] {dag.py:3954} INFO - Setting next_dagrun for example_time_delta_sensor_async to None, run_after=None
[2024-05-10T17:17:29.329+0700] {processor.py:183} INFO - Processing /opt/anaconda3/envs/kafka_project/lib/python3.12/site-packages/airflow/example_dags/example_time_delta_sensor_async.py took 0.088 seconds
[2024-05-10T17:18:34.251+0700] {processor.py:161} INFO - Started process (PID=82706) to work on /opt/anaconda3/envs/kafka_project/lib/python3.12/site-packages/airflow/example_dags/example_time_delta_sensor_async.py
[2024-05-10T17:18:34.253+0700] {processor.py:830} INFO - Processing file /opt/anaconda3/envs/kafka_project/lib/python3.12/site-packages/airflow/example_dags/example_time_delta_sensor_async.py for tasks to queue
[2024-05-10T17:18:34.253+0700] {logging_mixin.py:188} INFO - [2024-05-10T17:18:34.253+0700] {dagbag.py:545} INFO - Filling up the DagBag from /opt/anaconda3/envs/kafka_project/lib/python3.12/site-packages/airflow/example_dags/example_time_delta_sensor_async.py
[2024-05-10T17:18:34.259+0700] {processor.py:840} INFO - DAG(s) 'example_time_delta_sensor_async' retrieved from /opt/anaconda3/envs/kafka_project/lib/python3.12/site-packages/airflow/example_dags/example_time_delta_sensor_async.py
[2024-05-10T17:18:34.322+0700] {logging_mixin.py:188} INFO - [2024-05-10T17:18:34.322+0700] {dag.py:3096} INFO - Sync 1 DAGs
[2024-05-10T17:18:34.327+0700] {logging_mixin.py:188} INFO - [2024-05-10T17:18:34.327+0700] {dag.py:3954} INFO - Setting next_dagrun for example_time_delta_sensor_async to None, run_after=None
[2024-05-10T17:18:34.337+0700] {processor.py:183} INFO - Processing /opt/anaconda3/envs/kafka_project/lib/python3.12/site-packages/airflow/example_dags/example_time_delta_sensor_async.py took 0.087 seconds
[2024-05-10T17:19:39.163+0700] {processor.py:161} INFO - Started process (PID=83223) to work on /opt/anaconda3/envs/kafka_project/lib/python3.12/site-packages/airflow/example_dags/example_time_delta_sensor_async.py
[2024-05-10T17:19:39.165+0700] {processor.py:830} INFO - Processing file /opt/anaconda3/envs/kafka_project/lib/python3.12/site-packages/airflow/example_dags/example_time_delta_sensor_async.py for tasks to queue
[2024-05-10T17:19:39.165+0700] {logging_mixin.py:188} INFO - [2024-05-10T17:19:39.165+0700] {dagbag.py:545} INFO - Filling up the DagBag from /opt/anaconda3/envs/kafka_project/lib/python3.12/site-packages/airflow/example_dags/example_time_delta_sensor_async.py
[2024-05-10T17:19:39.172+0700] {processor.py:840} INFO - DAG(s) 'example_time_delta_sensor_async' retrieved from /opt/anaconda3/envs/kafka_project/lib/python3.12/site-packages/airflow/example_dags/example_time_delta_sensor_async.py
[2024-05-10T17:19:39.233+0700] {logging_mixin.py:188} INFO - [2024-05-10T17:19:39.233+0700] {dag.py:3096} INFO - Sync 1 DAGs
[2024-05-10T17:19:39.238+0700] {logging_mixin.py:188} INFO - [2024-05-10T17:19:39.238+0700] {dag.py:3954} INFO - Setting next_dagrun for example_time_delta_sensor_async to None, run_after=None
[2024-05-10T17:19:39.248+0700] {processor.py:183} INFO - Processing /opt/anaconda3/envs/kafka_project/lib/python3.12/site-packages/airflow/example_dags/example_time_delta_sensor_async.py took 0.087 seconds
[2024-05-10T17:20:42.112+0700] {processor.py:161} INFO - Started process (PID=83892) to work on /opt/anaconda3/envs/kafka_project/lib/python3.12/site-packages/airflow/example_dags/example_time_delta_sensor_async.py
[2024-05-10T17:20:42.113+0700] {processor.py:830} INFO - Processing file /opt/anaconda3/envs/kafka_project/lib/python3.12/site-packages/airflow/example_dags/example_time_delta_sensor_async.py for tasks to queue
[2024-05-10T17:20:42.114+0700] {logging_mixin.py:188} INFO - [2024-05-10T17:20:42.113+0700] {dagbag.py:545} INFO - Filling up the DagBag from /opt/anaconda3/envs/kafka_project/lib/python3.12/site-packages/airflow/example_dags/example_time_delta_sensor_async.py
[2024-05-10T17:20:42.119+0700] {processor.py:840} INFO - DAG(s) 'example_time_delta_sensor_async' retrieved from /opt/anaconda3/envs/kafka_project/lib/python3.12/site-packages/airflow/example_dags/example_time_delta_sensor_async.py
[2024-05-10T17:20:42.181+0700] {logging_mixin.py:188} INFO - [2024-05-10T17:20:42.181+0700] {dag.py:3096} INFO - Sync 1 DAGs
[2024-05-10T17:20:42.186+0700] {logging_mixin.py:188} INFO - [2024-05-10T17:20:42.186+0700] {dag.py:3954} INFO - Setting next_dagrun for example_time_delta_sensor_async to None, run_after=None
[2024-05-10T17:20:42.195+0700] {processor.py:183} INFO - Processing /opt/anaconda3/envs/kafka_project/lib/python3.12/site-packages/airflow/example_dags/example_time_delta_sensor_async.py took 0.084 seconds
[2024-05-10T17:21:48.412+0700] {processor.py:161} INFO - Started process (PID=84680) to work on /opt/anaconda3/envs/kafka_project/lib/python3.12/site-packages/airflow/example_dags/example_time_delta_sensor_async.py
[2024-05-10T17:21:48.413+0700] {processor.py:830} INFO - Processing file /opt/anaconda3/envs/kafka_project/lib/python3.12/site-packages/airflow/example_dags/example_time_delta_sensor_async.py for tasks to queue
[2024-05-10T17:21:48.414+0700] {logging_mixin.py:188} INFO - [2024-05-10T17:21:48.414+0700] {dagbag.py:545} INFO - Filling up the DagBag from /opt/anaconda3/envs/kafka_project/lib/python3.12/site-packages/airflow/example_dags/example_time_delta_sensor_async.py
[2024-05-10T17:21:48.420+0700] {processor.py:840} INFO - DAG(s) 'example_time_delta_sensor_async' retrieved from /opt/anaconda3/envs/kafka_project/lib/python3.12/site-packages/airflow/example_dags/example_time_delta_sensor_async.py
[2024-05-10T17:21:48.481+0700] {logging_mixin.py:188} INFO - [2024-05-10T17:21:48.481+0700] {dag.py:3096} INFO - Sync 1 DAGs
[2024-05-10T17:21:48.485+0700] {logging_mixin.py:188} INFO - [2024-05-10T17:21:48.485+0700] {dag.py:3954} INFO - Setting next_dagrun for example_time_delta_sensor_async to None, run_after=None
[2024-05-10T17:21:48.494+0700] {processor.py:183} INFO - Processing /opt/anaconda3/envs/kafka_project/lib/python3.12/site-packages/airflow/example_dags/example_time_delta_sensor_async.py took 0.084 seconds
[2024-05-10T17:22:56.688+0700] {processor.py:161} INFO - Started process (PID=85347) to work on /opt/anaconda3/envs/kafka_project/lib/python3.12/site-packages/airflow/example_dags/example_time_delta_sensor_async.py
[2024-05-10T17:22:56.689+0700] {processor.py:830} INFO - Processing file /opt/anaconda3/envs/kafka_project/lib/python3.12/site-packages/airflow/example_dags/example_time_delta_sensor_async.py for tasks to queue
[2024-05-10T17:22:56.690+0700] {logging_mixin.py:188} INFO - [2024-05-10T17:22:56.690+0700] {dagbag.py:545} INFO - Filling up the DagBag from /opt/anaconda3/envs/kafka_project/lib/python3.12/site-packages/airflow/example_dags/example_time_delta_sensor_async.py
[2024-05-10T17:22:56.696+0700] {processor.py:840} INFO - DAG(s) 'example_time_delta_sensor_async' retrieved from /opt/anaconda3/envs/kafka_project/lib/python3.12/site-packages/airflow/example_dags/example_time_delta_sensor_async.py
[2024-05-10T17:22:56.758+0700] {logging_mixin.py:188} INFO - [2024-05-10T17:22:56.757+0700] {dag.py:3096} INFO - Sync 1 DAGs
[2024-05-10T17:22:56.762+0700] {logging_mixin.py:188} INFO - [2024-05-10T17:22:56.762+0700] {dag.py:3954} INFO - Setting next_dagrun for example_time_delta_sensor_async to None, run_after=None
[2024-05-10T17:22:56.772+0700] {processor.py:183} INFO - Processing /opt/anaconda3/envs/kafka_project/lib/python3.12/site-packages/airflow/example_dags/example_time_delta_sensor_async.py took 0.085 seconds
[2024-05-10T17:29:08.616+0700] {processor.py:161} INFO - Started process (PID=89224) to work on /opt/anaconda3/envs/kafka_project/lib/python3.12/site-packages/airflow/example_dags/example_time_delta_sensor_async.py
[2024-05-10T17:29:08.618+0700] {processor.py:830} INFO - Processing file /opt/anaconda3/envs/kafka_project/lib/python3.12/site-packages/airflow/example_dags/example_time_delta_sensor_async.py for tasks to queue
[2024-05-10T17:29:08.618+0700] {logging_mixin.py:188} INFO - [2024-05-10T17:29:08.618+0700] {dagbag.py:545} INFO - Filling up the DagBag from /opt/anaconda3/envs/kafka_project/lib/python3.12/site-packages/airflow/example_dags/example_time_delta_sensor_async.py
[2024-05-10T17:29:08.624+0700] {processor.py:840} INFO - DAG(s) 'example_time_delta_sensor_async' retrieved from /opt/anaconda3/envs/kafka_project/lib/python3.12/site-packages/airflow/example_dags/example_time_delta_sensor_async.py
[2024-05-10T17:29:08.686+0700] {logging_mixin.py:188} INFO - [2024-05-10T17:29:08.685+0700] {dag.py:3096} INFO - Sync 1 DAGs
[2024-05-10T17:29:08.690+0700] {logging_mixin.py:188} INFO - [2024-05-10T17:29:08.690+0700] {dag.py:3954} INFO - Setting next_dagrun for example_time_delta_sensor_async to None, run_after=None
[2024-05-10T17:29:08.699+0700] {processor.py:183} INFO - Processing /opt/anaconda3/envs/kafka_project/lib/python3.12/site-packages/airflow/example_dags/example_time_delta_sensor_async.py took 0.085 seconds
