[2024-05-10T17:15:30.296+0700] {processor.py:161} INFO - Started process (PID=81233) to work on /opt/anaconda3/envs/kafka_project/lib/python3.12/site-packages/airflow/example_dags/example_external_task_marker_dag.py
[2024-05-10T17:15:30.297+0700] {processor.py:830} INFO - Processing file /opt/anaconda3/envs/kafka_project/lib/python3.12/site-packages/airflow/example_dags/example_external_task_marker_dag.py for tasks to queue
[2024-05-10T17:15:30.297+0700] {logging_mixin.py:188} INFO - [2024-05-10T17:15:30.297+0700] {dagbag.py:545} INFO - Filling up the DagBag from /opt/anaconda3/envs/kafka_project/lib/python3.12/site-packages/airflow/example_dags/example_external_task_marker_dag.py
[2024-05-10T17:15:30.306+0700] {processor.py:840} INFO - DAG(s) 'example_external_task_marker_child', 'example_external_task_marker_parent' retrieved from /opt/anaconda3/envs/kafka_project/lib/python3.12/site-packages/airflow/example_dags/example_external_task_marker_dag.py
[2024-05-10T17:15:30.413+0700] {logging_mixin.py:188} INFO - [2024-05-10T17:15:30.412+0700] {override.py:1829} INFO - Created Permission View: can edit on DAG:example_external_task_marker_child
[2024-05-10T17:15:30.417+0700] {logging_mixin.py:188} INFO - [2024-05-10T17:15:30.416+0700] {override.py:1829} INFO - Created Permission View: can delete on DAG:example_external_task_marker_child
[2024-05-10T17:15:30.419+0700] {logging_mixin.py:188} INFO - [2024-05-10T17:15:30.419+0700] {override.py:1829} INFO - Created Permission View: can read on DAG:example_external_task_marker_child
[2024-05-10T17:15:30.425+0700] {logging_mixin.py:188} INFO - [2024-05-10T17:15:30.425+0700] {override.py:1829} INFO - Created Permission View: can edit on DAG:example_external_task_marker_parent
[2024-05-10T17:15:30.428+0700] {logging_mixin.py:188} INFO - [2024-05-10T17:15:30.428+0700] {override.py:1829} INFO - Created Permission View: can delete on DAG:example_external_task_marker_parent
[2024-05-10T17:15:30.430+0700] {logging_mixin.py:188} INFO - [2024-05-10T17:15:30.430+0700] {override.py:1829} INFO - Created Permission View: can read on DAG:example_external_task_marker_parent
[2024-05-10T17:15:30.431+0700] {logging_mixin.py:188} INFO - [2024-05-10T17:15:30.430+0700] {dag.py:3096} INFO - Sync 2 DAGs
[2024-05-10T17:15:30.436+0700] {logging_mixin.py:188} INFO - [2024-05-10T17:15:30.435+0700] {dag.py:3118} INFO - Creating ORM DAG for example_external_task_marker_child
[2024-05-10T17:15:30.436+0700] {logging_mixin.py:188} INFO - [2024-05-10T17:15:30.436+0700] {dag.py:3118} INFO - Creating ORM DAG for example_external_task_marker_parent
[2024-05-10T17:15:30.436+0700] {logging_mixin.py:188} INFO - [2024-05-10T17:15:30.436+0700] {dag.py:3954} INFO - Setting next_dagrun for example_external_task_marker_child to None, run_after=None
[2024-05-10T17:15:30.436+0700] {logging_mixin.py:188} INFO - [2024-05-10T17:15:30.436+0700] {dag.py:3954} INFO - Setting next_dagrun for example_external_task_marker_parent to None, run_after=None
[2024-05-10T17:15:30.445+0700] {processor.py:183} INFO - Processing /opt/anaconda3/envs/kafka_project/lib/python3.12/site-packages/airflow/example_dags/example_external_task_marker_dag.py took 0.150 seconds
[2024-05-10T17:17:40.213+0700] {processor.py:161} INFO - Started process (PID=82262) to work on /opt/anaconda3/envs/kafka_project/lib/python3.12/site-packages/airflow/example_dags/example_external_task_marker_dag.py
[2024-05-10T17:17:40.214+0700] {processor.py:830} INFO - Processing file /opt/anaconda3/envs/kafka_project/lib/python3.12/site-packages/airflow/example_dags/example_external_task_marker_dag.py for tasks to queue
[2024-05-10T17:17:40.214+0700] {logging_mixin.py:188} INFO - [2024-05-10T17:17:40.214+0700] {dagbag.py:545} INFO - Filling up the DagBag from /opt/anaconda3/envs/kafka_project/lib/python3.12/site-packages/airflow/example_dags/example_external_task_marker_dag.py
[2024-05-10T17:17:40.222+0700] {processor.py:840} INFO - DAG(s) 'example_external_task_marker_parent', 'example_external_task_marker_child' retrieved from /opt/anaconda3/envs/kafka_project/lib/python3.12/site-packages/airflow/example_dags/example_external_task_marker_dag.py
[2024-05-10T17:17:40.282+0700] {logging_mixin.py:188} INFO - [2024-05-10T17:17:40.282+0700] {dag.py:3096} INFO - Sync 2 DAGs
[2024-05-10T17:17:40.287+0700] {logging_mixin.py:188} INFO - [2024-05-10T17:17:40.287+0700] {dag.py:3954} INFO - Setting next_dagrun for example_external_task_marker_child to None, run_after=None
[2024-05-10T17:17:40.288+0700] {logging_mixin.py:188} INFO - [2024-05-10T17:17:40.288+0700] {dag.py:3954} INFO - Setting next_dagrun for example_external_task_marker_parent to None, run_after=None
[2024-05-10T17:17:40.296+0700] {processor.py:183} INFO - Processing /opt/anaconda3/envs/kafka_project/lib/python3.12/site-packages/airflow/example_dags/example_external_task_marker_dag.py took 0.085 seconds
[2024-05-10T17:19:48.043+0700] {processor.py:161} INFO - Started process (PID=83295) to work on /opt/anaconda3/envs/kafka_project/lib/python3.12/site-packages/airflow/example_dags/example_external_task_marker_dag.py
[2024-05-10T17:19:48.044+0700] {processor.py:830} INFO - Processing file /opt/anaconda3/envs/kafka_project/lib/python3.12/site-packages/airflow/example_dags/example_external_task_marker_dag.py for tasks to queue
[2024-05-10T17:19:48.045+0700] {logging_mixin.py:188} INFO - [2024-05-10T17:19:48.045+0700] {dagbag.py:545} INFO - Filling up the DagBag from /opt/anaconda3/envs/kafka_project/lib/python3.12/site-packages/airflow/example_dags/example_external_task_marker_dag.py
[2024-05-10T17:19:48.053+0700] {processor.py:840} INFO - DAG(s) 'example_external_task_marker_child', 'example_external_task_marker_parent' retrieved from /opt/anaconda3/envs/kafka_project/lib/python3.12/site-packages/airflow/example_dags/example_external_task_marker_dag.py
[2024-05-10T17:19:48.116+0700] {logging_mixin.py:188} INFO - [2024-05-10T17:19:48.115+0700] {dag.py:3096} INFO - Sync 2 DAGs
[2024-05-10T17:19:48.121+0700] {logging_mixin.py:188} INFO - [2024-05-10T17:19:48.121+0700] {dag.py:3954} INFO - Setting next_dagrun for example_external_task_marker_child to None, run_after=None
[2024-05-10T17:19:48.122+0700] {logging_mixin.py:188} INFO - [2024-05-10T17:19:48.122+0700] {dag.py:3954} INFO - Setting next_dagrun for example_external_task_marker_parent to None, run_after=None
[2024-05-10T17:19:48.130+0700] {processor.py:183} INFO - Processing /opt/anaconda3/envs/kafka_project/lib/python3.12/site-packages/airflow/example_dags/example_external_task_marker_dag.py took 0.089 seconds
[2024-05-10T17:21:59.366+0700] {processor.py:161} INFO - Started process (PID=84774) to work on /opt/anaconda3/envs/kafka_project/lib/python3.12/site-packages/airflow/example_dags/example_external_task_marker_dag.py
[2024-05-10T17:21:59.368+0700] {processor.py:830} INFO - Processing file /opt/anaconda3/envs/kafka_project/lib/python3.12/site-packages/airflow/example_dags/example_external_task_marker_dag.py for tasks to queue
[2024-05-10T17:21:59.368+0700] {logging_mixin.py:188} INFO - [2024-05-10T17:21:59.368+0700] {dagbag.py:545} INFO - Filling up the DagBag from /opt/anaconda3/envs/kafka_project/lib/python3.12/site-packages/airflow/example_dags/example_external_task_marker_dag.py
[2024-05-10T17:21:59.376+0700] {processor.py:840} INFO - DAG(s) 'example_external_task_marker_child', 'example_external_task_marker_parent' retrieved from /opt/anaconda3/envs/kafka_project/lib/python3.12/site-packages/airflow/example_dags/example_external_task_marker_dag.py
[2024-05-10T17:21:59.436+0700] {logging_mixin.py:188} INFO - [2024-05-10T17:21:59.435+0700] {dag.py:3096} INFO - Sync 2 DAGs
[2024-05-10T17:21:59.440+0700] {logging_mixin.py:188} INFO - [2024-05-10T17:21:59.440+0700] {dag.py:3954} INFO - Setting next_dagrun for example_external_task_marker_child to None, run_after=None
[2024-05-10T17:21:59.442+0700] {logging_mixin.py:188} INFO - [2024-05-10T17:21:59.442+0700] {dag.py:3954} INFO - Setting next_dagrun for example_external_task_marker_parent to None, run_after=None
[2024-05-10T17:21:59.451+0700] {processor.py:183} INFO - Processing /opt/anaconda3/envs/kafka_project/lib/python3.12/site-packages/airflow/example_dags/example_external_task_marker_dag.py took 0.088 seconds
