[2024-05-10T17:14:41.892+0700] {processor.py:161} INFO - Started process (PID=80809) to work on /opt/anaconda3/envs/kafka_project/lib/python3.12/site-packages/airflow/example_dags/example_xcom.py
[2024-05-10T17:14:41.892+0700] {processor.py:830} INFO - Processing file /opt/anaconda3/envs/kafka_project/lib/python3.12/site-packages/airflow/example_dags/example_xcom.py for tasks to queue
[2024-05-10T17:14:41.893+0700] {logging_mixin.py:188} INFO - [2024-05-10T17:14:41.892+0700] {dagbag.py:545} INFO - Filling up the DagBag from /opt/anaconda3/envs/kafka_project/lib/python3.12/site-packages/airflow/example_dags/example_xcom.py
[2024-05-10T17:14:41.914+0700] {processor.py:840} INFO - DAG(s) 'example_xcom' retrieved from /opt/anaconda3/envs/kafka_project/lib/python3.12/site-packages/airflow/example_dags/example_xcom.py
[2024-05-10T17:14:42.021+0700] {logging_mixin.py:188} INFO - [2024-05-10T17:14:42.020+0700] {override.py:1829} INFO - Created Permission View: can edit on DAG:example_xcom
[2024-05-10T17:14:42.025+0700] {logging_mixin.py:188} INFO - [2024-05-10T17:14:42.025+0700] {override.py:1829} INFO - Created Permission View: can delete on DAG:example_xcom
[2024-05-10T17:14:42.028+0700] {logging_mixin.py:188} INFO - [2024-05-10T17:14:42.028+0700] {override.py:1829} INFO - Created Permission View: can read on DAG:example_xcom
[2024-05-10T17:14:42.028+0700] {logging_mixin.py:188} INFO - [2024-05-10T17:14:42.028+0700] {dag.py:3096} INFO - Sync 1 DAGs
[2024-05-10T17:14:42.033+0700] {logging_mixin.py:188} INFO - [2024-05-10T17:14:42.033+0700] {dag.py:3118} INFO - Creating ORM DAG for example_xcom
[2024-05-10T17:14:42.037+0700] {logging_mixin.py:188} INFO - [2024-05-10T17:14:42.037+0700] {dag.py:3954} INFO - Setting next_dagrun for example_xcom to 2021-01-01 00:00:00+00:00, run_after=2021-01-01 00:00:00+00:00
[2024-05-10T17:14:42.045+0700] {processor.py:183} INFO - Processing /opt/anaconda3/envs/kafka_project/lib/python3.12/site-packages/airflow/example_dags/example_xcom.py took 0.154 seconds
[2024-05-10T17:16:19.286+0700] {processor.py:161} INFO - Started process (PID=81616) to work on /opt/anaconda3/envs/kafka_project/lib/python3.12/site-packages/airflow/example_dags/example_xcom.py
[2024-05-10T17:16:19.287+0700] {processor.py:830} INFO - Processing file /opt/anaconda3/envs/kafka_project/lib/python3.12/site-packages/airflow/example_dags/example_xcom.py for tasks to queue
[2024-05-10T17:16:19.287+0700] {logging_mixin.py:188} INFO - [2024-05-10T17:16:19.287+0700] {dagbag.py:545} INFO - Filling up the DagBag from /opt/anaconda3/envs/kafka_project/lib/python3.12/site-packages/airflow/example_dags/example_xcom.py
[2024-05-10T17:16:19.308+0700] {processor.py:840} INFO - DAG(s) 'example_xcom' retrieved from /opt/anaconda3/envs/kafka_project/lib/python3.12/site-packages/airflow/example_dags/example_xcom.py
[2024-05-10T17:16:19.361+0700] {logging_mixin.py:188} INFO - [2024-05-10T17:16:19.361+0700] {dag.py:3096} INFO - Sync 1 DAGs
[2024-05-10T17:16:19.369+0700] {logging_mixin.py:188} INFO - [2024-05-10T17:16:19.369+0700] {dag.py:3954} INFO - Setting next_dagrun for example_xcom to 2021-01-01 00:00:00+00:00, run_after=2021-01-01 00:00:00+00:00
[2024-05-10T17:16:19.379+0700] {processor.py:183} INFO - Processing /opt/anaconda3/envs/kafka_project/lib/python3.12/site-packages/airflow/example_dags/example_xcom.py took 0.094 seconds
[2024-05-10T17:17:24.341+0700] {processor.py:161} INFO - Started process (PID=82137) to work on /opt/anaconda3/envs/kafka_project/lib/python3.12/site-packages/airflow/example_dags/example_xcom.py
[2024-05-10T17:17:24.342+0700] {processor.py:830} INFO - Processing file /opt/anaconda3/envs/kafka_project/lib/python3.12/site-packages/airflow/example_dags/example_xcom.py for tasks to queue
[2024-05-10T17:17:24.342+0700] {logging_mixin.py:188} INFO - [2024-05-10T17:17:24.342+0700] {dagbag.py:545} INFO - Filling up the DagBag from /opt/anaconda3/envs/kafka_project/lib/python3.12/site-packages/airflow/example_dags/example_xcom.py
[2024-05-10T17:17:24.364+0700] {processor.py:840} INFO - DAG(s) 'example_xcom' retrieved from /opt/anaconda3/envs/kafka_project/lib/python3.12/site-packages/airflow/example_dags/example_xcom.py
[2024-05-10T17:17:24.424+0700] {logging_mixin.py:188} INFO - [2024-05-10T17:17:24.424+0700] {dag.py:3096} INFO - Sync 1 DAGs
[2024-05-10T17:17:24.434+0700] {logging_mixin.py:188} INFO - [2024-05-10T17:17:24.433+0700] {dag.py:3954} INFO - Setting next_dagrun for example_xcom to 2021-01-01 00:00:00+00:00, run_after=2021-01-01 00:00:00+00:00
[2024-05-10T17:17:24.443+0700] {processor.py:183} INFO - Processing /opt/anaconda3/envs/kafka_project/lib/python3.12/site-packages/airflow/example_dags/example_xcom.py took 0.103 seconds
[2024-05-10T17:18:29.113+0700] {processor.py:161} INFO - Started process (PID=82666) to work on /opt/anaconda3/envs/kafka_project/lib/python3.12/site-packages/airflow/example_dags/example_xcom.py
[2024-05-10T17:18:29.114+0700] {processor.py:830} INFO - Processing file /opt/anaconda3/envs/kafka_project/lib/python3.12/site-packages/airflow/example_dags/example_xcom.py for tasks to queue
[2024-05-10T17:18:29.115+0700] {logging_mixin.py:188} INFO - [2024-05-10T17:18:29.115+0700] {dagbag.py:545} INFO - Filling up the DagBag from /opt/anaconda3/envs/kafka_project/lib/python3.12/site-packages/airflow/example_dags/example_xcom.py
[2024-05-10T17:18:29.138+0700] {processor.py:840} INFO - DAG(s) 'example_xcom' retrieved from /opt/anaconda3/envs/kafka_project/lib/python3.12/site-packages/airflow/example_dags/example_xcom.py
[2024-05-10T17:18:29.194+0700] {logging_mixin.py:188} INFO - [2024-05-10T17:18:29.194+0700] {dag.py:3096} INFO - Sync 1 DAGs
[2024-05-10T17:18:29.202+0700] {logging_mixin.py:188} INFO - [2024-05-10T17:18:29.202+0700] {dag.py:3954} INFO - Setting next_dagrun for example_xcom to 2021-01-01 00:00:00+00:00, run_after=2021-01-01 00:00:00+00:00
[2024-05-10T17:18:29.212+0700] {processor.py:183} INFO - Processing /opt/anaconda3/envs/kafka_project/lib/python3.12/site-packages/airflow/example_dags/example_xcom.py took 0.100 seconds
[2024-05-10T17:19:34.064+0700] {processor.py:161} INFO - Started process (PID=83181) to work on /opt/anaconda3/envs/kafka_project/lib/python3.12/site-packages/airflow/example_dags/example_xcom.py
[2024-05-10T17:19:34.065+0700] {processor.py:830} INFO - Processing file /opt/anaconda3/envs/kafka_project/lib/python3.12/site-packages/airflow/example_dags/example_xcom.py for tasks to queue
[2024-05-10T17:19:34.066+0700] {logging_mixin.py:188} INFO - [2024-05-10T17:19:34.066+0700] {dagbag.py:545} INFO - Filling up the DagBag from /opt/anaconda3/envs/kafka_project/lib/python3.12/site-packages/airflow/example_dags/example_xcom.py
[2024-05-10T17:19:34.089+0700] {processor.py:840} INFO - DAG(s) 'example_xcom' retrieved from /opt/anaconda3/envs/kafka_project/lib/python3.12/site-packages/airflow/example_dags/example_xcom.py
[2024-05-10T17:19:34.146+0700] {logging_mixin.py:188} INFO - [2024-05-10T17:19:34.146+0700] {dag.py:3096} INFO - Sync 1 DAGs
[2024-05-10T17:19:34.155+0700] {logging_mixin.py:188} INFO - [2024-05-10T17:19:34.155+0700] {dag.py:3954} INFO - Setting next_dagrun for example_xcom to 2021-01-01 00:00:00+00:00, run_after=2021-01-01 00:00:00+00:00
[2024-05-10T17:19:34.166+0700] {processor.py:183} INFO - Processing /opt/anaconda3/envs/kafka_project/lib/python3.12/site-packages/airflow/example_dags/example_xcom.py took 0.103 seconds
[2024-05-10T17:20:36.167+0700] {processor.py:161} INFO - Started process (PID=83842) to work on /opt/anaconda3/envs/kafka_project/lib/python3.12/site-packages/airflow/example_dags/example_xcom.py
[2024-05-10T17:20:36.168+0700] {processor.py:830} INFO - Processing file /opt/anaconda3/envs/kafka_project/lib/python3.12/site-packages/airflow/example_dags/example_xcom.py for tasks to queue
[2024-05-10T17:20:36.169+0700] {logging_mixin.py:188} INFO - [2024-05-10T17:20:36.169+0700] {dagbag.py:545} INFO - Filling up the DagBag from /opt/anaconda3/envs/kafka_project/lib/python3.12/site-packages/airflow/example_dags/example_xcom.py
[2024-05-10T17:20:36.191+0700] {processor.py:840} INFO - DAG(s) 'example_xcom' retrieved from /opt/anaconda3/envs/kafka_project/lib/python3.12/site-packages/airflow/example_dags/example_xcom.py
[2024-05-10T17:20:36.248+0700] {logging_mixin.py:188} INFO - [2024-05-10T17:20:36.247+0700] {dag.py:3096} INFO - Sync 1 DAGs
[2024-05-10T17:20:36.256+0700] {logging_mixin.py:188} INFO - [2024-05-10T17:20:36.256+0700] {dag.py:3954} INFO - Setting next_dagrun for example_xcom to 2021-01-01 00:00:00+00:00, run_after=2021-01-01 00:00:00+00:00
[2024-05-10T17:20:36.266+0700] {processor.py:183} INFO - Processing /opt/anaconda3/envs/kafka_project/lib/python3.12/site-packages/airflow/example_dags/example_xcom.py took 0.100 seconds
[2024-05-10T17:21:43.401+0700] {processor.py:161} INFO - Started process (PID=84645) to work on /opt/anaconda3/envs/kafka_project/lib/python3.12/site-packages/airflow/example_dags/example_xcom.py
[2024-05-10T17:21:43.403+0700] {processor.py:830} INFO - Processing file /opt/anaconda3/envs/kafka_project/lib/python3.12/site-packages/airflow/example_dags/example_xcom.py for tasks to queue
[2024-05-10T17:21:43.403+0700] {logging_mixin.py:188} INFO - [2024-05-10T17:21:43.403+0700] {dagbag.py:545} INFO - Filling up the DagBag from /opt/anaconda3/envs/kafka_project/lib/python3.12/site-packages/airflow/example_dags/example_xcom.py
[2024-05-10T17:21:43.426+0700] {processor.py:840} INFO - DAG(s) 'example_xcom' retrieved from /opt/anaconda3/envs/kafka_project/lib/python3.12/site-packages/airflow/example_dags/example_xcom.py
[2024-05-10T17:21:43.480+0700] {logging_mixin.py:188} INFO - [2024-05-10T17:21:43.480+0700] {dag.py:3096} INFO - Sync 1 DAGs
[2024-05-10T17:21:43.488+0700] {logging_mixin.py:188} INFO - [2024-05-10T17:21:43.488+0700] {dag.py:3954} INFO - Setting next_dagrun for example_xcom to 2021-01-01 00:00:00+00:00, run_after=2021-01-01 00:00:00+00:00
[2024-05-10T17:21:43.497+0700] {processor.py:183} INFO - Processing /opt/anaconda3/envs/kafka_project/lib/python3.12/site-packages/airflow/example_dags/example_xcom.py took 0.097 seconds
[2024-05-10T17:22:51.697+0700] {processor.py:161} INFO - Started process (PID=85303) to work on /opt/anaconda3/envs/kafka_project/lib/python3.12/site-packages/airflow/example_dags/example_xcom.py
[2024-05-10T17:22:51.697+0700] {processor.py:830} INFO - Processing file /opt/anaconda3/envs/kafka_project/lib/python3.12/site-packages/airflow/example_dags/example_xcom.py for tasks to queue
[2024-05-10T17:22:51.698+0700] {logging_mixin.py:188} INFO - [2024-05-10T17:22:51.698+0700] {dagbag.py:545} INFO - Filling up the DagBag from /opt/anaconda3/envs/kafka_project/lib/python3.12/site-packages/airflow/example_dags/example_xcom.py
[2024-05-10T17:22:51.719+0700] {processor.py:840} INFO - DAG(s) 'example_xcom' retrieved from /opt/anaconda3/envs/kafka_project/lib/python3.12/site-packages/airflow/example_dags/example_xcom.py
[2024-05-10T17:22:51.775+0700] {logging_mixin.py:188} INFO - [2024-05-10T17:22:51.775+0700] {dag.py:3096} INFO - Sync 1 DAGs
[2024-05-10T17:22:51.784+0700] {logging_mixin.py:188} INFO - [2024-05-10T17:22:51.784+0700] {dag.py:3954} INFO - Setting next_dagrun for example_xcom to 2021-01-01 00:00:00+00:00, run_after=2021-01-01 00:00:00+00:00
[2024-05-10T17:22:51.793+0700] {processor.py:183} INFO - Processing /opt/anaconda3/envs/kafka_project/lib/python3.12/site-packages/airflow/example_dags/example_xcom.py took 0.097 seconds
[2024-05-10T17:29:03.665+0700] {processor.py:161} INFO - Started process (PID=89189) to work on /opt/anaconda3/envs/kafka_project/lib/python3.12/site-packages/airflow/example_dags/example_xcom.py
[2024-05-10T17:29:03.666+0700] {processor.py:830} INFO - Processing file /opt/anaconda3/envs/kafka_project/lib/python3.12/site-packages/airflow/example_dags/example_xcom.py for tasks to queue
[2024-05-10T17:29:03.666+0700] {logging_mixin.py:188} INFO - [2024-05-10T17:29:03.666+0700] {dagbag.py:545} INFO - Filling up the DagBag from /opt/anaconda3/envs/kafka_project/lib/python3.12/site-packages/airflow/example_dags/example_xcom.py
[2024-05-10T17:29:03.689+0700] {processor.py:840} INFO - DAG(s) 'example_xcom' retrieved from /opt/anaconda3/envs/kafka_project/lib/python3.12/site-packages/airflow/example_dags/example_xcom.py
[2024-05-10T17:29:03.749+0700] {logging_mixin.py:188} INFO - [2024-05-10T17:29:03.749+0700] {dag.py:3096} INFO - Sync 1 DAGs
[2024-05-10T17:29:03.757+0700] {logging_mixin.py:188} INFO - [2024-05-10T17:29:03.757+0700] {dag.py:3954} INFO - Setting next_dagrun for example_xcom to 2021-01-01 00:00:00+00:00, run_after=2021-01-01 00:00:00+00:00
[2024-05-10T17:29:03.766+0700] {processor.py:183} INFO - Processing /opt/anaconda3/envs/kafka_project/lib/python3.12/site-packages/airflow/example_dags/example_xcom.py took 0.103 seconds
