[2024-05-10T17:14:43.987+0700] {processor.py:161} INFO - Started process (PID=80831) to work on /opt/anaconda3/envs/kafka_project/lib/python3.12/site-packages/airflow/example_dags/example_trigger_target_dag.py
[2024-05-10T17:14:43.988+0700] {processor.py:830} INFO - Processing file /opt/anaconda3/envs/kafka_project/lib/python3.12/site-packages/airflow/example_dags/example_trigger_target_dag.py for tasks to queue
[2024-05-10T17:14:43.988+0700] {logging_mixin.py:188} INFO - [2024-05-10T17:14:43.988+0700] {dagbag.py:545} INFO - Filling up the DagBag from /opt/anaconda3/envs/kafka_project/lib/python3.12/site-packages/airflow/example_dags/example_trigger_target_dag.py
[2024-05-10T17:14:44.009+0700] {processor.py:840} INFO - DAG(s) 'example_trigger_target_dag' retrieved from /opt/anaconda3/envs/kafka_project/lib/python3.12/site-packages/airflow/example_dags/example_trigger_target_dag.py
[2024-05-10T17:14:44.113+0700] {logging_mixin.py:188} INFO - [2024-05-10T17:14:44.112+0700] {override.py:1829} INFO - Created Permission View: can delete on DAG:example_trigger_target_dag
[2024-05-10T17:14:44.117+0700] {logging_mixin.py:188} INFO - [2024-05-10T17:14:44.117+0700] {override.py:1829} INFO - Created Permission View: can read on DAG:example_trigger_target_dag
[2024-05-10T17:14:44.120+0700] {logging_mixin.py:188} INFO - [2024-05-10T17:14:44.120+0700] {override.py:1829} INFO - Created Permission View: can edit on DAG:example_trigger_target_dag
[2024-05-10T17:14:44.120+0700] {logging_mixin.py:188} INFO - [2024-05-10T17:14:44.120+0700] {dag.py:3096} INFO - Sync 1 DAGs
[2024-05-10T17:14:44.125+0700] {logging_mixin.py:188} INFO - [2024-05-10T17:14:44.125+0700] {dag.py:3118} INFO - Creating ORM DAG for example_trigger_target_dag
[2024-05-10T17:14:44.125+0700] {logging_mixin.py:188} INFO - [2024-05-10T17:14:44.125+0700] {dag.py:3954} INFO - Setting next_dagrun for example_trigger_target_dag to None, run_after=None
[2024-05-10T17:14:44.133+0700] {processor.py:183} INFO - Processing /opt/anaconda3/envs/kafka_project/lib/python3.12/site-packages/airflow/example_dags/example_trigger_target_dag.py took 0.148 seconds
[2024-05-10T17:16:21.238+0700] {processor.py:161} INFO - Started process (PID=81633) to work on /opt/anaconda3/envs/kafka_project/lib/python3.12/site-packages/airflow/example_dags/example_trigger_target_dag.py
[2024-05-10T17:16:21.239+0700] {processor.py:830} INFO - Processing file /opt/anaconda3/envs/kafka_project/lib/python3.12/site-packages/airflow/example_dags/example_trigger_target_dag.py for tasks to queue
[2024-05-10T17:16:21.239+0700] {logging_mixin.py:188} INFO - [2024-05-10T17:16:21.239+0700] {dagbag.py:545} INFO - Filling up the DagBag from /opt/anaconda3/envs/kafka_project/lib/python3.12/site-packages/airflow/example_dags/example_trigger_target_dag.py
[2024-05-10T17:16:21.260+0700] {processor.py:840} INFO - DAG(s) 'example_trigger_target_dag' retrieved from /opt/anaconda3/envs/kafka_project/lib/python3.12/site-packages/airflow/example_dags/example_trigger_target_dag.py
[2024-05-10T17:16:21.314+0700] {logging_mixin.py:188} INFO - [2024-05-10T17:16:21.314+0700] {dag.py:3096} INFO - Sync 1 DAGs
[2024-05-10T17:16:21.320+0700] {logging_mixin.py:188} INFO - [2024-05-10T17:16:21.320+0700] {dag.py:3954} INFO - Setting next_dagrun for example_trigger_target_dag to None, run_after=None
[2024-05-10T17:16:21.329+0700] {processor.py:183} INFO - Processing /opt/anaconda3/envs/kafka_project/lib/python3.12/site-packages/airflow/example_dags/example_trigger_target_dag.py took 0.093 seconds
[2024-05-10T17:17:26.117+0700] {processor.py:161} INFO - Started process (PID=82154) to work on /opt/anaconda3/envs/kafka_project/lib/python3.12/site-packages/airflow/example_dags/example_trigger_target_dag.py
[2024-05-10T17:17:26.119+0700] {processor.py:830} INFO - Processing file /opt/anaconda3/envs/kafka_project/lib/python3.12/site-packages/airflow/example_dags/example_trigger_target_dag.py for tasks to queue
[2024-05-10T17:17:26.119+0700] {logging_mixin.py:188} INFO - [2024-05-10T17:17:26.119+0700] {dagbag.py:545} INFO - Filling up the DagBag from /opt/anaconda3/envs/kafka_project/lib/python3.12/site-packages/airflow/example_dags/example_trigger_target_dag.py
[2024-05-10T17:17:26.140+0700] {processor.py:840} INFO - DAG(s) 'example_trigger_target_dag' retrieved from /opt/anaconda3/envs/kafka_project/lib/python3.12/site-packages/airflow/example_dags/example_trigger_target_dag.py
[2024-05-10T17:17:26.194+0700] {logging_mixin.py:188} INFO - [2024-05-10T17:17:26.194+0700] {dag.py:3096} INFO - Sync 1 DAGs
[2024-05-10T17:17:26.199+0700] {logging_mixin.py:188} INFO - [2024-05-10T17:17:26.199+0700] {dag.py:3954} INFO - Setting next_dagrun for example_trigger_target_dag to None, run_after=None
[2024-05-10T17:17:26.208+0700] {processor.py:183} INFO - Processing /opt/anaconda3/envs/kafka_project/lib/python3.12/site-packages/airflow/example_dags/example_trigger_target_dag.py took 0.092 seconds
[2024-05-10T17:18:31.079+0700] {processor.py:161} INFO - Started process (PID=82674) to work on /opt/anaconda3/envs/kafka_project/lib/python3.12/site-packages/airflow/example_dags/example_trigger_target_dag.py
[2024-05-10T17:18:31.080+0700] {processor.py:830} INFO - Processing file /opt/anaconda3/envs/kafka_project/lib/python3.12/site-packages/airflow/example_dags/example_trigger_target_dag.py for tasks to queue
[2024-05-10T17:18:31.080+0700] {logging_mixin.py:188} INFO - [2024-05-10T17:18:31.080+0700] {dagbag.py:545} INFO - Filling up the DagBag from /opt/anaconda3/envs/kafka_project/lib/python3.12/site-packages/airflow/example_dags/example_trigger_target_dag.py
[2024-05-10T17:18:31.101+0700] {processor.py:840} INFO - DAG(s) 'example_trigger_target_dag' retrieved from /opt/anaconda3/envs/kafka_project/lib/python3.12/site-packages/airflow/example_dags/example_trigger_target_dag.py
[2024-05-10T17:18:31.155+0700] {logging_mixin.py:188} INFO - [2024-05-10T17:18:31.155+0700] {dag.py:3096} INFO - Sync 1 DAGs
[2024-05-10T17:18:31.160+0700] {logging_mixin.py:188} INFO - [2024-05-10T17:18:31.160+0700] {dag.py:3954} INFO - Setting next_dagrun for example_trigger_target_dag to None, run_after=None
[2024-05-10T17:18:31.170+0700] {processor.py:183} INFO - Processing /opt/anaconda3/envs/kafka_project/lib/python3.12/site-packages/airflow/example_dags/example_trigger_target_dag.py took 0.093 seconds
[2024-05-10T17:19:36.055+0700] {processor.py:161} INFO - Started process (PID=83199) to work on /opt/anaconda3/envs/kafka_project/lib/python3.12/site-packages/airflow/example_dags/example_trigger_target_dag.py
[2024-05-10T17:19:36.056+0700] {processor.py:830} INFO - Processing file /opt/anaconda3/envs/kafka_project/lib/python3.12/site-packages/airflow/example_dags/example_trigger_target_dag.py for tasks to queue
[2024-05-10T17:19:36.056+0700] {logging_mixin.py:188} INFO - [2024-05-10T17:19:36.056+0700] {dagbag.py:545} INFO - Filling up the DagBag from /opt/anaconda3/envs/kafka_project/lib/python3.12/site-packages/airflow/example_dags/example_trigger_target_dag.py
[2024-05-10T17:19:36.078+0700] {processor.py:840} INFO - DAG(s) 'example_trigger_target_dag' retrieved from /opt/anaconda3/envs/kafka_project/lib/python3.12/site-packages/airflow/example_dags/example_trigger_target_dag.py
[2024-05-10T17:19:36.133+0700] {logging_mixin.py:188} INFO - [2024-05-10T17:19:36.133+0700] {dag.py:3096} INFO - Sync 1 DAGs
[2024-05-10T17:19:36.139+0700] {logging_mixin.py:188} INFO - [2024-05-10T17:19:36.139+0700] {dag.py:3954} INFO - Setting next_dagrun for example_trigger_target_dag to None, run_after=None
[2024-05-10T17:19:36.149+0700] {processor.py:183} INFO - Processing /opt/anaconda3/envs/kafka_project/lib/python3.12/site-packages/airflow/example_dags/example_trigger_target_dag.py took 0.095 seconds
[2024-05-10T17:20:38.162+0700] {processor.py:161} INFO - Started process (PID=83857) to work on /opt/anaconda3/envs/kafka_project/lib/python3.12/site-packages/airflow/example_dags/example_trigger_target_dag.py
[2024-05-10T17:20:38.163+0700] {processor.py:830} INFO - Processing file /opt/anaconda3/envs/kafka_project/lib/python3.12/site-packages/airflow/example_dags/example_trigger_target_dag.py for tasks to queue
[2024-05-10T17:20:38.163+0700] {logging_mixin.py:188} INFO - [2024-05-10T17:20:38.163+0700] {dagbag.py:545} INFO - Filling up the DagBag from /opt/anaconda3/envs/kafka_project/lib/python3.12/site-packages/airflow/example_dags/example_trigger_target_dag.py
[2024-05-10T17:20:38.184+0700] {processor.py:840} INFO - DAG(s) 'example_trigger_target_dag' retrieved from /opt/anaconda3/envs/kafka_project/lib/python3.12/site-packages/airflow/example_dags/example_trigger_target_dag.py
[2024-05-10T17:20:38.239+0700] {logging_mixin.py:188} INFO - [2024-05-10T17:20:38.239+0700] {dag.py:3096} INFO - Sync 1 DAGs
[2024-05-10T17:20:38.244+0700] {logging_mixin.py:188} INFO - [2024-05-10T17:20:38.244+0700] {dag.py:3954} INFO - Setting next_dagrun for example_trigger_target_dag to None, run_after=None
[2024-05-10T17:20:38.254+0700] {processor.py:183} INFO - Processing /opt/anaconda3/envs/kafka_project/lib/python3.12/site-packages/airflow/example_dags/example_trigger_target_dag.py took 0.093 seconds
[2024-05-10T17:21:45.366+0700] {processor.py:161} INFO - Started process (PID=84664) to work on /opt/anaconda3/envs/kafka_project/lib/python3.12/site-packages/airflow/example_dags/example_trigger_target_dag.py
[2024-05-10T17:21:45.367+0700] {processor.py:830} INFO - Processing file /opt/anaconda3/envs/kafka_project/lib/python3.12/site-packages/airflow/example_dags/example_trigger_target_dag.py for tasks to queue
[2024-05-10T17:21:45.368+0700] {logging_mixin.py:188} INFO - [2024-05-10T17:21:45.368+0700] {dagbag.py:545} INFO - Filling up the DagBag from /opt/anaconda3/envs/kafka_project/lib/python3.12/site-packages/airflow/example_dags/example_trigger_target_dag.py
[2024-05-10T17:21:45.390+0700] {processor.py:840} INFO - DAG(s) 'example_trigger_target_dag' retrieved from /opt/anaconda3/envs/kafka_project/lib/python3.12/site-packages/airflow/example_dags/example_trigger_target_dag.py
[2024-05-10T17:21:45.446+0700] {logging_mixin.py:188} INFO - [2024-05-10T17:21:45.446+0700] {dag.py:3096} INFO - Sync 1 DAGs
[2024-05-10T17:21:45.452+0700] {logging_mixin.py:188} INFO - [2024-05-10T17:21:45.451+0700] {dag.py:3954} INFO - Setting next_dagrun for example_trigger_target_dag to None, run_after=None
[2024-05-10T17:21:45.461+0700] {processor.py:183} INFO - Processing /opt/anaconda3/envs/kafka_project/lib/python3.12/site-packages/airflow/example_dags/example_trigger_target_dag.py took 0.097 seconds
[2024-05-10T17:22:53.714+0700] {processor.py:161} INFO - Started process (PID=85321) to work on /opt/anaconda3/envs/kafka_project/lib/python3.12/site-packages/airflow/example_dags/example_trigger_target_dag.py
[2024-05-10T17:22:53.715+0700] {processor.py:830} INFO - Processing file /opt/anaconda3/envs/kafka_project/lib/python3.12/site-packages/airflow/example_dags/example_trigger_target_dag.py for tasks to queue
[2024-05-10T17:22:53.715+0700] {logging_mixin.py:188} INFO - [2024-05-10T17:22:53.715+0700] {dagbag.py:545} INFO - Filling up the DagBag from /opt/anaconda3/envs/kafka_project/lib/python3.12/site-packages/airflow/example_dags/example_trigger_target_dag.py
[2024-05-10T17:22:53.738+0700] {processor.py:840} INFO - DAG(s) 'example_trigger_target_dag' retrieved from /opt/anaconda3/envs/kafka_project/lib/python3.12/site-packages/airflow/example_dags/example_trigger_target_dag.py
[2024-05-10T17:22:53.792+0700] {logging_mixin.py:188} INFO - [2024-05-10T17:22:53.792+0700] {dag.py:3096} INFO - Sync 1 DAGs
[2024-05-10T17:22:53.797+0700] {logging_mixin.py:188} INFO - [2024-05-10T17:22:53.797+0700] {dag.py:3954} INFO - Setting next_dagrun for example_trigger_target_dag to None, run_after=None
[2024-05-10T17:22:53.807+0700] {processor.py:183} INFO - Processing /opt/anaconda3/envs/kafka_project/lib/python3.12/site-packages/airflow/example_dags/example_trigger_target_dag.py took 0.095 seconds
[2024-05-10T17:29:05.710+0700] {processor.py:161} INFO - Started process (PID=89206) to work on /opt/anaconda3/envs/kafka_project/lib/python3.12/site-packages/airflow/example_dags/example_trigger_target_dag.py
[2024-05-10T17:29:05.711+0700] {processor.py:830} INFO - Processing file /opt/anaconda3/envs/kafka_project/lib/python3.12/site-packages/airflow/example_dags/example_trigger_target_dag.py for tasks to queue
[2024-05-10T17:29:05.711+0700] {logging_mixin.py:188} INFO - [2024-05-10T17:29:05.711+0700] {dagbag.py:545} INFO - Filling up the DagBag from /opt/anaconda3/envs/kafka_project/lib/python3.12/site-packages/airflow/example_dags/example_trigger_target_dag.py
[2024-05-10T17:29:05.733+0700] {processor.py:840} INFO - DAG(s) 'example_trigger_target_dag' retrieved from /opt/anaconda3/envs/kafka_project/lib/python3.12/site-packages/airflow/example_dags/example_trigger_target_dag.py
[2024-05-10T17:29:05.784+0700] {logging_mixin.py:188} INFO - [2024-05-10T17:29:05.784+0700] {dag.py:3096} INFO - Sync 1 DAGs
[2024-05-10T17:29:05.790+0700] {logging_mixin.py:188} INFO - [2024-05-10T17:29:05.790+0700] {dag.py:3954} INFO - Setting next_dagrun for example_trigger_target_dag to None, run_after=None
[2024-05-10T17:29:05.798+0700] {processor.py:183} INFO - Processing /opt/anaconda3/envs/kafka_project/lib/python3.12/site-packages/airflow/example_dags/example_trigger_target_dag.py took 0.090 seconds
