[2024-05-10T17:14:45.877+0700] {processor.py:161} INFO - Started process (PID=80850) to work on /opt/anaconda3/envs/kafka_project/lib/python3.12/site-packages/airflow/example_dags/example_trigger_controller_dag.py
[2024-05-10T17:14:45.878+0700] {processor.py:830} INFO - Processing file /opt/anaconda3/envs/kafka_project/lib/python3.12/site-packages/airflow/example_dags/example_trigger_controller_dag.py for tasks to queue
[2024-05-10T17:14:45.878+0700] {logging_mixin.py:188} INFO - [2024-05-10T17:14:45.878+0700] {dagbag.py:545} INFO - Filling up the DagBag from /opt/anaconda3/envs/kafka_project/lib/python3.12/site-packages/airflow/example_dags/example_trigger_controller_dag.py
[2024-05-10T17:14:45.885+0700] {processor.py:840} INFO - DAG(s) 'example_trigger_controller_dag' retrieved from /opt/anaconda3/envs/kafka_project/lib/python3.12/site-packages/airflow/example_dags/example_trigger_controller_dag.py
[2024-05-10T17:14:45.986+0700] {logging_mixin.py:188} INFO - [2024-05-10T17:14:45.986+0700] {override.py:1829} INFO - Created Permission View: can delete on DAG:example_trigger_controller_dag
[2024-05-10T17:14:45.991+0700] {logging_mixin.py:188} INFO - [2024-05-10T17:14:45.991+0700] {override.py:1829} INFO - Created Permission View: can edit on DAG:example_trigger_controller_dag
[2024-05-10T17:14:45.994+0700] {logging_mixin.py:188} INFO - [2024-05-10T17:14:45.994+0700] {override.py:1829} INFO - Created Permission View: can read on DAG:example_trigger_controller_dag
[2024-05-10T17:14:45.995+0700] {logging_mixin.py:188} INFO - [2024-05-10T17:14:45.995+0700] {dag.py:3096} INFO - Sync 1 DAGs
[2024-05-10T17:14:45.999+0700] {logging_mixin.py:188} INFO - [2024-05-10T17:14:45.999+0700] {dag.py:3118} INFO - Creating ORM DAG for example_trigger_controller_dag
[2024-05-10T17:14:46.003+0700] {logging_mixin.py:188} INFO - [2024-05-10T17:14:46.003+0700] {dag.py:3954} INFO - Setting next_dagrun for example_trigger_controller_dag to 2021-01-01 00:00:00+00:00, run_after=2021-01-01 00:00:00+00:00
[2024-05-10T17:14:46.012+0700] {processor.py:183} INFO - Processing /opt/anaconda3/envs/kafka_project/lib/python3.12/site-packages/airflow/example_dags/example_trigger_controller_dag.py took 0.136 seconds
[2024-05-10T17:16:23.198+0700] {processor.py:161} INFO - Started process (PID=81651) to work on /opt/anaconda3/envs/kafka_project/lib/python3.12/site-packages/airflow/example_dags/example_trigger_controller_dag.py
[2024-05-10T17:16:23.199+0700] {processor.py:830} INFO - Processing file /opt/anaconda3/envs/kafka_project/lib/python3.12/site-packages/airflow/example_dags/example_trigger_controller_dag.py for tasks to queue
[2024-05-10T17:16:23.199+0700] {logging_mixin.py:188} INFO - [2024-05-10T17:16:23.199+0700] {dagbag.py:545} INFO - Filling up the DagBag from /opt/anaconda3/envs/kafka_project/lib/python3.12/site-packages/airflow/example_dags/example_trigger_controller_dag.py
[2024-05-10T17:16:23.206+0700] {processor.py:840} INFO - DAG(s) 'example_trigger_controller_dag' retrieved from /opt/anaconda3/envs/kafka_project/lib/python3.12/site-packages/airflow/example_dags/example_trigger_controller_dag.py
[2024-05-10T17:16:23.259+0700] {logging_mixin.py:188} INFO - [2024-05-10T17:16:23.259+0700] {dag.py:3096} INFO - Sync 1 DAGs
[2024-05-10T17:16:23.267+0700] {logging_mixin.py:188} INFO - [2024-05-10T17:16:23.267+0700] {dag.py:3954} INFO - Setting next_dagrun for example_trigger_controller_dag to 2021-01-01 00:00:00+00:00, run_after=2021-01-01 00:00:00+00:00
[2024-05-10T17:16:23.276+0700] {processor.py:183} INFO - Processing /opt/anaconda3/envs/kafka_project/lib/python3.12/site-packages/airflow/example_dags/example_trigger_controller_dag.py took 0.079 seconds
[2024-05-10T17:17:28.079+0700] {processor.py:161} INFO - Started process (PID=82162) to work on /opt/anaconda3/envs/kafka_project/lib/python3.12/site-packages/airflow/example_dags/example_trigger_controller_dag.py
[2024-05-10T17:17:28.080+0700] {processor.py:830} INFO - Processing file /opt/anaconda3/envs/kafka_project/lib/python3.12/site-packages/airflow/example_dags/example_trigger_controller_dag.py for tasks to queue
[2024-05-10T17:17:28.081+0700] {logging_mixin.py:188} INFO - [2024-05-10T17:17:28.080+0700] {dagbag.py:545} INFO - Filling up the DagBag from /opt/anaconda3/envs/kafka_project/lib/python3.12/site-packages/airflow/example_dags/example_trigger_controller_dag.py
[2024-05-10T17:17:28.088+0700] {processor.py:840} INFO - DAG(s) 'example_trigger_controller_dag' retrieved from /opt/anaconda3/envs/kafka_project/lib/python3.12/site-packages/airflow/example_dags/example_trigger_controller_dag.py
[2024-05-10T17:17:28.142+0700] {logging_mixin.py:188} INFO - [2024-05-10T17:17:28.142+0700] {dag.py:3096} INFO - Sync 1 DAGs
[2024-05-10T17:17:28.150+0700] {logging_mixin.py:188} INFO - [2024-05-10T17:17:28.150+0700] {dag.py:3954} INFO - Setting next_dagrun for example_trigger_controller_dag to 2021-01-01 00:00:00+00:00, run_after=2021-01-01 00:00:00+00:00
[2024-05-10T17:17:28.160+0700] {processor.py:183} INFO - Processing /opt/anaconda3/envs/kafka_project/lib/python3.12/site-packages/airflow/example_dags/example_trigger_controller_dag.py took 0.082 seconds
[2024-05-10T17:18:33.032+0700] {processor.py:161} INFO - Started process (PID=82691) to work on /opt/anaconda3/envs/kafka_project/lib/python3.12/site-packages/airflow/example_dags/example_trigger_controller_dag.py
[2024-05-10T17:18:33.033+0700] {processor.py:830} INFO - Processing file /opt/anaconda3/envs/kafka_project/lib/python3.12/site-packages/airflow/example_dags/example_trigger_controller_dag.py for tasks to queue
[2024-05-10T17:18:33.033+0700] {logging_mixin.py:188} INFO - [2024-05-10T17:18:33.033+0700] {dagbag.py:545} INFO - Filling up the DagBag from /opt/anaconda3/envs/kafka_project/lib/python3.12/site-packages/airflow/example_dags/example_trigger_controller_dag.py
[2024-05-10T17:18:33.040+0700] {processor.py:840} INFO - DAG(s) 'example_trigger_controller_dag' retrieved from /opt/anaconda3/envs/kafka_project/lib/python3.12/site-packages/airflow/example_dags/example_trigger_controller_dag.py
[2024-05-10T17:18:33.094+0700] {logging_mixin.py:188} INFO - [2024-05-10T17:18:33.094+0700] {dag.py:3096} INFO - Sync 1 DAGs
[2024-05-10T17:18:33.102+0700] {logging_mixin.py:188} INFO - [2024-05-10T17:18:33.102+0700] {dag.py:3954} INFO - Setting next_dagrun for example_trigger_controller_dag to 2021-01-01 00:00:00+00:00, run_after=2021-01-01 00:00:00+00:00
[2024-05-10T17:18:33.111+0700] {processor.py:183} INFO - Processing /opt/anaconda3/envs/kafka_project/lib/python3.12/site-packages/airflow/example_dags/example_trigger_controller_dag.py took 0.081 seconds
[2024-05-10T17:19:38.054+0700] {processor.py:161} INFO - Started process (PID=83214) to work on /opt/anaconda3/envs/kafka_project/lib/python3.12/site-packages/airflow/example_dags/example_trigger_controller_dag.py
[2024-05-10T17:19:38.055+0700] {processor.py:830} INFO - Processing file /opt/anaconda3/envs/kafka_project/lib/python3.12/site-packages/airflow/example_dags/example_trigger_controller_dag.py for tasks to queue
[2024-05-10T17:19:38.056+0700] {logging_mixin.py:188} INFO - [2024-05-10T17:19:38.056+0700] {dagbag.py:545} INFO - Filling up the DagBag from /opt/anaconda3/envs/kafka_project/lib/python3.12/site-packages/airflow/example_dags/example_trigger_controller_dag.py
[2024-05-10T17:19:38.063+0700] {processor.py:840} INFO - DAG(s) 'example_trigger_controller_dag' retrieved from /opt/anaconda3/envs/kafka_project/lib/python3.12/site-packages/airflow/example_dags/example_trigger_controller_dag.py
[2024-05-10T17:19:38.118+0700] {logging_mixin.py:188} INFO - [2024-05-10T17:19:38.118+0700] {dag.py:3096} INFO - Sync 1 DAGs
[2024-05-10T17:19:38.126+0700] {logging_mixin.py:188} INFO - [2024-05-10T17:19:38.126+0700] {dag.py:3954} INFO - Setting next_dagrun for example_trigger_controller_dag to 2021-01-01 00:00:00+00:00, run_after=2021-01-01 00:00:00+00:00
[2024-05-10T17:19:38.136+0700] {processor.py:183} INFO - Processing /opt/anaconda3/envs/kafka_project/lib/python3.12/site-packages/airflow/example_dags/example_trigger_controller_dag.py took 0.083 seconds
[2024-05-10T17:20:40.130+0700] {processor.py:161} INFO - Started process (PID=83875) to work on /opt/anaconda3/envs/kafka_project/lib/python3.12/site-packages/airflow/example_dags/example_trigger_controller_dag.py
[2024-05-10T17:20:40.131+0700] {processor.py:830} INFO - Processing file /opt/anaconda3/envs/kafka_project/lib/python3.12/site-packages/airflow/example_dags/example_trigger_controller_dag.py for tasks to queue
[2024-05-10T17:20:40.131+0700] {logging_mixin.py:188} INFO - [2024-05-10T17:20:40.131+0700] {dagbag.py:545} INFO - Filling up the DagBag from /opt/anaconda3/envs/kafka_project/lib/python3.12/site-packages/airflow/example_dags/example_trigger_controller_dag.py
[2024-05-10T17:20:40.138+0700] {processor.py:840} INFO - DAG(s) 'example_trigger_controller_dag' retrieved from /opt/anaconda3/envs/kafka_project/lib/python3.12/site-packages/airflow/example_dags/example_trigger_controller_dag.py
[2024-05-10T17:20:40.191+0700] {logging_mixin.py:188} INFO - [2024-05-10T17:20:40.190+0700] {dag.py:3096} INFO - Sync 1 DAGs
[2024-05-10T17:20:40.198+0700] {logging_mixin.py:188} INFO - [2024-05-10T17:20:40.198+0700] {dag.py:3954} INFO - Setting next_dagrun for example_trigger_controller_dag to 2021-01-01 00:00:00+00:00, run_after=2021-01-01 00:00:00+00:00
[2024-05-10T17:20:40.207+0700] {processor.py:183} INFO - Processing /opt/anaconda3/envs/kafka_project/lib/python3.12/site-packages/airflow/example_dags/example_trigger_controller_dag.py took 0.078 seconds
[2024-05-10T17:21:47.366+0700] {processor.py:161} INFO - Started process (PID=84678) to work on /opt/anaconda3/envs/kafka_project/lib/python3.12/site-packages/airflow/example_dags/example_trigger_controller_dag.py
[2024-05-10T17:21:47.367+0700] {processor.py:830} INFO - Processing file /opt/anaconda3/envs/kafka_project/lib/python3.12/site-packages/airflow/example_dags/example_trigger_controller_dag.py for tasks to queue
[2024-05-10T17:21:47.368+0700] {logging_mixin.py:188} INFO - [2024-05-10T17:21:47.368+0700] {dagbag.py:545} INFO - Filling up the DagBag from /opt/anaconda3/envs/kafka_project/lib/python3.12/site-packages/airflow/example_dags/example_trigger_controller_dag.py
[2024-05-10T17:21:47.375+0700] {processor.py:840} INFO - DAG(s) 'example_trigger_controller_dag' retrieved from /opt/anaconda3/envs/kafka_project/lib/python3.12/site-packages/airflow/example_dags/example_trigger_controller_dag.py
[2024-05-10T17:21:47.432+0700] {logging_mixin.py:188} INFO - [2024-05-10T17:21:47.431+0700] {dag.py:3096} INFO - Sync 1 DAGs
[2024-05-10T17:21:47.440+0700] {logging_mixin.py:188} INFO - [2024-05-10T17:21:47.440+0700] {dag.py:3954} INFO - Setting next_dagrun for example_trigger_controller_dag to 2021-01-01 00:00:00+00:00, run_after=2021-01-01 00:00:00+00:00
[2024-05-10T17:21:47.450+0700] {processor.py:183} INFO - Processing /opt/anaconda3/envs/kafka_project/lib/python3.12/site-packages/airflow/example_dags/example_trigger_controller_dag.py took 0.085 seconds
[2024-05-10T17:22:55.723+0700] {processor.py:161} INFO - Started process (PID=85339) to work on /opt/anaconda3/envs/kafka_project/lib/python3.12/site-packages/airflow/example_dags/example_trigger_controller_dag.py
[2024-05-10T17:22:55.724+0700] {processor.py:830} INFO - Processing file /opt/anaconda3/envs/kafka_project/lib/python3.12/site-packages/airflow/example_dags/example_trigger_controller_dag.py for tasks to queue
[2024-05-10T17:22:55.724+0700] {logging_mixin.py:188} INFO - [2024-05-10T17:22:55.724+0700] {dagbag.py:545} INFO - Filling up the DagBag from /opt/anaconda3/envs/kafka_project/lib/python3.12/site-packages/airflow/example_dags/example_trigger_controller_dag.py
[2024-05-10T17:22:55.731+0700] {processor.py:840} INFO - DAG(s) 'example_trigger_controller_dag' retrieved from /opt/anaconda3/envs/kafka_project/lib/python3.12/site-packages/airflow/example_dags/example_trigger_controller_dag.py
[2024-05-10T17:22:55.788+0700] {logging_mixin.py:188} INFO - [2024-05-10T17:22:55.788+0700] {dag.py:3096} INFO - Sync 1 DAGs
[2024-05-10T17:22:55.797+0700] {logging_mixin.py:188} INFO - [2024-05-10T17:22:55.797+0700] {dag.py:3954} INFO - Setting next_dagrun for example_trigger_controller_dag to 2021-01-01 00:00:00+00:00, run_after=2021-01-01 00:00:00+00:00
[2024-05-10T17:22:55.806+0700] {processor.py:183} INFO - Processing /opt/anaconda3/envs/kafka_project/lib/python3.12/site-packages/airflow/example_dags/example_trigger_controller_dag.py took 0.085 seconds
[2024-05-10T17:29:07.607+0700] {processor.py:161} INFO - Started process (PID=89223) to work on /opt/anaconda3/envs/kafka_project/lib/python3.12/site-packages/airflow/example_dags/example_trigger_controller_dag.py
[2024-05-10T17:29:07.609+0700] {processor.py:830} INFO - Processing file /opt/anaconda3/envs/kafka_project/lib/python3.12/site-packages/airflow/example_dags/example_trigger_controller_dag.py for tasks to queue
[2024-05-10T17:29:07.610+0700] {logging_mixin.py:188} INFO - [2024-05-10T17:29:07.610+0700] {dagbag.py:545} INFO - Filling up the DagBag from /opt/anaconda3/envs/kafka_project/lib/python3.12/site-packages/airflow/example_dags/example_trigger_controller_dag.py
[2024-05-10T17:29:07.617+0700] {processor.py:840} INFO - DAG(s) 'example_trigger_controller_dag' retrieved from /opt/anaconda3/envs/kafka_project/lib/python3.12/site-packages/airflow/example_dags/example_trigger_controller_dag.py
[2024-05-10T17:29:07.669+0700] {logging_mixin.py:188} INFO - [2024-05-10T17:29:07.669+0700] {dag.py:3096} INFO - Sync 1 DAGs
[2024-05-10T17:29:07.676+0700] {logging_mixin.py:188} INFO - [2024-05-10T17:29:07.676+0700] {dag.py:3954} INFO - Setting next_dagrun for example_trigger_controller_dag to 2021-01-01 00:00:00+00:00, run_after=2021-01-01 00:00:00+00:00
[2024-05-10T17:29:07.685+0700] {processor.py:183} INFO - Processing /opt/anaconda3/envs/kafka_project/lib/python3.12/site-packages/airflow/example_dags/example_trigger_controller_dag.py took 0.079 seconds
