[2024-05-10T17:15:44.451+0700] {processor.py:161} INFO - Started process (PID=81340) to work on /opt/anaconda3/envs/kafka_project/lib/python3.12/site-packages/airflow/example_dags/example_branch_python_dop_operator_3.py
[2024-05-10T17:15:44.451+0700] {processor.py:830} INFO - Processing file /opt/anaconda3/envs/kafka_project/lib/python3.12/site-packages/airflow/example_dags/example_branch_python_dop_operator_3.py for tasks to queue
[2024-05-10T17:15:44.451+0700] {logging_mixin.py:188} INFO - [2024-05-10T17:15:44.451+0700] {dagbag.py:545} INFO - Filling up the DagBag from /opt/anaconda3/envs/kafka_project/lib/python3.12/site-packages/airflow/example_dags/example_branch_python_dop_operator_3.py
[2024-05-10T17:15:44.474+0700] {processor.py:840} INFO - DAG(s) 'example_branch_dop_operator_v3' retrieved from /opt/anaconda3/envs/kafka_project/lib/python3.12/site-packages/airflow/example_dags/example_branch_python_dop_operator_3.py
[2024-05-10T17:15:44.574+0700] {logging_mixin.py:188} INFO - [2024-05-10T17:15:44.574+0700] {override.py:1829} INFO - Created Permission View: can delete on DAG:example_branch_dop_operator_v3
[2024-05-10T17:15:44.578+0700] {logging_mixin.py:188} INFO - [2024-05-10T17:15:44.577+0700] {override.py:1829} INFO - Created Permission View: can edit on DAG:example_branch_dop_operator_v3
[2024-05-10T17:15:44.580+0700] {logging_mixin.py:188} INFO - [2024-05-10T17:15:44.580+0700] {override.py:1829} INFO - Created Permission View: can read on DAG:example_branch_dop_operator_v3
[2024-05-10T17:15:44.581+0700] {logging_mixin.py:188} INFO - [2024-05-10T17:15:44.580+0700] {dag.py:3096} INFO - Sync 1 DAGs
[2024-05-10T17:15:44.585+0700] {logging_mixin.py:188} INFO - [2024-05-10T17:15:44.585+0700] {dag.py:3118} INFO - Creating ORM DAG for example_branch_dop_operator_v3
[2024-05-10T17:15:44.591+0700] {logging_mixin.py:188} INFO - [2024-05-10T17:15:44.590+0700] {dag.py:3954} INFO - Setting next_dagrun for example_branch_dop_operator_v3 to 2024-05-10 10:14:00+00:00, run_after=2024-05-10 10:15:00+00:00
[2024-05-10T17:15:44.598+0700] {processor.py:183} INFO - Processing /opt/anaconda3/envs/kafka_project/lib/python3.12/site-packages/airflow/example_dags/example_branch_python_dop_operator_3.py took 0.149 seconds
[2024-05-10T17:17:53.106+0700] {processor.py:161} INFO - Started process (PID=82381) to work on /opt/anaconda3/envs/kafka_project/lib/python3.12/site-packages/airflow/example_dags/example_branch_python_dop_operator_3.py
[2024-05-10T17:17:53.107+0700] {processor.py:830} INFO - Processing file /opt/anaconda3/envs/kafka_project/lib/python3.12/site-packages/airflow/example_dags/example_branch_python_dop_operator_3.py for tasks to queue
[2024-05-10T17:17:53.107+0700] {logging_mixin.py:188} INFO - [2024-05-10T17:17:53.107+0700] {dagbag.py:545} INFO - Filling up the DagBag from /opt/anaconda3/envs/kafka_project/lib/python3.12/site-packages/airflow/example_dags/example_branch_python_dop_operator_3.py
[2024-05-10T17:17:53.130+0700] {processor.py:840} INFO - DAG(s) 'example_branch_dop_operator_v3' retrieved from /opt/anaconda3/envs/kafka_project/lib/python3.12/site-packages/airflow/example_dags/example_branch_python_dop_operator_3.py
[2024-05-10T17:17:53.184+0700] {logging_mixin.py:188} INFO - [2024-05-10T17:17:53.184+0700] {dag.py:3096} INFO - Sync 1 DAGs
[2024-05-10T17:17:53.196+0700] {logging_mixin.py:188} INFO - [2024-05-10T17:17:53.195+0700] {dag.py:3954} INFO - Setting next_dagrun for example_branch_dop_operator_v3 to 2024-05-10 10:16:00+00:00, run_after=2024-05-10 10:17:00+00:00
[2024-05-10T17:17:53.204+0700] {processor.py:183} INFO - Processing /opt/anaconda3/envs/kafka_project/lib/python3.12/site-packages/airflow/example_dags/example_branch_python_dop_operator_3.py took 0.099 seconds
[2024-05-10T17:20:01.007+0700] {processor.py:161} INFO - Started process (PID=83393) to work on /opt/anaconda3/envs/kafka_project/lib/python3.12/site-packages/airflow/example_dags/example_branch_python_dop_operator_3.py
[2024-05-10T17:20:01.008+0700] {processor.py:830} INFO - Processing file /opt/anaconda3/envs/kafka_project/lib/python3.12/site-packages/airflow/example_dags/example_branch_python_dop_operator_3.py for tasks to queue
[2024-05-10T17:20:01.009+0700] {logging_mixin.py:188} INFO - [2024-05-10T17:20:01.009+0700] {dagbag.py:545} INFO - Filling up the DagBag from /opt/anaconda3/envs/kafka_project/lib/python3.12/site-packages/airflow/example_dags/example_branch_python_dop_operator_3.py
[2024-05-10T17:20:01.033+0700] {processor.py:840} INFO - DAG(s) 'example_branch_dop_operator_v3' retrieved from /opt/anaconda3/envs/kafka_project/lib/python3.12/site-packages/airflow/example_dags/example_branch_python_dop_operator_3.py
[2024-05-10T17:20:01.093+0700] {logging_mixin.py:188} INFO - [2024-05-10T17:20:01.092+0700] {dag.py:3096} INFO - Sync 1 DAGs
[2024-05-10T17:20:01.105+0700] {logging_mixin.py:188} INFO - [2024-05-10T17:20:01.105+0700] {dag.py:3954} INFO - Setting next_dagrun for example_branch_dop_operator_v3 to 2024-05-10 10:19:00+00:00, run_after=2024-05-10 10:20:00+00:00
[2024-05-10T17:20:01.116+0700] {processor.py:183} INFO - Processing /opt/anaconda3/envs/kafka_project/lib/python3.12/site-packages/airflow/example_dags/example_branch_python_dop_operator_3.py took 0.110 seconds
[2024-05-10T17:22:13.516+0700] {processor.py:161} INFO - Started process (PID=84938) to work on /opt/anaconda3/envs/kafka_project/lib/python3.12/site-packages/airflow/example_dags/example_branch_python_dop_operator_3.py
[2024-05-10T17:22:13.517+0700] {processor.py:830} INFO - Processing file /opt/anaconda3/envs/kafka_project/lib/python3.12/site-packages/airflow/example_dags/example_branch_python_dop_operator_3.py for tasks to queue
[2024-05-10T17:22:13.517+0700] {logging_mixin.py:188} INFO - [2024-05-10T17:22:13.517+0700] {dagbag.py:545} INFO - Filling up the DagBag from /opt/anaconda3/envs/kafka_project/lib/python3.12/site-packages/airflow/example_dags/example_branch_python_dop_operator_3.py
[2024-05-10T17:22:13.539+0700] {processor.py:840} INFO - DAG(s) 'example_branch_dop_operator_v3' retrieved from /opt/anaconda3/envs/kafka_project/lib/python3.12/site-packages/airflow/example_dags/example_branch_python_dop_operator_3.py
[2024-05-10T17:22:13.595+0700] {logging_mixin.py:188} INFO - [2024-05-10T17:22:13.595+0700] {dag.py:3096} INFO - Sync 1 DAGs
[2024-05-10T17:22:13.608+0700] {logging_mixin.py:188} INFO - [2024-05-10T17:22:13.608+0700] {dag.py:3954} INFO - Setting next_dagrun for example_branch_dop_operator_v3 to 2024-05-10 10:21:00+00:00, run_after=2024-05-10 10:22:00+00:00
[2024-05-10T17:22:13.618+0700] {processor.py:183} INFO - Processing /opt/anaconda3/envs/kafka_project/lib/python3.12/site-packages/airflow/example_dags/example_branch_python_dop_operator_3.py took 0.104 seconds
