[2024-05-10T17:15:25.121+0700] {processor.py:161} INFO - Started process (PID=81193) to work on /opt/anaconda3/envs/kafka_project/lib/python3.12/site-packages/airflow/example_dags/example_latest_only_with_trigger.py
[2024-05-10T17:15:25.122+0700] {processor.py:830} INFO - Processing file /opt/anaconda3/envs/kafka_project/lib/python3.12/site-packages/airflow/example_dags/example_latest_only_with_trigger.py for tasks to queue
[2024-05-10T17:15:25.122+0700] {logging_mixin.py:188} INFO - [2024-05-10T17:15:25.122+0700] {dagbag.py:545} INFO - Filling up the DagBag from /opt/anaconda3/envs/kafka_project/lib/python3.12/site-packages/airflow/example_dags/example_latest_only_with_trigger.py
[2024-05-10T17:15:25.128+0700] {processor.py:840} INFO - DAG(s) 'latest_only_with_trigger' retrieved from /opt/anaconda3/envs/kafka_project/lib/python3.12/site-packages/airflow/example_dags/example_latest_only_with_trigger.py
[2024-05-10T17:15:25.229+0700] {logging_mixin.py:188} INFO - [2024-05-10T17:15:25.229+0700] {override.py:1829} INFO - Created Permission View: can read on DAG:latest_only_with_trigger
[2024-05-10T17:15:25.233+0700] {logging_mixin.py:188} INFO - [2024-05-10T17:15:25.233+0700] {override.py:1829} INFO - Created Permission View: can edit on DAG:latest_only_with_trigger
[2024-05-10T17:15:25.236+0700] {logging_mixin.py:188} INFO - [2024-05-10T17:15:25.235+0700] {override.py:1829} INFO - Created Permission View: can delete on DAG:latest_only_with_trigger
[2024-05-10T17:15:25.236+0700] {logging_mixin.py:188} INFO - [2024-05-10T17:15:25.236+0700] {dag.py:3096} INFO - Sync 1 DAGs
[2024-05-10T17:15:25.240+0700] {logging_mixin.py:188} INFO - [2024-05-10T17:15:25.240+0700] {dag.py:3118} INFO - Creating ORM DAG for latest_only_with_trigger
[2024-05-10T17:15:25.244+0700] {logging_mixin.py:188} INFO - [2024-05-10T17:15:25.244+0700] {dag.py:3954} INFO - Setting next_dagrun for latest_only_with_trigger to 2024-05-10 04:00:00+00:00, run_after=2024-05-10 08:00:00+00:00
[2024-05-10T17:15:25.252+0700] {processor.py:183} INFO - Processing /opt/anaconda3/envs/kafka_project/lib/python3.12/site-packages/airflow/example_dags/example_latest_only_with_trigger.py took 0.133 seconds
[2024-05-10T17:16:59.269+0700] {processor.py:161} INFO - Started process (PID=81934) to work on /opt/anaconda3/envs/kafka_project/lib/python3.12/site-packages/airflow/example_dags/example_latest_only_with_trigger.py
[2024-05-10T17:16:59.270+0700] {processor.py:830} INFO - Processing file /opt/anaconda3/envs/kafka_project/lib/python3.12/site-packages/airflow/example_dags/example_latest_only_with_trigger.py for tasks to queue
[2024-05-10T17:16:59.271+0700] {logging_mixin.py:188} INFO - [2024-05-10T17:16:59.271+0700] {dagbag.py:545} INFO - Filling up the DagBag from /opt/anaconda3/envs/kafka_project/lib/python3.12/site-packages/airflow/example_dags/example_latest_only_with_trigger.py
[2024-05-10T17:16:59.276+0700] {processor.py:840} INFO - DAG(s) 'latest_only_with_trigger' retrieved from /opt/anaconda3/envs/kafka_project/lib/python3.12/site-packages/airflow/example_dags/example_latest_only_with_trigger.py
[2024-05-10T17:16:59.336+0700] {logging_mixin.py:188} INFO - [2024-05-10T17:16:59.336+0700] {dag.py:3096} INFO - Sync 1 DAGs
[2024-05-10T17:16:59.345+0700] {logging_mixin.py:188} INFO - [2024-05-10T17:16:59.344+0700] {dag.py:3954} INFO - Setting next_dagrun for latest_only_with_trigger to 2024-05-10 04:00:00+00:00, run_after=2024-05-10 08:00:00+00:00
[2024-05-10T17:16:59.354+0700] {processor.py:183} INFO - Processing /opt/anaconda3/envs/kafka_project/lib/python3.12/site-packages/airflow/example_dags/example_latest_only_with_trigger.py took 0.086 seconds
[2024-05-10T17:19:09.202+0700] {processor.py:161} INFO - Started process (PID=82982) to work on /opt/anaconda3/envs/kafka_project/lib/python3.12/site-packages/airflow/example_dags/example_latest_only_with_trigger.py
[2024-05-10T17:19:09.202+0700] {processor.py:830} INFO - Processing file /opt/anaconda3/envs/kafka_project/lib/python3.12/site-packages/airflow/example_dags/example_latest_only_with_trigger.py for tasks to queue
[2024-05-10T17:19:09.203+0700] {logging_mixin.py:188} INFO - [2024-05-10T17:19:09.202+0700] {dagbag.py:545} INFO - Filling up the DagBag from /opt/anaconda3/envs/kafka_project/lib/python3.12/site-packages/airflow/example_dags/example_latest_only_with_trigger.py
[2024-05-10T17:19:09.208+0700] {processor.py:840} INFO - DAG(s) 'latest_only_with_trigger' retrieved from /opt/anaconda3/envs/kafka_project/lib/python3.12/site-packages/airflow/example_dags/example_latest_only_with_trigger.py
[2024-05-10T17:19:09.263+0700] {logging_mixin.py:188} INFO - [2024-05-10T17:19:09.263+0700] {dag.py:3096} INFO - Sync 1 DAGs
[2024-05-10T17:19:09.272+0700] {logging_mixin.py:188} INFO - [2024-05-10T17:19:09.272+0700] {dag.py:3954} INFO - Setting next_dagrun for latest_only_with_trigger to 2024-05-10 04:00:00+00:00, run_after=2024-05-10 08:00:00+00:00
[2024-05-10T17:19:09.281+0700] {processor.py:183} INFO - Processing /opt/anaconda3/envs/kafka_project/lib/python3.12/site-packages/airflow/example_dags/example_latest_only_with_trigger.py took 0.081 seconds
[2024-05-10T17:21:18.414+0700] {processor.py:161} INFO - Started process (PID=84269) to work on /opt/anaconda3/envs/kafka_project/lib/python3.12/site-packages/airflow/example_dags/example_latest_only_with_trigger.py
[2024-05-10T17:21:18.415+0700] {processor.py:830} INFO - Processing file /opt/anaconda3/envs/kafka_project/lib/python3.12/site-packages/airflow/example_dags/example_latest_only_with_trigger.py for tasks to queue
[2024-05-10T17:21:18.415+0700] {logging_mixin.py:188} INFO - [2024-05-10T17:21:18.415+0700] {dagbag.py:545} INFO - Filling up the DagBag from /opt/anaconda3/envs/kafka_project/lib/python3.12/site-packages/airflow/example_dags/example_latest_only_with_trigger.py
[2024-05-10T17:21:18.421+0700] {processor.py:840} INFO - DAG(s) 'latest_only_with_trigger' retrieved from /opt/anaconda3/envs/kafka_project/lib/python3.12/site-packages/airflow/example_dags/example_latest_only_with_trigger.py
[2024-05-10T17:21:18.480+0700] {logging_mixin.py:188} INFO - [2024-05-10T17:21:18.480+0700] {dag.py:3096} INFO - Sync 1 DAGs
[2024-05-10T17:21:18.489+0700] {logging_mixin.py:188} INFO - [2024-05-10T17:21:18.489+0700] {dag.py:3954} INFO - Setting next_dagrun for latest_only_with_trigger to 2024-05-10 04:00:00+00:00, run_after=2024-05-10 08:00:00+00:00
[2024-05-10T17:21:18.499+0700] {processor.py:183} INFO - Processing /opt/anaconda3/envs/kafka_project/lib/python3.12/site-packages/airflow/example_dags/example_latest_only_with_trigger.py took 0.086 seconds
