[2024-05-10T17:15:53.578+0700] {processor.py:161} INFO - Started process (PID=81419) to work on /opt/anaconda3/envs/kafka_project/lib/python3.12/site-packages/airflow/example_dags/example_branch_datetime_operator.py
[2024-05-10T17:15:53.579+0700] {processor.py:830} INFO - Processing file /opt/anaconda3/envs/kafka_project/lib/python3.12/site-packages/airflow/example_dags/example_branch_datetime_operator.py for tasks to queue
[2024-05-10T17:15:53.579+0700] {logging_mixin.py:188} INFO - [2024-05-10T17:15:53.579+0700] {dagbag.py:545} INFO - Filling up the DagBag from /opt/anaconda3/envs/kafka_project/lib/python3.12/site-packages/airflow/example_dags/example_branch_datetime_operator.py
[2024-05-10T17:15:53.587+0700] {processor.py:840} INFO - DAG(s) 'example_branch_datetime_operator_3', 'example_branch_datetime_operator_2', 'example_branch_datetime_operator' retrieved from /opt/anaconda3/envs/kafka_project/lib/python3.12/site-packages/airflow/example_dags/example_branch_datetime_operator.py
[2024-05-10T17:15:53.687+0700] {logging_mixin.py:188} INFO - [2024-05-10T17:15:53.687+0700] {override.py:1829} INFO - Created Permission View: can delete on DAG:example_branch_datetime_operator_3
[2024-05-10T17:15:53.692+0700] {logging_mixin.py:188} INFO - [2024-05-10T17:15:53.691+0700] {override.py:1829} INFO - Created Permission View: can read on DAG:example_branch_datetime_operator_3
[2024-05-10T17:15:53.695+0700] {logging_mixin.py:188} INFO - [2024-05-10T17:15:53.695+0700] {override.py:1829} INFO - Created Permission View: can edit on DAG:example_branch_datetime_operator_3
[2024-05-10T17:15:53.700+0700] {logging_mixin.py:188} INFO - [2024-05-10T17:15:53.700+0700] {override.py:1829} INFO - Created Permission View: can delete on DAG:example_branch_datetime_operator_2
[2024-05-10T17:15:53.703+0700] {logging_mixin.py:188} INFO - [2024-05-10T17:15:53.703+0700] {override.py:1829} INFO - Created Permission View: can read on DAG:example_branch_datetime_operator_2
[2024-05-10T17:15:53.706+0700] {logging_mixin.py:188} INFO - [2024-05-10T17:15:53.706+0700] {override.py:1829} INFO - Created Permission View: can edit on DAG:example_branch_datetime_operator_2
[2024-05-10T17:15:53.712+0700] {logging_mixin.py:188} INFO - [2024-05-10T17:15:53.712+0700] {override.py:1829} INFO - Created Permission View: can delete on DAG:example_branch_datetime_operator
[2024-05-10T17:15:53.716+0700] {logging_mixin.py:188} INFO - [2024-05-10T17:15:53.716+0700] {override.py:1829} INFO - Created Permission View: can read on DAG:example_branch_datetime_operator
[2024-05-10T17:15:53.719+0700] {logging_mixin.py:188} INFO - [2024-05-10T17:15:53.719+0700] {override.py:1829} INFO - Created Permission View: can edit on DAG:example_branch_datetime_operator
[2024-05-10T17:15:53.719+0700] {logging_mixin.py:188} INFO - [2024-05-10T17:15:53.719+0700] {dag.py:3096} INFO - Sync 3 DAGs
[2024-05-10T17:15:53.724+0700] {logging_mixin.py:188} INFO - [2024-05-10T17:15:53.724+0700] {dag.py:3118} INFO - Creating ORM DAG for example_branch_datetime_operator_2
[2024-05-10T17:15:53.724+0700] {logging_mixin.py:188} INFO - [2024-05-10T17:15:53.724+0700] {dag.py:3118} INFO - Creating ORM DAG for example_branch_datetime_operator_3
[2024-05-10T17:15:53.724+0700] {logging_mixin.py:188} INFO - [2024-05-10T17:15:53.724+0700] {dag.py:3118} INFO - Creating ORM DAG for example_branch_datetime_operator
[2024-05-10T17:15:53.728+0700] {logging_mixin.py:188} INFO - [2024-05-10T17:15:53.728+0700] {dag.py:3954} INFO - Setting next_dagrun for example_branch_datetime_operator to 2024-05-09 00:00:00+00:00, run_after=2024-05-10 00:00:00+00:00
[2024-05-10T17:15:53.729+0700] {logging_mixin.py:188} INFO - [2024-05-10T17:15:53.729+0700] {dag.py:3954} INFO - Setting next_dagrun for example_branch_datetime_operator_2 to 2024-05-09 00:00:00+00:00, run_after=2024-05-10 00:00:00+00:00
[2024-05-10T17:15:53.730+0700] {logging_mixin.py:188} INFO - [2024-05-10T17:15:53.730+0700] {dag.py:3954} INFO - Setting next_dagrun for example_branch_datetime_operator_3 to 2024-05-09 00:00:00+00:00, run_after=2024-05-10 00:00:00+00:00
[2024-05-10T17:15:53.739+0700] {processor.py:183} INFO - Processing /opt/anaconda3/envs/kafka_project/lib/python3.12/site-packages/airflow/example_dags/example_branch_datetime_operator.py took 0.162 seconds
[2024-05-10T17:18:02.166+0700] {processor.py:161} INFO - Started process (PID=82446) to work on /opt/anaconda3/envs/kafka_project/lib/python3.12/site-packages/airflow/example_dags/example_branch_datetime_operator.py
[2024-05-10T17:18:02.167+0700] {processor.py:830} INFO - Processing file /opt/anaconda3/envs/kafka_project/lib/python3.12/site-packages/airflow/example_dags/example_branch_datetime_operator.py for tasks to queue
[2024-05-10T17:18:02.167+0700] {logging_mixin.py:188} INFO - [2024-05-10T17:18:02.167+0700] {dagbag.py:545} INFO - Filling up the DagBag from /opt/anaconda3/envs/kafka_project/lib/python3.12/site-packages/airflow/example_dags/example_branch_datetime_operator.py
[2024-05-10T17:18:02.175+0700] {processor.py:840} INFO - DAG(s) 'example_branch_datetime_operator_3', 'example_branch_datetime_operator', 'example_branch_datetime_operator_2' retrieved from /opt/anaconda3/envs/kafka_project/lib/python3.12/site-packages/airflow/example_dags/example_branch_datetime_operator.py
[2024-05-10T17:18:02.237+0700] {logging_mixin.py:188} INFO - [2024-05-10T17:18:02.237+0700] {dag.py:3096} INFO - Sync 3 DAGs
[2024-05-10T17:18:02.245+0700] {logging_mixin.py:188} INFO - [2024-05-10T17:18:02.245+0700] {dag.py:3954} INFO - Setting next_dagrun for example_branch_datetime_operator to 2024-05-09 00:00:00+00:00, run_after=2024-05-10 00:00:00+00:00
[2024-05-10T17:18:02.247+0700] {logging_mixin.py:188} INFO - [2024-05-10T17:18:02.247+0700] {dag.py:3954} INFO - Setting next_dagrun for example_branch_datetime_operator_2 to 2024-05-09 00:00:00+00:00, run_after=2024-05-10 00:00:00+00:00
[2024-05-10T17:18:02.248+0700] {logging_mixin.py:188} INFO - [2024-05-10T17:18:02.248+0700] {dag.py:3954} INFO - Setting next_dagrun for example_branch_datetime_operator_3 to 2024-05-09 00:00:00+00:00, run_after=2024-05-10 00:00:00+00:00
[2024-05-10T17:18:02.256+0700] {processor.py:183} INFO - Processing /opt/anaconda3/envs/kafka_project/lib/python3.12/site-packages/airflow/example_dags/example_branch_datetime_operator.py took 0.093 seconds
[2024-05-10T17:20:10.984+0700] {processor.py:161} INFO - Started process (PID=83642) to work on /opt/anaconda3/envs/kafka_project/lib/python3.12/site-packages/airflow/example_dags/example_branch_datetime_operator.py
[2024-05-10T17:20:10.986+0700] {processor.py:830} INFO - Processing file /opt/anaconda3/envs/kafka_project/lib/python3.12/site-packages/airflow/example_dags/example_branch_datetime_operator.py for tasks to queue
[2024-05-10T17:20:10.986+0700] {logging_mixin.py:188} INFO - [2024-05-10T17:20:10.986+0700] {dagbag.py:545} INFO - Filling up the DagBag from /opt/anaconda3/envs/kafka_project/lib/python3.12/site-packages/airflow/example_dags/example_branch_datetime_operator.py
[2024-05-10T17:20:10.994+0700] {processor.py:840} INFO - DAG(s) 'example_branch_datetime_operator', 'example_branch_datetime_operator_3', 'example_branch_datetime_operator_2' retrieved from /opt/anaconda3/envs/kafka_project/lib/python3.12/site-packages/airflow/example_dags/example_branch_datetime_operator.py
[2024-05-10T17:20:11.054+0700] {logging_mixin.py:188} INFO - [2024-05-10T17:20:11.053+0700] {dag.py:3096} INFO - Sync 3 DAGs
[2024-05-10T17:20:11.063+0700] {logging_mixin.py:188} INFO - [2024-05-10T17:20:11.062+0700] {dag.py:3954} INFO - Setting next_dagrun for example_branch_datetime_operator to 2024-05-09 00:00:00+00:00, run_after=2024-05-10 00:00:00+00:00
[2024-05-10T17:20:11.065+0700] {logging_mixin.py:188} INFO - [2024-05-10T17:20:11.065+0700] {dag.py:3954} INFO - Setting next_dagrun for example_branch_datetime_operator_2 to 2024-05-09 00:00:00+00:00, run_after=2024-05-10 00:00:00+00:00
[2024-05-10T17:20:11.066+0700] {logging_mixin.py:188} INFO - [2024-05-10T17:20:11.066+0700] {dag.py:3954} INFO - Setting next_dagrun for example_branch_datetime_operator_3 to 2024-05-09 00:00:00+00:00, run_after=2024-05-10 00:00:00+00:00
[2024-05-10T17:20:11.075+0700] {processor.py:183} INFO - Processing /opt/anaconda3/envs/kafka_project/lib/python3.12/site-packages/airflow/example_dags/example_branch_datetime_operator.py took 0.092 seconds
[2024-05-10T17:22:23.603+0700] {processor.py:161} INFO - Started process (PID=85068) to work on /opt/anaconda3/envs/kafka_project/lib/python3.12/site-packages/airflow/example_dags/example_branch_datetime_operator.py
[2024-05-10T17:22:23.604+0700] {processor.py:830} INFO - Processing file /opt/anaconda3/envs/kafka_project/lib/python3.12/site-packages/airflow/example_dags/example_branch_datetime_operator.py for tasks to queue
[2024-05-10T17:22:23.604+0700] {logging_mixin.py:188} INFO - [2024-05-10T17:22:23.604+0700] {dagbag.py:545} INFO - Filling up the DagBag from /opt/anaconda3/envs/kafka_project/lib/python3.12/site-packages/airflow/example_dags/example_branch_datetime_operator.py
[2024-05-10T17:22:23.611+0700] {processor.py:840} INFO - DAG(s) 'example_branch_datetime_operator', 'example_branch_datetime_operator_3', 'example_branch_datetime_operator_2' retrieved from /opt/anaconda3/envs/kafka_project/lib/python3.12/site-packages/airflow/example_dags/example_branch_datetime_operator.py
[2024-05-10T17:22:23.671+0700] {logging_mixin.py:188} INFO - [2024-05-10T17:22:23.671+0700] {dag.py:3096} INFO - Sync 3 DAGs
[2024-05-10T17:22:23.681+0700] {logging_mixin.py:188} INFO - [2024-05-10T17:22:23.680+0700] {dag.py:3954} INFO - Setting next_dagrun for example_branch_datetime_operator to 2024-05-09 00:00:00+00:00, run_after=2024-05-10 00:00:00+00:00
[2024-05-10T17:22:23.683+0700] {logging_mixin.py:188} INFO - [2024-05-10T17:22:23.683+0700] {dag.py:3954} INFO - Setting next_dagrun for example_branch_datetime_operator_2 to 2024-05-09 00:00:00+00:00, run_after=2024-05-10 00:00:00+00:00
[2024-05-10T17:22:23.684+0700] {logging_mixin.py:188} INFO - [2024-05-10T17:22:23.684+0700] {dag.py:3954} INFO - Setting next_dagrun for example_branch_datetime_operator_3 to 2024-05-09 00:00:00+00:00, run_after=2024-05-10 00:00:00+00:00
[2024-05-10T17:22:23.692+0700] {processor.py:183} INFO - Processing /opt/anaconda3/envs/kafka_project/lib/python3.12/site-packages/airflow/example_dags/example_branch_datetime_operator.py took 0.091 seconds
