[2024-05-10T17:14:58.980+0700] {processor.py:161} INFO - Started process (PID=80979) to work on /opt/anaconda3/envs/kafka_project/lib/python3.12/site-packages/airflow/example_dags/example_short_circuit_operator.py
[2024-05-10T17:14:58.981+0700] {processor.py:830} INFO - Processing file /opt/anaconda3/envs/kafka_project/lib/python3.12/site-packages/airflow/example_dags/example_short_circuit_operator.py for tasks to queue
[2024-05-10T17:14:58.981+0700] {logging_mixin.py:188} INFO - [2024-05-10T17:14:58.981+0700] {dagbag.py:545} INFO - Filling up the DagBag from /opt/anaconda3/envs/kafka_project/lib/python3.12/site-packages/airflow/example_dags/example_short_circuit_operator.py
[2024-05-10T17:14:58.999+0700] {processor.py:840} INFO - DAG(s) 'example_short_circuit_operator' retrieved from /opt/anaconda3/envs/kafka_project/lib/python3.12/site-packages/airflow/example_dags/example_short_circuit_operator.py
[2024-05-10T17:14:59.100+0700] {logging_mixin.py:188} INFO - [2024-05-10T17:14:59.100+0700] {override.py:1829} INFO - Created Permission View: can delete on DAG:example_short_circuit_operator
[2024-05-10T17:14:59.104+0700] {logging_mixin.py:188} INFO - [2024-05-10T17:14:59.104+0700] {override.py:1829} INFO - Created Permission View: can edit on DAG:example_short_circuit_operator
[2024-05-10T17:14:59.107+0700] {logging_mixin.py:188} INFO - [2024-05-10T17:14:59.107+0700] {override.py:1829} INFO - Created Permission View: can read on DAG:example_short_circuit_operator
[2024-05-10T17:14:59.107+0700] {logging_mixin.py:188} INFO - [2024-05-10T17:14:59.107+0700] {dag.py:3096} INFO - Sync 1 DAGs
[2024-05-10T17:14:59.112+0700] {logging_mixin.py:188} INFO - [2024-05-10T17:14:59.112+0700] {dag.py:3118} INFO - Creating ORM DAG for example_short_circuit_operator
[2024-05-10T17:14:59.116+0700] {logging_mixin.py:188} INFO - [2024-05-10T17:14:59.116+0700] {dag.py:3954} INFO - Setting next_dagrun for example_short_circuit_operator to 2024-05-09 00:00:00+00:00, run_after=2024-05-10 00:00:00+00:00
[2024-05-10T17:14:59.124+0700] {processor.py:183} INFO - Processing /opt/anaconda3/envs/kafka_project/lib/python3.12/site-packages/airflow/example_dags/example_short_circuit_operator.py took 0.146 seconds
[2024-05-10T17:16:35.242+0700] {processor.py:161} INFO - Started process (PID=81746) to work on /opt/anaconda3/envs/kafka_project/lib/python3.12/site-packages/airflow/example_dags/example_short_circuit_operator.py
[2024-05-10T17:16:35.244+0700] {processor.py:830} INFO - Processing file /opt/anaconda3/envs/kafka_project/lib/python3.12/site-packages/airflow/example_dags/example_short_circuit_operator.py for tasks to queue
[2024-05-10T17:16:35.244+0700] {logging_mixin.py:188} INFO - [2024-05-10T17:16:35.244+0700] {dagbag.py:545} INFO - Filling up the DagBag from /opt/anaconda3/envs/kafka_project/lib/python3.12/site-packages/airflow/example_dags/example_short_circuit_operator.py
[2024-05-10T17:16:35.260+0700] {processor.py:840} INFO - DAG(s) 'example_short_circuit_operator' retrieved from /opt/anaconda3/envs/kafka_project/lib/python3.12/site-packages/airflow/example_dags/example_short_circuit_operator.py
[2024-05-10T17:16:35.319+0700] {logging_mixin.py:188} INFO - [2024-05-10T17:16:35.318+0700] {dag.py:3096} INFO - Sync 1 DAGs
[2024-05-10T17:16:35.326+0700] {logging_mixin.py:188} INFO - [2024-05-10T17:16:35.326+0700] {dag.py:3954} INFO - Setting next_dagrun for example_short_circuit_operator to 2024-05-09 00:00:00+00:00, run_after=2024-05-10 00:00:00+00:00
[2024-05-10T17:16:35.336+0700] {processor.py:183} INFO - Processing /opt/anaconda3/envs/kafka_project/lib/python3.12/site-packages/airflow/example_dags/example_short_circuit_operator.py took 0.095 seconds
[2024-05-10T17:18:45.213+0700] {processor.py:161} INFO - Started process (PID=82789) to work on /opt/anaconda3/envs/kafka_project/lib/python3.12/site-packages/airflow/example_dags/example_short_circuit_operator.py
[2024-05-10T17:18:45.214+0700] {processor.py:830} INFO - Processing file /opt/anaconda3/envs/kafka_project/lib/python3.12/site-packages/airflow/example_dags/example_short_circuit_operator.py for tasks to queue
[2024-05-10T17:18:45.215+0700] {logging_mixin.py:188} INFO - [2024-05-10T17:18:45.215+0700] {dagbag.py:545} INFO - Filling up the DagBag from /opt/anaconda3/envs/kafka_project/lib/python3.12/site-packages/airflow/example_dags/example_short_circuit_operator.py
[2024-05-10T17:18:45.231+0700] {processor.py:840} INFO - DAG(s) 'example_short_circuit_operator' retrieved from /opt/anaconda3/envs/kafka_project/lib/python3.12/site-packages/airflow/example_dags/example_short_circuit_operator.py
[2024-05-10T17:18:45.289+0700] {logging_mixin.py:188} INFO - [2024-05-10T17:18:45.289+0700] {dag.py:3096} INFO - Sync 1 DAGs
[2024-05-10T17:18:45.297+0700] {logging_mixin.py:188} INFO - [2024-05-10T17:18:45.297+0700] {dag.py:3954} INFO - Setting next_dagrun for example_short_circuit_operator to 2024-05-09 00:00:00+00:00, run_after=2024-05-10 00:00:00+00:00
[2024-05-10T17:18:45.307+0700] {processor.py:183} INFO - Processing /opt/anaconda3/envs/kafka_project/lib/python3.12/site-packages/airflow/example_dags/example_short_circuit_operator.py took 0.095 seconds
[2024-05-10T17:20:54.055+0700] {processor.py:161} INFO - Started process (PID=83992) to work on /opt/anaconda3/envs/kafka_project/lib/python3.12/site-packages/airflow/example_dags/example_short_circuit_operator.py
[2024-05-10T17:20:54.057+0700] {processor.py:830} INFO - Processing file /opt/anaconda3/envs/kafka_project/lib/python3.12/site-packages/airflow/example_dags/example_short_circuit_operator.py for tasks to queue
[2024-05-10T17:20:54.057+0700] {logging_mixin.py:188} INFO - [2024-05-10T17:20:54.057+0700] {dagbag.py:545} INFO - Filling up the DagBag from /opt/anaconda3/envs/kafka_project/lib/python3.12/site-packages/airflow/example_dags/example_short_circuit_operator.py
[2024-05-10T17:20:54.073+0700] {processor.py:840} INFO - DAG(s) 'example_short_circuit_operator' retrieved from /opt/anaconda3/envs/kafka_project/lib/python3.12/site-packages/airflow/example_dags/example_short_circuit_operator.py
[2024-05-10T17:20:54.132+0700] {logging_mixin.py:188} INFO - [2024-05-10T17:20:54.132+0700] {dag.py:3096} INFO - Sync 1 DAGs
[2024-05-10T17:20:54.141+0700] {logging_mixin.py:188} INFO - [2024-05-10T17:20:54.140+0700] {dag.py:3954} INFO - Setting next_dagrun for example_short_circuit_operator to 2024-05-09 00:00:00+00:00, run_after=2024-05-10 00:00:00+00:00
[2024-05-10T17:20:54.151+0700] {processor.py:183} INFO - Processing /opt/anaconda3/envs/kafka_project/lib/python3.12/site-packages/airflow/example_dags/example_short_circuit_operator.py took 0.097 seconds
[2024-05-10T17:29:19.490+0700] {processor.py:161} INFO - Started process (PID=89310) to work on /opt/anaconda3/envs/kafka_project/lib/python3.12/site-packages/airflow/example_dags/example_short_circuit_operator.py
[2024-05-10T17:29:19.491+0700] {processor.py:830} INFO - Processing file /opt/anaconda3/envs/kafka_project/lib/python3.12/site-packages/airflow/example_dags/example_short_circuit_operator.py for tasks to queue
[2024-05-10T17:29:19.491+0700] {logging_mixin.py:188} INFO - [2024-05-10T17:29:19.491+0700] {dagbag.py:545} INFO - Filling up the DagBag from /opt/anaconda3/envs/kafka_project/lib/python3.12/site-packages/airflow/example_dags/example_short_circuit_operator.py
[2024-05-10T17:29:19.507+0700] {processor.py:840} INFO - DAG(s) 'example_short_circuit_operator' retrieved from /opt/anaconda3/envs/kafka_project/lib/python3.12/site-packages/airflow/example_dags/example_short_circuit_operator.py
[2024-05-10T17:29:19.565+0700] {logging_mixin.py:188} INFO - [2024-05-10T17:29:19.564+0700] {dag.py:3096} INFO - Sync 1 DAGs
[2024-05-10T17:29:19.573+0700] {logging_mixin.py:188} INFO - [2024-05-10T17:29:19.573+0700] {dag.py:3954} INFO - Setting next_dagrun for example_short_circuit_operator to 2024-05-09 00:00:00+00:00, run_after=2024-05-10 00:00:00+00:00
[2024-05-10T17:29:19.583+0700] {processor.py:183} INFO - Processing /opt/anaconda3/envs/kafka_project/lib/python3.12/site-packages/airflow/example_dags/example_short_circuit_operator.py took 0.094 seconds
