[2024-05-10T17:15:32.307+0700] {processor.py:161} INFO - Started process (PID=81250) to work on /opt/anaconda3/envs/kafka_project/lib/python3.12/site-packages/airflow/example_dags/example_dynamic_task_mapping_with_no_taskflow_operators.py
[2024-05-10T17:15:32.308+0700] {processor.py:830} INFO - Processing file /opt/anaconda3/envs/kafka_project/lib/python3.12/site-packages/airflow/example_dags/example_dynamic_task_mapping_with_no_taskflow_operators.py for tasks to queue
[2024-05-10T17:15:32.308+0700] {logging_mixin.py:188} INFO - [2024-05-10T17:15:32.308+0700] {dagbag.py:545} INFO - Filling up the DagBag from /opt/anaconda3/envs/kafka_project/lib/python3.12/site-packages/airflow/example_dags/example_dynamic_task_mapping_with_no_taskflow_operators.py
[2024-05-10T17:15:32.314+0700] {processor.py:840} INFO - DAG(s) 'example_dynamic_task_mapping_with_no_taskflow_operators' retrieved from /opt/anaconda3/envs/kafka_project/lib/python3.12/site-packages/airflow/example_dags/example_dynamic_task_mapping_with_no_taskflow_operators.py
[2024-05-10T17:15:32.417+0700] {logging_mixin.py:188} INFO - [2024-05-10T17:15:32.417+0700] {override.py:1829} INFO - Created Permission View: can edit on DAG:example_dynamic_task_mapping_with_no_taskflow_operators
[2024-05-10T17:15:32.421+0700] {logging_mixin.py:188} INFO - [2024-05-10T17:15:32.421+0700] {override.py:1829} INFO - Created Permission View: can delete on DAG:example_dynamic_task_mapping_with_no_taskflow_operators
[2024-05-10T17:15:32.424+0700] {logging_mixin.py:188} INFO - [2024-05-10T17:15:32.423+0700] {override.py:1829} INFO - Created Permission View: can read on DAG:example_dynamic_task_mapping_with_no_taskflow_operators
[2024-05-10T17:15:32.424+0700] {logging_mixin.py:188} INFO - [2024-05-10T17:15:32.424+0700] {dag.py:3096} INFO - Sync 1 DAGs
[2024-05-10T17:15:32.429+0700] {logging_mixin.py:188} INFO - [2024-05-10T17:15:32.428+0700] {dag.py:3118} INFO - Creating ORM DAG for example_dynamic_task_mapping_with_no_taskflow_operators
[2024-05-10T17:15:32.432+0700] {logging_mixin.py:188} INFO - [2024-05-10T17:15:32.432+0700] {dag.py:3954} INFO - Setting next_dagrun for example_dynamic_task_mapping_with_no_taskflow_operators to 2024-05-09 00:00:00+00:00, run_after=2024-05-10 00:00:00+00:00
[2024-05-10T17:15:32.441+0700] {processor.py:183} INFO - Processing /opt/anaconda3/envs/kafka_project/lib/python3.12/site-packages/airflow/example_dags/example_dynamic_task_mapping_with_no_taskflow_operators.py took 0.134 seconds
[2024-05-10T17:17:42.070+0700] {processor.py:161} INFO - Started process (PID=82279) to work on /opt/anaconda3/envs/kafka_project/lib/python3.12/site-packages/airflow/example_dags/example_dynamic_task_mapping_with_no_taskflow_operators.py
[2024-05-10T17:17:42.072+0700] {processor.py:830} INFO - Processing file /opt/anaconda3/envs/kafka_project/lib/python3.12/site-packages/airflow/example_dags/example_dynamic_task_mapping_with_no_taskflow_operators.py for tasks to queue
[2024-05-10T17:17:42.072+0700] {logging_mixin.py:188} INFO - [2024-05-10T17:17:42.072+0700] {dagbag.py:545} INFO - Filling up the DagBag from /opt/anaconda3/envs/kafka_project/lib/python3.12/site-packages/airflow/example_dags/example_dynamic_task_mapping_with_no_taskflow_operators.py
[2024-05-10T17:17:42.077+0700] {processor.py:840} INFO - DAG(s) 'example_dynamic_task_mapping_with_no_taskflow_operators' retrieved from /opt/anaconda3/envs/kafka_project/lib/python3.12/site-packages/airflow/example_dags/example_dynamic_task_mapping_with_no_taskflow_operators.py
[2024-05-10T17:17:42.132+0700] {logging_mixin.py:188} INFO - [2024-05-10T17:17:42.132+0700] {dag.py:3096} INFO - Sync 1 DAGs
[2024-05-10T17:17:42.140+0700] {logging_mixin.py:188} INFO - [2024-05-10T17:17:42.140+0700] {dag.py:3954} INFO - Setting next_dagrun for example_dynamic_task_mapping_with_no_taskflow_operators to 2024-05-09 00:00:00+00:00, run_after=2024-05-10 00:00:00+00:00
[2024-05-10T17:17:42.150+0700] {processor.py:183} INFO - Processing /opt/anaconda3/envs/kafka_project/lib/python3.12/site-packages/airflow/example_dags/example_dynamic_task_mapping_with_no_taskflow_operators.py took 0.081 seconds
[2024-05-10T17:19:49.999+0700] {processor.py:161} INFO - Started process (PID=83310) to work on /opt/anaconda3/envs/kafka_project/lib/python3.12/site-packages/airflow/example_dags/example_dynamic_task_mapping_with_no_taskflow_operators.py
[2024-05-10T17:19:50.000+0700] {processor.py:830} INFO - Processing file /opt/anaconda3/envs/kafka_project/lib/python3.12/site-packages/airflow/example_dags/example_dynamic_task_mapping_with_no_taskflow_operators.py for tasks to queue
[2024-05-10T17:19:50.001+0700] {logging_mixin.py:188} INFO - [2024-05-10T17:19:50.001+0700] {dagbag.py:545} INFO - Filling up the DagBag from /opt/anaconda3/envs/kafka_project/lib/python3.12/site-packages/airflow/example_dags/example_dynamic_task_mapping_with_no_taskflow_operators.py
[2024-05-10T17:19:50.006+0700] {processor.py:840} INFO - DAG(s) 'example_dynamic_task_mapping_with_no_taskflow_operators' retrieved from /opt/anaconda3/envs/kafka_project/lib/python3.12/site-packages/airflow/example_dags/example_dynamic_task_mapping_with_no_taskflow_operators.py
[2024-05-10T17:19:50.060+0700] {logging_mixin.py:188} INFO - [2024-05-10T17:19:50.060+0700] {dag.py:3096} INFO - Sync 1 DAGs
[2024-05-10T17:19:50.069+0700] {logging_mixin.py:188} INFO - [2024-05-10T17:19:50.069+0700] {dag.py:3954} INFO - Setting next_dagrun for example_dynamic_task_mapping_with_no_taskflow_operators to 2024-05-09 00:00:00+00:00, run_after=2024-05-10 00:00:00+00:00
[2024-05-10T17:19:50.077+0700] {processor.py:183} INFO - Processing /opt/anaconda3/envs/kafka_project/lib/python3.12/site-packages/airflow/example_dags/example_dynamic_task_mapping_with_no_taskflow_operators.py took 0.079 seconds
[2024-05-10T17:22:01.374+0700] {processor.py:161} INFO - Started process (PID=84789) to work on /opt/anaconda3/envs/kafka_project/lib/python3.12/site-packages/airflow/example_dags/example_dynamic_task_mapping_with_no_taskflow_operators.py
[2024-05-10T17:22:01.374+0700] {processor.py:830} INFO - Processing file /opt/anaconda3/envs/kafka_project/lib/python3.12/site-packages/airflow/example_dags/example_dynamic_task_mapping_with_no_taskflow_operators.py for tasks to queue
[2024-05-10T17:22:01.375+0700] {logging_mixin.py:188} INFO - [2024-05-10T17:22:01.375+0700] {dagbag.py:545} INFO - Filling up the DagBag from /opt/anaconda3/envs/kafka_project/lib/python3.12/site-packages/airflow/example_dags/example_dynamic_task_mapping_with_no_taskflow_operators.py
[2024-05-10T17:22:01.380+0700] {processor.py:840} INFO - DAG(s) 'example_dynamic_task_mapping_with_no_taskflow_operators' retrieved from /opt/anaconda3/envs/kafka_project/lib/python3.12/site-packages/airflow/example_dags/example_dynamic_task_mapping_with_no_taskflow_operators.py
[2024-05-10T17:22:01.439+0700] {logging_mixin.py:188} INFO - [2024-05-10T17:22:01.439+0700] {dag.py:3096} INFO - Sync 1 DAGs
[2024-05-10T17:22:01.448+0700] {logging_mixin.py:188} INFO - [2024-05-10T17:22:01.448+0700] {dag.py:3954} INFO - Setting next_dagrun for example_dynamic_task_mapping_with_no_taskflow_operators to 2024-05-09 00:00:00+00:00, run_after=2024-05-10 00:00:00+00:00
[2024-05-10T17:22:01.458+0700] {processor.py:183} INFO - Processing /opt/anaconda3/envs/kafka_project/lib/python3.12/site-packages/airflow/example_dags/example_dynamic_task_mapping_with_no_taskflow_operators.py took 0.085 seconds
