[2024-05-10T17:15:09.156+0700] {processor.py:161} INFO - Started process (PID=81063) to work on /opt/anaconda3/envs/kafka_project/lib/python3.12/site-packages/airflow/example_dags/example_sensor_decorator.py
[2024-05-10T17:15:09.157+0700] {processor.py:830} INFO - Processing file /opt/anaconda3/envs/kafka_project/lib/python3.12/site-packages/airflow/example_dags/example_sensor_decorator.py for tasks to queue
[2024-05-10T17:15:09.157+0700] {logging_mixin.py:188} INFO - [2024-05-10T17:15:09.157+0700] {dagbag.py:545} INFO - Filling up the DagBag from /opt/anaconda3/envs/kafka_project/lib/python3.12/site-packages/airflow/example_dags/example_sensor_decorator.py
[2024-05-10T17:15:09.180+0700] {processor.py:840} INFO - DAG(s) 'example_sensor_decorator' retrieved from /opt/anaconda3/envs/kafka_project/lib/python3.12/site-packages/airflow/example_dags/example_sensor_decorator.py
[2024-05-10T17:15:09.290+0700] {logging_mixin.py:188} INFO - [2024-05-10T17:15:09.289+0700] {override.py:1829} INFO - Created Permission View: can delete on DAG:example_sensor_decorator
[2024-05-10T17:15:09.293+0700] {logging_mixin.py:188} INFO - [2024-05-10T17:15:09.293+0700] {override.py:1829} INFO - Created Permission View: can edit on DAG:example_sensor_decorator
[2024-05-10T17:15:09.296+0700] {logging_mixin.py:188} INFO - [2024-05-10T17:15:09.296+0700] {override.py:1829} INFO - Created Permission View: can read on DAG:example_sensor_decorator
[2024-05-10T17:15:09.297+0700] {logging_mixin.py:188} INFO - [2024-05-10T17:15:09.297+0700] {dag.py:3096} INFO - Sync 1 DAGs
[2024-05-10T17:15:09.302+0700] {logging_mixin.py:188} INFO - [2024-05-10T17:15:09.302+0700] {dag.py:3118} INFO - Creating ORM DAG for example_sensor_decorator
[2024-05-10T17:15:09.302+0700] {logging_mixin.py:188} INFO - [2024-05-10T17:15:09.302+0700] {dag.py:3954} INFO - Setting next_dagrun for example_sensor_decorator to None, run_after=None
[2024-05-10T17:15:09.310+0700] {processor.py:183} INFO - Processing /opt/anaconda3/envs/kafka_project/lib/python3.12/site-packages/airflow/example_dags/example_sensor_decorator.py took 0.155 seconds
[2024-05-10T17:16:44.942+0700] {processor.py:161} INFO - Started process (PID=81827) to work on /opt/anaconda3/envs/kafka_project/lib/python3.12/site-packages/airflow/example_dags/example_sensor_decorator.py
[2024-05-10T17:16:44.943+0700] {processor.py:830} INFO - Processing file /opt/anaconda3/envs/kafka_project/lib/python3.12/site-packages/airflow/example_dags/example_sensor_decorator.py for tasks to queue
[2024-05-10T17:16:44.944+0700] {logging_mixin.py:188} INFO - [2024-05-10T17:16:44.943+0700] {dagbag.py:545} INFO - Filling up the DagBag from /opt/anaconda3/envs/kafka_project/lib/python3.12/site-packages/airflow/example_dags/example_sensor_decorator.py
[2024-05-10T17:16:44.964+0700] {processor.py:840} INFO - DAG(s) 'example_sensor_decorator' retrieved from /opt/anaconda3/envs/kafka_project/lib/python3.12/site-packages/airflow/example_dags/example_sensor_decorator.py
[2024-05-10T17:16:45.025+0700] {logging_mixin.py:188} INFO - [2024-05-10T17:16:45.025+0700] {dag.py:3096} INFO - Sync 1 DAGs
[2024-05-10T17:16:45.031+0700] {logging_mixin.py:188} INFO - [2024-05-10T17:16:45.030+0700] {dag.py:3954} INFO - Setting next_dagrun for example_sensor_decorator to None, run_after=None
[2024-05-10T17:16:45.039+0700] {processor.py:183} INFO - Processing /opt/anaconda3/envs/kafka_project/lib/python3.12/site-packages/airflow/example_dags/example_sensor_decorator.py took 0.099 seconds
[2024-05-10T17:18:55.196+0700] {processor.py:161} INFO - Started process (PID=82869) to work on /opt/anaconda3/envs/kafka_project/lib/python3.12/site-packages/airflow/example_dags/example_sensor_decorator.py
[2024-05-10T17:18:55.196+0700] {processor.py:830} INFO - Processing file /opt/anaconda3/envs/kafka_project/lib/python3.12/site-packages/airflow/example_dags/example_sensor_decorator.py for tasks to queue
[2024-05-10T17:18:55.197+0700] {logging_mixin.py:188} INFO - [2024-05-10T17:18:55.197+0700] {dagbag.py:545} INFO - Filling up the DagBag from /opt/anaconda3/envs/kafka_project/lib/python3.12/site-packages/airflow/example_dags/example_sensor_decorator.py
[2024-05-10T17:18:55.218+0700] {processor.py:840} INFO - DAG(s) 'example_sensor_decorator' retrieved from /opt/anaconda3/envs/kafka_project/lib/python3.12/site-packages/airflow/example_dags/example_sensor_decorator.py
[2024-05-10T17:18:55.279+0700] {logging_mixin.py:188} INFO - [2024-05-10T17:18:55.278+0700] {dag.py:3096} INFO - Sync 1 DAGs
[2024-05-10T17:18:55.284+0700] {logging_mixin.py:188} INFO - [2024-05-10T17:18:55.284+0700] {dag.py:3954} INFO - Setting next_dagrun for example_sensor_decorator to None, run_after=None
[2024-05-10T17:18:55.292+0700] {processor.py:183} INFO - Processing /opt/anaconda3/envs/kafka_project/lib/python3.12/site-packages/airflow/example_dags/example_sensor_decorator.py took 0.098 seconds
[2024-05-10T17:21:03.131+0700] {processor.py:161} INFO - Started process (PID=84069) to work on /opt/anaconda3/envs/kafka_project/lib/python3.12/site-packages/airflow/example_dags/example_sensor_decorator.py
[2024-05-10T17:21:03.131+0700] {processor.py:830} INFO - Processing file /opt/anaconda3/envs/kafka_project/lib/python3.12/site-packages/airflow/example_dags/example_sensor_decorator.py for tasks to queue
[2024-05-10T17:21:03.132+0700] {logging_mixin.py:188} INFO - [2024-05-10T17:21:03.132+0700] {dagbag.py:545} INFO - Filling up the DagBag from /opt/anaconda3/envs/kafka_project/lib/python3.12/site-packages/airflow/example_dags/example_sensor_decorator.py
[2024-05-10T17:21:03.152+0700] {processor.py:840} INFO - DAG(s) 'example_sensor_decorator' retrieved from /opt/anaconda3/envs/kafka_project/lib/python3.12/site-packages/airflow/example_dags/example_sensor_decorator.py
[2024-05-10T17:21:03.215+0700] {logging_mixin.py:188} INFO - [2024-05-10T17:21:03.215+0700] {dag.py:3096} INFO - Sync 1 DAGs
[2024-05-10T17:21:03.220+0700] {logging_mixin.py:188} INFO - [2024-05-10T17:21:03.220+0700] {dag.py:3954} INFO - Setting next_dagrun for example_sensor_decorator to None, run_after=None
[2024-05-10T17:21:03.229+0700] {processor.py:183} INFO - Processing /opt/anaconda3/envs/kafka_project/lib/python3.12/site-packages/airflow/example_dags/example_sensor_decorator.py took 0.100 seconds
