[2024-05-10T17:15:38.308+0700] {processor.py:161} INFO - Started process (PID=81291) to work on /opt/anaconda3/envs/kafka_project/lib/python3.12/site-packages/airflow/example_dags/example_datasets.py
[2024-05-10T17:15:38.309+0700] {processor.py:830} INFO - Processing file /opt/anaconda3/envs/kafka_project/lib/python3.12/site-packages/airflow/example_dags/example_datasets.py for tasks to queue
[2024-05-10T17:15:38.309+0700] {logging_mixin.py:188} INFO - [2024-05-10T17:15:38.309+0700] {dagbag.py:545} INFO - Filling up the DagBag from /opt/anaconda3/envs/kafka_project/lib/python3.12/site-packages/airflow/example_dags/example_datasets.py
[2024-05-10T17:15:38.340+0700] {processor.py:840} INFO - DAG(s) 'consume_1_or_both_2_and_3_with_dataset_expressions', 'consume_1_and_2_with_dataset_expressions', 'dataset_consumes_1', 'dataset_consumes_1_never_scheduled', 'dataset_consumes_unknown_never_scheduled', 'dataset_produces_2', 'dataset_produces_1', 'dataset_consumes_1_and_2', 'consume_1_or_2_with_dataset_expressions', 'conditional_dataset_and_time_based_timetable' retrieved from /opt/anaconda3/envs/kafka_project/lib/python3.12/site-packages/airflow/example_dags/example_datasets.py
[2024-05-10T17:15:38.438+0700] {logging_mixin.py:188} INFO - [2024-05-10T17:15:38.438+0700] {override.py:1829} INFO - Created Permission View: can edit on DAG:consume_1_or_both_2_and_3_with_dataset_expressions
[2024-05-10T17:15:38.442+0700] {logging_mixin.py:188} INFO - [2024-05-10T17:15:38.442+0700] {override.py:1829} INFO - Created Permission View: can read on DAG:consume_1_or_both_2_and_3_with_dataset_expressions
[2024-05-10T17:15:38.445+0700] {logging_mixin.py:188} INFO - [2024-05-10T17:15:38.445+0700] {override.py:1829} INFO - Created Permission View: can delete on DAG:consume_1_or_both_2_and_3_with_dataset_expressions
[2024-05-10T17:15:38.451+0700] {logging_mixin.py:188} INFO - [2024-05-10T17:15:38.451+0700] {override.py:1829} INFO - Created Permission View: can edit on DAG:consume_1_and_2_with_dataset_expressions
[2024-05-10T17:15:38.453+0700] {logging_mixin.py:188} INFO - [2024-05-10T17:15:38.453+0700] {override.py:1829} INFO - Created Permission View: can read on DAG:consume_1_and_2_with_dataset_expressions
[2024-05-10T17:15:38.456+0700] {logging_mixin.py:188} INFO - [2024-05-10T17:15:38.456+0700] {override.py:1829} INFO - Created Permission View: can delete on DAG:consume_1_and_2_with_dataset_expressions
[2024-05-10T17:15:38.461+0700] {logging_mixin.py:188} INFO - [2024-05-10T17:15:38.461+0700] {override.py:1829} INFO - Created Permission View: can edit on DAG:dataset_consumes_1
[2024-05-10T17:15:38.463+0700] {logging_mixin.py:188} INFO - [2024-05-10T17:15:38.463+0700] {override.py:1829} INFO - Created Permission View: can read on DAG:dataset_consumes_1
[2024-05-10T17:15:38.466+0700] {logging_mixin.py:188} INFO - [2024-05-10T17:15:38.466+0700] {override.py:1829} INFO - Created Permission View: can delete on DAG:dataset_consumes_1
[2024-05-10T17:15:38.470+0700] {logging_mixin.py:188} INFO - [2024-05-10T17:15:38.470+0700] {override.py:1829} INFO - Created Permission View: can edit on DAG:dataset_consumes_1_never_scheduled
[2024-05-10T17:15:38.473+0700] {logging_mixin.py:188} INFO - [2024-05-10T17:15:38.473+0700] {override.py:1829} INFO - Created Permission View: can read on DAG:dataset_consumes_1_never_scheduled
[2024-05-10T17:15:38.475+0700] {logging_mixin.py:188} INFO - [2024-05-10T17:15:38.475+0700] {override.py:1829} INFO - Created Permission View: can delete on DAG:dataset_consumes_1_never_scheduled
[2024-05-10T17:15:38.480+0700] {logging_mixin.py:188} INFO - [2024-05-10T17:15:38.480+0700] {override.py:1829} INFO - Created Permission View: can edit on DAG:dataset_consumes_unknown_never_scheduled
[2024-05-10T17:15:38.482+0700] {logging_mixin.py:188} INFO - [2024-05-10T17:15:38.482+0700] {override.py:1829} INFO - Created Permission View: can read on DAG:dataset_consumes_unknown_never_scheduled
[2024-05-10T17:15:38.485+0700] {logging_mixin.py:188} INFO - [2024-05-10T17:15:38.485+0700] {override.py:1829} INFO - Created Permission View: can delete on DAG:dataset_consumes_unknown_never_scheduled
[2024-05-10T17:15:38.490+0700] {logging_mixin.py:188} INFO - [2024-05-10T17:15:38.490+0700] {override.py:1829} INFO - Created Permission View: can edit on DAG:dataset_produces_2
[2024-05-10T17:15:38.493+0700] {logging_mixin.py:188} INFO - [2024-05-10T17:15:38.492+0700] {override.py:1829} INFO - Created Permission View: can read on DAG:dataset_produces_2
[2024-05-10T17:15:38.496+0700] {logging_mixin.py:188} INFO - [2024-05-10T17:15:38.495+0700] {override.py:1829} INFO - Created Permission View: can delete on DAG:dataset_produces_2
[2024-05-10T17:15:38.502+0700] {logging_mixin.py:188} INFO - [2024-05-10T17:15:38.502+0700] {override.py:1829} INFO - Created Permission View: can edit on DAG:dataset_produces_1
[2024-05-10T17:15:38.505+0700] {logging_mixin.py:188} INFO - [2024-05-10T17:15:38.504+0700] {override.py:1829} INFO - Created Permission View: can read on DAG:dataset_produces_1
[2024-05-10T17:15:38.508+0700] {logging_mixin.py:188} INFO - [2024-05-10T17:15:38.507+0700] {override.py:1829} INFO - Created Permission View: can delete on DAG:dataset_produces_1
[2024-05-10T17:15:38.513+0700] {logging_mixin.py:188} INFO - [2024-05-10T17:15:38.513+0700] {override.py:1829} INFO - Created Permission View: can edit on DAG:dataset_consumes_1_and_2
[2024-05-10T17:15:38.516+0700] {logging_mixin.py:188} INFO - [2024-05-10T17:15:38.516+0700] {override.py:1829} INFO - Created Permission View: can read on DAG:dataset_consumes_1_and_2
[2024-05-10T17:15:38.519+0700] {logging_mixin.py:188} INFO - [2024-05-10T17:15:38.518+0700] {override.py:1829} INFO - Created Permission View: can delete on DAG:dataset_consumes_1_and_2
[2024-05-10T17:15:38.524+0700] {logging_mixin.py:188} INFO - [2024-05-10T17:15:38.524+0700] {override.py:1829} INFO - Created Permission View: can edit on DAG:consume_1_or_2_with_dataset_expressions
[2024-05-10T17:15:38.527+0700] {logging_mixin.py:188} INFO - [2024-05-10T17:15:38.526+0700] {override.py:1829} INFO - Created Permission View: can read on DAG:consume_1_or_2_with_dataset_expressions
[2024-05-10T17:15:38.529+0700] {logging_mixin.py:188} INFO - [2024-05-10T17:15:38.529+0700] {override.py:1829} INFO - Created Permission View: can delete on DAG:consume_1_or_2_with_dataset_expressions
[2024-05-10T17:15:38.535+0700] {logging_mixin.py:188} INFO - [2024-05-10T17:15:38.534+0700] {override.py:1829} INFO - Created Permission View: can edit on DAG:conditional_dataset_and_time_based_timetable
[2024-05-10T17:15:38.537+0700] {logging_mixin.py:188} INFO - [2024-05-10T17:15:38.537+0700] {override.py:1829} INFO - Created Permission View: can read on DAG:conditional_dataset_and_time_based_timetable
[2024-05-10T17:15:38.540+0700] {logging_mixin.py:188} INFO - [2024-05-10T17:15:38.539+0700] {override.py:1829} INFO - Created Permission View: can delete on DAG:conditional_dataset_and_time_based_timetable
[2024-05-10T17:15:38.540+0700] {logging_mixin.py:188} INFO - [2024-05-10T17:15:38.540+0700] {dag.py:3096} INFO - Sync 10 DAGs
[2024-05-10T17:15:38.546+0700] {logging_mixin.py:188} INFO - [2024-05-10T17:15:38.546+0700] {dag.py:3118} INFO - Creating ORM DAG for conditional_dataset_and_time_based_timetable
[2024-05-10T17:15:38.546+0700] {logging_mixin.py:188} INFO - [2024-05-10T17:15:38.546+0700] {dag.py:3118} INFO - Creating ORM DAG for consume_1_or_2_with_dataset_expressions
[2024-05-10T17:15:38.546+0700] {logging_mixin.py:188} INFO - [2024-05-10T17:15:38.546+0700] {dag.py:3118} INFO - Creating ORM DAG for consume_1_or_both_2_and_3_with_dataset_expressions
[2024-05-10T17:15:38.546+0700] {logging_mixin.py:188} INFO - [2024-05-10T17:15:38.546+0700] {dag.py:3118} INFO - Creating ORM DAG for dataset_produces_2
[2024-05-10T17:15:38.547+0700] {logging_mixin.py:188} INFO - [2024-05-10T17:15:38.547+0700] {dag.py:3118} INFO - Creating ORM DAG for dataset_consumes_1
[2024-05-10T17:15:38.547+0700] {logging_mixin.py:188} INFO - [2024-05-10T17:15:38.547+0700] {dag.py:3118} INFO - Creating ORM DAG for consume_1_and_2_with_dataset_expressions
[2024-05-10T17:15:38.547+0700] {logging_mixin.py:188} INFO - [2024-05-10T17:15:38.547+0700] {dag.py:3118} INFO - Creating ORM DAG for dataset_produces_1
[2024-05-10T17:15:38.547+0700] {logging_mixin.py:188} INFO - [2024-05-10T17:15:38.547+0700] {dag.py:3118} INFO - Creating ORM DAG for dataset_consumes_1_and_2
[2024-05-10T17:15:38.548+0700] {logging_mixin.py:188} INFO - [2024-05-10T17:15:38.547+0700] {dag.py:3118} INFO - Creating ORM DAG for dataset_consumes_unknown_never_scheduled
[2024-05-10T17:15:38.548+0700] {logging_mixin.py:188} INFO - [2024-05-10T17:15:38.548+0700] {dag.py:3118} INFO - Creating ORM DAG for dataset_consumes_1_never_scheduled
[2024-05-10T17:15:38.552+0700] {logging_mixin.py:188} INFO - [2024-05-10T17:15:38.552+0700] {dag.py:3954} INFO - Setting next_dagrun for conditional_dataset_and_time_based_timetable to 2024-05-08 01:00:00+00:00, run_after=2024-05-08 01:00:00+00:00
[2024-05-10T17:15:38.553+0700] {logging_mixin.py:188} INFO - [2024-05-10T17:15:38.553+0700] {dag.py:3954} INFO - Setting next_dagrun for consume_1_and_2_with_dataset_expressions to None, run_after=None
[2024-05-10T17:15:38.553+0700] {logging_mixin.py:188} INFO - [2024-05-10T17:15:38.553+0700] {dag.py:3954} INFO - Setting next_dagrun for consume_1_or_2_with_dataset_expressions to None, run_after=None
[2024-05-10T17:15:38.553+0700] {logging_mixin.py:188} INFO - [2024-05-10T17:15:38.553+0700] {dag.py:3954} INFO - Setting next_dagrun for consume_1_or_both_2_and_3_with_dataset_expressions to None, run_after=None
[2024-05-10T17:15:38.553+0700] {logging_mixin.py:188} INFO - [2024-05-10T17:15:38.553+0700] {dag.py:3954} INFO - Setting next_dagrun for dataset_consumes_1 to None, run_after=None
[2024-05-10T17:15:38.554+0700] {logging_mixin.py:188} INFO - [2024-05-10T17:15:38.553+0700] {dag.py:3954} INFO - Setting next_dagrun for dataset_consumes_1_and_2 to None, run_after=None
[2024-05-10T17:15:38.554+0700] {logging_mixin.py:188} INFO - [2024-05-10T17:15:38.554+0700] {dag.py:3954} INFO - Setting next_dagrun for dataset_consumes_1_never_scheduled to None, run_after=None
[2024-05-10T17:15:38.554+0700] {logging_mixin.py:188} INFO - [2024-05-10T17:15:38.554+0700] {dag.py:3954} INFO - Setting next_dagrun for dataset_consumes_unknown_never_scheduled to None, run_after=None
[2024-05-10T17:15:38.555+0700] {logging_mixin.py:188} INFO - [2024-05-10T17:15:38.555+0700] {dag.py:3954} INFO - Setting next_dagrun for dataset_produces_1 to 2024-05-09 00:00:00+00:00, run_after=2024-05-10 00:00:00+00:00
[2024-05-10T17:15:38.555+0700] {logging_mixin.py:188} INFO - [2024-05-10T17:15:38.555+0700] {dag.py:3954} INFO - Setting next_dagrun for dataset_produces_2 to None, run_after=None
[2024-05-10T17:15:38.571+0700] {processor.py:183} INFO - Processing /opt/anaconda3/envs/kafka_project/lib/python3.12/site-packages/airflow/example_dags/example_datasets.py took 0.264 seconds
[2024-05-10T17:17:47.019+0700] {processor.py:161} INFO - Started process (PID=82319) to work on /opt/anaconda3/envs/kafka_project/lib/python3.12/site-packages/airflow/example_dags/example_datasets.py
[2024-05-10T17:17:47.019+0700] {processor.py:830} INFO - Processing file /opt/anaconda3/envs/kafka_project/lib/python3.12/site-packages/airflow/example_dags/example_datasets.py for tasks to queue
[2024-05-10T17:17:47.020+0700] {logging_mixin.py:188} INFO - [2024-05-10T17:17:47.020+0700] {dagbag.py:545} INFO - Filling up the DagBag from /opt/anaconda3/envs/kafka_project/lib/python3.12/site-packages/airflow/example_dags/example_datasets.py
[2024-05-10T17:17:47.047+0700] {processor.py:840} INFO - DAG(s) 'consume_1_and_2_with_dataset_expressions', 'dataset_consumes_1_never_scheduled', 'conditional_dataset_and_time_based_timetable', 'consume_1_or_both_2_and_3_with_dataset_expressions', 'dataset_consumes_unknown_never_scheduled', 'consume_1_or_2_with_dataset_expressions', 'dataset_produces_2', 'dataset_consumes_1_and_2', 'dataset_consumes_1', 'dataset_produces_1' retrieved from /opt/anaconda3/envs/kafka_project/lib/python3.12/site-packages/airflow/example_dags/example_datasets.py
[2024-05-10T17:17:47.114+0700] {logging_mixin.py:188} INFO - [2024-05-10T17:17:47.113+0700] {dag.py:3096} INFO - Sync 10 DAGs
[2024-05-10T17:17:47.123+0700] {logging_mixin.py:188} INFO - [2024-05-10T17:17:47.123+0700] {dag.py:3954} INFO - Setting next_dagrun for conditional_dataset_and_time_based_timetable to 2024-05-08 01:00:00+00:00, run_after=2024-05-08 01:00:00+00:00
[2024-05-10T17:17:47.125+0700] {logging_mixin.py:188} INFO - [2024-05-10T17:17:47.124+0700] {dag.py:3954} INFO - Setting next_dagrun for consume_1_and_2_with_dataset_expressions to None, run_after=None
[2024-05-10T17:17:47.125+0700] {logging_mixin.py:188} INFO - [2024-05-10T17:17:47.125+0700] {dag.py:3954} INFO - Setting next_dagrun for consume_1_or_2_with_dataset_expressions to None, run_after=None
[2024-05-10T17:17:47.126+0700] {logging_mixin.py:188} INFO - [2024-05-10T17:17:47.126+0700] {dag.py:3954} INFO - Setting next_dagrun for consume_1_or_both_2_and_3_with_dataset_expressions to None, run_after=None
[2024-05-10T17:17:47.126+0700] {logging_mixin.py:188} INFO - [2024-05-10T17:17:47.126+0700] {dag.py:3954} INFO - Setting next_dagrun for dataset_consumes_1 to None, run_after=None
[2024-05-10T17:17:47.126+0700] {logging_mixin.py:188} INFO - [2024-05-10T17:17:47.126+0700] {dag.py:3954} INFO - Setting next_dagrun for dataset_consumes_1_and_2 to None, run_after=None
[2024-05-10T17:17:47.127+0700] {logging_mixin.py:188} INFO - [2024-05-10T17:17:47.127+0700] {dag.py:3954} INFO - Setting next_dagrun for dataset_consumes_1_never_scheduled to None, run_after=None
[2024-05-10T17:17:47.127+0700] {logging_mixin.py:188} INFO - [2024-05-10T17:17:47.127+0700] {dag.py:3954} INFO - Setting next_dagrun for dataset_consumes_unknown_never_scheduled to None, run_after=None
[2024-05-10T17:17:47.128+0700] {logging_mixin.py:188} INFO - [2024-05-10T17:17:47.128+0700] {dag.py:3954} INFO - Setting next_dagrun for dataset_produces_1 to 2024-05-09 00:00:00+00:00, run_after=2024-05-10 00:00:00+00:00
[2024-05-10T17:17:47.129+0700] {logging_mixin.py:188} INFO - [2024-05-10T17:17:47.128+0700] {dag.py:3954} INFO - Setting next_dagrun for dataset_produces_2 to None, run_after=None
[2024-05-10T17:17:47.142+0700] {processor.py:183} INFO - Processing /opt/anaconda3/envs/kafka_project/lib/python3.12/site-packages/airflow/example_dags/example_datasets.py took 0.125 seconds
[2024-05-10T17:19:55.010+0700] {processor.py:161} INFO - Started process (PID=83346) to work on /opt/anaconda3/envs/kafka_project/lib/python3.12/site-packages/airflow/example_dags/example_datasets.py
[2024-05-10T17:19:55.011+0700] {processor.py:830} INFO - Processing file /opt/anaconda3/envs/kafka_project/lib/python3.12/site-packages/airflow/example_dags/example_datasets.py for tasks to queue
[2024-05-10T17:19:55.012+0700] {logging_mixin.py:188} INFO - [2024-05-10T17:19:55.012+0700] {dagbag.py:545} INFO - Filling up the DagBag from /opt/anaconda3/envs/kafka_project/lib/python3.12/site-packages/airflow/example_dags/example_datasets.py
[2024-05-10T17:19:55.043+0700] {processor.py:840} INFO - DAG(s) 'dataset_produces_2', 'consume_1_and_2_with_dataset_expressions', 'dataset_consumes_1_and_2', 'dataset_consumes_unknown_never_scheduled', 'conditional_dataset_and_time_based_timetable', 'consume_1_or_both_2_and_3_with_dataset_expressions', 'dataset_consumes_1', 'dataset_consumes_1_never_scheduled', 'consume_1_or_2_with_dataset_expressions', 'dataset_produces_1' retrieved from /opt/anaconda3/envs/kafka_project/lib/python3.12/site-packages/airflow/example_dags/example_datasets.py
[2024-05-10T17:19:55.109+0700] {logging_mixin.py:188} INFO - [2024-05-10T17:19:55.109+0700] {dag.py:3096} INFO - Sync 10 DAGs
[2024-05-10T17:19:55.119+0700] {logging_mixin.py:188} INFO - [2024-05-10T17:19:55.119+0700] {dag.py:3954} INFO - Setting next_dagrun for conditional_dataset_and_time_based_timetable to 2024-05-08 01:00:00+00:00, run_after=2024-05-08 01:00:00+00:00
[2024-05-10T17:19:55.120+0700] {logging_mixin.py:188} INFO - [2024-05-10T17:19:55.120+0700] {dag.py:3954} INFO - Setting next_dagrun for consume_1_and_2_with_dataset_expressions to None, run_after=None
[2024-05-10T17:19:55.121+0700] {logging_mixin.py:188} INFO - [2024-05-10T17:19:55.121+0700] {dag.py:3954} INFO - Setting next_dagrun for consume_1_or_2_with_dataset_expressions to None, run_after=None
[2024-05-10T17:19:55.121+0700] {logging_mixin.py:188} INFO - [2024-05-10T17:19:55.121+0700] {dag.py:3954} INFO - Setting next_dagrun for consume_1_or_both_2_and_3_with_dataset_expressions to None, run_after=None
[2024-05-10T17:19:55.122+0700] {logging_mixin.py:188} INFO - [2024-05-10T17:19:55.121+0700] {dag.py:3954} INFO - Setting next_dagrun for dataset_consumes_1 to None, run_after=None
[2024-05-10T17:19:55.122+0700] {logging_mixin.py:188} INFO - [2024-05-10T17:19:55.122+0700] {dag.py:3954} INFO - Setting next_dagrun for dataset_consumes_1_and_2 to None, run_after=None
[2024-05-10T17:19:55.122+0700] {logging_mixin.py:188} INFO - [2024-05-10T17:19:55.122+0700] {dag.py:3954} INFO - Setting next_dagrun for dataset_consumes_1_never_scheduled to None, run_after=None
[2024-05-10T17:19:55.123+0700] {logging_mixin.py:188} INFO - [2024-05-10T17:19:55.123+0700] {dag.py:3954} INFO - Setting next_dagrun for dataset_consumes_unknown_never_scheduled to None, run_after=None
[2024-05-10T17:19:55.123+0700] {logging_mixin.py:188} INFO - [2024-05-10T17:19:55.123+0700] {dag.py:3954} INFO - Setting next_dagrun for dataset_produces_1 to 2024-05-09 00:00:00+00:00, run_after=2024-05-10 00:00:00+00:00
[2024-05-10T17:19:55.124+0700] {logging_mixin.py:188} INFO - [2024-05-10T17:19:55.124+0700] {dag.py:3954} INFO - Setting next_dagrun for dataset_produces_2 to None, run_after=None
[2024-05-10T17:19:55.137+0700] {processor.py:183} INFO - Processing /opt/anaconda3/envs/kafka_project/lib/python3.12/site-packages/airflow/example_dags/example_datasets.py took 0.128 seconds
[2024-05-10T17:22:07.418+0700] {processor.py:161} INFO - Started process (PID=84838) to work on /opt/anaconda3/envs/kafka_project/lib/python3.12/site-packages/airflow/example_dags/example_datasets.py
[2024-05-10T17:22:07.419+0700] {processor.py:830} INFO - Processing file /opt/anaconda3/envs/kafka_project/lib/python3.12/site-packages/airflow/example_dags/example_datasets.py for tasks to queue
[2024-05-10T17:22:07.419+0700] {logging_mixin.py:188} INFO - [2024-05-10T17:22:07.419+0700] {dagbag.py:545} INFO - Filling up the DagBag from /opt/anaconda3/envs/kafka_project/lib/python3.12/site-packages/airflow/example_dags/example_datasets.py
[2024-05-10T17:22:07.450+0700] {processor.py:840} INFO - DAG(s) 'dataset_consumes_1_and_2', 'consume_1_or_2_with_dataset_expressions', 'dataset_produces_2', 'dataset_consumes_1_never_scheduled', 'dataset_consumes_1', 'consume_1_and_2_with_dataset_expressions', 'consume_1_or_both_2_and_3_with_dataset_expressions', 'dataset_consumes_unknown_never_scheduled', 'dataset_produces_1', 'conditional_dataset_and_time_based_timetable' retrieved from /opt/anaconda3/envs/kafka_project/lib/python3.12/site-packages/airflow/example_dags/example_datasets.py
[2024-05-10T17:22:07.515+0700] {logging_mixin.py:188} INFO - [2024-05-10T17:22:07.515+0700] {dag.py:3096} INFO - Sync 10 DAGs
[2024-05-10T17:22:07.524+0700] {logging_mixin.py:188} INFO - [2024-05-10T17:22:07.524+0700] {dag.py:3954} INFO - Setting next_dagrun for conditional_dataset_and_time_based_timetable to 2024-05-08 01:00:00+00:00, run_after=2024-05-08 01:00:00+00:00
[2024-05-10T17:22:07.526+0700] {logging_mixin.py:188} INFO - [2024-05-10T17:22:07.526+0700] {dag.py:3954} INFO - Setting next_dagrun for consume_1_and_2_with_dataset_expressions to None, run_after=None
[2024-05-10T17:22:07.526+0700] {logging_mixin.py:188} INFO - [2024-05-10T17:22:07.526+0700] {dag.py:3954} INFO - Setting next_dagrun for consume_1_or_2_with_dataset_expressions to None, run_after=None
[2024-05-10T17:22:07.527+0700] {logging_mixin.py:188} INFO - [2024-05-10T17:22:07.526+0700] {dag.py:3954} INFO - Setting next_dagrun for consume_1_or_both_2_and_3_with_dataset_expressions to None, run_after=None
[2024-05-10T17:22:07.527+0700] {logging_mixin.py:188} INFO - [2024-05-10T17:22:07.527+0700] {dag.py:3954} INFO - Setting next_dagrun for dataset_consumes_1 to None, run_after=None
[2024-05-10T17:22:07.527+0700] {logging_mixin.py:188} INFO - [2024-05-10T17:22:07.527+0700] {dag.py:3954} INFO - Setting next_dagrun for dataset_consumes_1_and_2 to None, run_after=None
[2024-05-10T17:22:07.528+0700] {logging_mixin.py:188} INFO - [2024-05-10T17:22:07.528+0700] {dag.py:3954} INFO - Setting next_dagrun for dataset_consumes_1_never_scheduled to None, run_after=None
[2024-05-10T17:22:07.528+0700] {logging_mixin.py:188} INFO - [2024-05-10T17:22:07.528+0700] {dag.py:3954} INFO - Setting next_dagrun for dataset_consumes_unknown_never_scheduled to None, run_after=None
[2024-05-10T17:22:07.529+0700] {logging_mixin.py:188} INFO - [2024-05-10T17:22:07.529+0700] {dag.py:3954} INFO - Setting next_dagrun for dataset_produces_1 to 2024-05-09 00:00:00+00:00, run_after=2024-05-10 00:00:00+00:00
[2024-05-10T17:22:07.529+0700] {logging_mixin.py:188} INFO - [2024-05-10T17:22:07.529+0700] {dag.py:3954} INFO - Setting next_dagrun for dataset_produces_2 to None, run_after=None
[2024-05-10T17:22:07.545+0700] {processor.py:183} INFO - Processing /opt/anaconda3/envs/kafka_project/lib/python3.12/site-packages/airflow/example_dags/example_datasets.py took 0.128 seconds
