[2024-05-10T17:15:29.110+0700] {processor.py:161} INFO - Started process (PID=81225) to work on /opt/anaconda3/envs/kafka_project/lib/python3.12/site-packages/airflow/example_dags/example_kubernetes_executor.py
[2024-05-10T17:15:29.111+0700] {processor.py:830} INFO - Processing file /opt/anaconda3/envs/kafka_project/lib/python3.12/site-packages/airflow/example_dags/example_kubernetes_executor.py for tasks to queue
[2024-05-10T17:15:29.111+0700] {logging_mixin.py:188} INFO - [2024-05-10T17:15:29.111+0700] {dagbag.py:545} INFO - Filling up the DagBag from /opt/anaconda3/envs/kafka_project/lib/python3.12/site-packages/airflow/example_dags/example_kubernetes_executor.py
[2024-05-10T17:15:29.131+0700] {logging_mixin.py:188} INFO - [2024-05-10T17:15:29.131+0700] {example_kubernetes_executor.py:39} WARNING - The example_kubernetes_executor example DAG requires the kubernetes provider. Please install it with: pip install apache-airflow[cncf.kubernetes]
[2024-05-10T17:15:29.131+0700] {processor.py:842} WARNING - No viable dags retrieved from /opt/anaconda3/envs/kafka_project/lib/python3.12/site-packages/airflow/example_dags/example_kubernetes_executor.py
[2024-05-10T17:15:29.188+0700] {processor.py:183} INFO - Processing /opt/anaconda3/envs/kafka_project/lib/python3.12/site-packages/airflow/example_dags/example_kubernetes_executor.py took 0.079 seconds
[2024-05-10T17:17:39.077+0700] {processor.py:161} INFO - Started process (PID=82253) to work on /opt/anaconda3/envs/kafka_project/lib/python3.12/site-packages/airflow/example_dags/example_kubernetes_executor.py
[2024-05-10T17:17:39.078+0700] {processor.py:830} INFO - Processing file /opt/anaconda3/envs/kafka_project/lib/python3.12/site-packages/airflow/example_dags/example_kubernetes_executor.py for tasks to queue
[2024-05-10T17:17:39.079+0700] {logging_mixin.py:188} INFO - [2024-05-10T17:17:39.078+0700] {dagbag.py:545} INFO - Filling up the DagBag from /opt/anaconda3/envs/kafka_project/lib/python3.12/site-packages/airflow/example_dags/example_kubernetes_executor.py
[2024-05-10T17:17:39.098+0700] {logging_mixin.py:188} INFO - [2024-05-10T17:17:39.098+0700] {example_kubernetes_executor.py:39} WARNING - The example_kubernetes_executor example DAG requires the kubernetes provider. Please install it with: pip install apache-airflow[cncf.kubernetes]
[2024-05-10T17:17:39.098+0700] {processor.py:842} WARNING - No viable dags retrieved from /opt/anaconda3/envs/kafka_project/lib/python3.12/site-packages/airflow/example_dags/example_kubernetes_executor.py
[2024-05-10T17:17:39.139+0700] {processor.py:183} INFO - Processing /opt/anaconda3/envs/kafka_project/lib/python3.12/site-packages/airflow/example_dags/example_kubernetes_executor.py took 0.063 seconds
[2024-05-10T17:19:47.063+0700] {processor.py:161} INFO - Started process (PID=83280) to work on /opt/anaconda3/envs/kafka_project/lib/python3.12/site-packages/airflow/example_dags/example_kubernetes_executor.py
[2024-05-10T17:19:47.064+0700] {processor.py:830} INFO - Processing file /opt/anaconda3/envs/kafka_project/lib/python3.12/site-packages/airflow/example_dags/example_kubernetes_executor.py for tasks to queue
[2024-05-10T17:19:47.065+0700] {logging_mixin.py:188} INFO - [2024-05-10T17:19:47.065+0700] {dagbag.py:545} INFO - Filling up the DagBag from /opt/anaconda3/envs/kafka_project/lib/python3.12/site-packages/airflow/example_dags/example_kubernetes_executor.py
[2024-05-10T17:19:47.085+0700] {logging_mixin.py:188} INFO - [2024-05-10T17:19:47.085+0700] {example_kubernetes_executor.py:39} WARNING - The example_kubernetes_executor example DAG requires the kubernetes provider. Please install it with: pip install apache-airflow[cncf.kubernetes]
[2024-05-10T17:19:47.085+0700] {processor.py:842} WARNING - No viable dags retrieved from /opt/anaconda3/envs/kafka_project/lib/python3.12/site-packages/airflow/example_dags/example_kubernetes_executor.py
[2024-05-10T17:19:47.127+0700] {processor.py:183} INFO - Processing /opt/anaconda3/envs/kafka_project/lib/python3.12/site-packages/airflow/example_dags/example_kubernetes_executor.py took 0.065 seconds
[2024-05-10T17:21:57.431+0700] {processor.py:161} INFO - Started process (PID=84756) to work on /opt/anaconda3/envs/kafka_project/lib/python3.12/site-packages/airflow/example_dags/example_kubernetes_executor.py
[2024-05-10T17:21:57.432+0700] {processor.py:830} INFO - Processing file /opt/anaconda3/envs/kafka_project/lib/python3.12/site-packages/airflow/example_dags/example_kubernetes_executor.py for tasks to queue
[2024-05-10T17:21:57.433+0700] {logging_mixin.py:188} INFO - [2024-05-10T17:21:57.433+0700] {dagbag.py:545} INFO - Filling up the DagBag from /opt/anaconda3/envs/kafka_project/lib/python3.12/site-packages/airflow/example_dags/example_kubernetes_executor.py
[2024-05-10T17:21:57.453+0700] {logging_mixin.py:188} INFO - [2024-05-10T17:21:57.452+0700] {example_kubernetes_executor.py:39} WARNING - The example_kubernetes_executor example DAG requires the kubernetes provider. Please install it with: pip install apache-airflow[cncf.kubernetes]
[2024-05-10T17:21:57.453+0700] {processor.py:842} WARNING - No viable dags retrieved from /opt/anaconda3/envs/kafka_project/lib/python3.12/site-packages/airflow/example_dags/example_kubernetes_executor.py
[2024-05-10T17:21:57.491+0700] {processor.py:183} INFO - Processing /opt/anaconda3/envs/kafka_project/lib/python3.12/site-packages/airflow/example_dags/example_kubernetes_executor.py took 0.061 seconds
