[2024-05-10T17:15:46.474+0700] {processor.py:161} INFO - Started process (PID=81355) to work on /opt/anaconda3/envs/kafka_project/lib/python3.12/site-packages/airflow/example_dags/example_branch_operator_decorator.py
[2024-05-10T17:15:46.475+0700] {processor.py:830} INFO - Processing file /opt/anaconda3/envs/kafka_project/lib/python3.12/site-packages/airflow/example_dags/example_branch_operator_decorator.py for tasks to queue
[2024-05-10T17:15:46.475+0700] {logging_mixin.py:188} INFO - [2024-05-10T17:15:46.475+0700] {dagbag.py:545} INFO - Filling up the DagBag from /opt/anaconda3/envs/kafka_project/lib/python3.12/site-packages/airflow/example_dags/example_branch_operator_decorator.py
[2024-05-10T17:15:46.503+0700] {processor.py:840} INFO - DAG(s) 'example_branch_python_operator_decorator' retrieved from /opt/anaconda3/envs/kafka_project/lib/python3.12/site-packages/airflow/example_dags/example_branch_operator_decorator.py
[2024-05-10T17:15:46.611+0700] {logging_mixin.py:188} INFO - [2024-05-10T17:15:46.610+0700] {override.py:1829} INFO - Created Permission View: can edit on DAG:example_branch_python_operator_decorator
[2024-05-10T17:15:46.615+0700] {logging_mixin.py:188} INFO - [2024-05-10T17:15:46.614+0700] {override.py:1829} INFO - Created Permission View: can delete on DAG:example_branch_python_operator_decorator
[2024-05-10T17:15:46.617+0700] {logging_mixin.py:188} INFO - [2024-05-10T17:15:46.617+0700] {override.py:1829} INFO - Created Permission View: can read on DAG:example_branch_python_operator_decorator
[2024-05-10T17:15:46.617+0700] {logging_mixin.py:188} INFO - [2024-05-10T17:15:46.617+0700] {dag.py:3096} INFO - Sync 1 DAGs
[2024-05-10T17:15:46.622+0700] {logging_mixin.py:188} INFO - [2024-05-10T17:15:46.622+0700] {dag.py:3118} INFO - Creating ORM DAG for example_branch_python_operator_decorator
[2024-05-10T17:15:46.626+0700] {logging_mixin.py:188} INFO - [2024-05-10T17:15:46.626+0700] {dag.py:3954} INFO - Setting next_dagrun for example_branch_python_operator_decorator to 2024-05-09 00:00:00+00:00, run_after=2024-05-10 00:00:00+00:00
[2024-05-10T17:15:46.634+0700] {processor.py:183} INFO - Processing /opt/anaconda3/envs/kafka_project/lib/python3.12/site-packages/airflow/example_dags/example_branch_operator_decorator.py took 0.161 seconds
[2024-05-10T17:17:55.047+0700] {processor.py:161} INFO - Started process (PID=82396) to work on /opt/anaconda3/envs/kafka_project/lib/python3.12/site-packages/airflow/example_dags/example_branch_operator_decorator.py
[2024-05-10T17:17:55.048+0700] {processor.py:830} INFO - Processing file /opt/anaconda3/envs/kafka_project/lib/python3.12/site-packages/airflow/example_dags/example_branch_operator_decorator.py for tasks to queue
[2024-05-10T17:17:55.049+0700] {logging_mixin.py:188} INFO - [2024-05-10T17:17:55.048+0700] {dagbag.py:545} INFO - Filling up the DagBag from /opt/anaconda3/envs/kafka_project/lib/python3.12/site-packages/airflow/example_dags/example_branch_operator_decorator.py
[2024-05-10T17:17:55.076+0700] {processor.py:840} INFO - DAG(s) 'example_branch_python_operator_decorator' retrieved from /opt/anaconda3/envs/kafka_project/lib/python3.12/site-packages/airflow/example_dags/example_branch_operator_decorator.py
[2024-05-10T17:17:55.177+0700] {logging_mixin.py:188} INFO - [2024-05-10T17:17:55.176+0700] {dag.py:3096} INFO - Sync 1 DAGs
[2024-05-10T17:17:55.185+0700] {logging_mixin.py:188} INFO - [2024-05-10T17:17:55.185+0700] {dag.py:3954} INFO - Setting next_dagrun for example_branch_python_operator_decorator to 2024-05-09 00:00:00+00:00, run_after=2024-05-10 00:00:00+00:00
[2024-05-10T17:17:55.194+0700] {processor.py:183} INFO - Processing /opt/anaconda3/envs/kafka_project/lib/python3.12/site-packages/airflow/example_dags/example_branch_operator_decorator.py took 0.149 seconds
[2024-05-10T17:20:03.041+0700] {processor.py:161} INFO - Started process (PID=83410) to work on /opt/anaconda3/envs/kafka_project/lib/python3.12/site-packages/airflow/example_dags/example_branch_operator_decorator.py
[2024-05-10T17:20:03.042+0700] {processor.py:830} INFO - Processing file /opt/anaconda3/envs/kafka_project/lib/python3.12/site-packages/airflow/example_dags/example_branch_operator_decorator.py for tasks to queue
[2024-05-10T17:20:03.042+0700] {logging_mixin.py:188} INFO - [2024-05-10T17:20:03.042+0700] {dagbag.py:545} INFO - Filling up the DagBag from /opt/anaconda3/envs/kafka_project/lib/python3.12/site-packages/airflow/example_dags/example_branch_operator_decorator.py
[2024-05-10T17:20:03.069+0700] {processor.py:840} INFO - DAG(s) 'example_branch_python_operator_decorator' retrieved from /opt/anaconda3/envs/kafka_project/lib/python3.12/site-packages/airflow/example_dags/example_branch_operator_decorator.py
[2024-05-10T17:20:03.186+0700] {logging_mixin.py:188} INFO - [2024-05-10T17:20:03.186+0700] {dag.py:3096} INFO - Sync 1 DAGs
[2024-05-10T17:20:03.194+0700] {logging_mixin.py:188} INFO - [2024-05-10T17:20:03.194+0700] {dag.py:3954} INFO - Setting next_dagrun for example_branch_python_operator_decorator to 2024-05-09 00:00:00+00:00, run_after=2024-05-10 00:00:00+00:00
[2024-05-10T17:20:03.205+0700] {processor.py:183} INFO - Processing /opt/anaconda3/envs/kafka_project/lib/python3.12/site-packages/airflow/example_dags/example_branch_operator_decorator.py took 0.165 seconds
[2024-05-10T17:22:15.508+0700] {processor.py:161} INFO - Started process (PID=84955) to work on /opt/anaconda3/envs/kafka_project/lib/python3.12/site-packages/airflow/example_dags/example_branch_operator_decorator.py
[2024-05-10T17:22:15.509+0700] {processor.py:830} INFO - Processing file /opt/anaconda3/envs/kafka_project/lib/python3.12/site-packages/airflow/example_dags/example_branch_operator_decorator.py for tasks to queue
[2024-05-10T17:22:15.509+0700] {logging_mixin.py:188} INFO - [2024-05-10T17:22:15.509+0700] {dagbag.py:545} INFO - Filling up the DagBag from /opt/anaconda3/envs/kafka_project/lib/python3.12/site-packages/airflow/example_dags/example_branch_operator_decorator.py
[2024-05-10T17:22:15.537+0700] {processor.py:840} INFO - DAG(s) 'example_branch_python_operator_decorator' retrieved from /opt/anaconda3/envs/kafka_project/lib/python3.12/site-packages/airflow/example_dags/example_branch_operator_decorator.py
[2024-05-10T17:22:15.641+0700] {logging_mixin.py:188} INFO - [2024-05-10T17:22:15.641+0700] {dag.py:3096} INFO - Sync 1 DAGs
[2024-05-10T17:22:15.649+0700] {logging_mixin.py:188} INFO - [2024-05-10T17:22:15.649+0700] {dag.py:3954} INFO - Setting next_dagrun for example_branch_python_operator_decorator to 2024-05-09 00:00:00+00:00, run_after=2024-05-10 00:00:00+00:00
[2024-05-10T17:22:15.660+0700] {processor.py:183} INFO - Processing /opt/anaconda3/envs/kafka_project/lib/python3.12/site-packages/airflow/example_dags/example_branch_operator_decorator.py took 0.153 seconds
