[2024-05-10T17:15:03.114+0700] {processor.py:161} INFO - Started process (PID=81013) to work on /opt/anaconda3/envs/kafka_project/lib/python3.12/site-packages/airflow/example_dags/example_setup_teardown_taskflow.py
[2024-05-10T17:15:03.114+0700] {processor.py:830} INFO - Processing file /opt/anaconda3/envs/kafka_project/lib/python3.12/site-packages/airflow/example_dags/example_setup_teardown_taskflow.py for tasks to queue
[2024-05-10T17:15:03.114+0700] {logging_mixin.py:188} INFO - [2024-05-10T17:15:03.114+0700] {dagbag.py:545} INFO - Filling up the DagBag from /opt/anaconda3/envs/kafka_project/lib/python3.12/site-packages/airflow/example_dags/example_setup_teardown_taskflow.py
[2024-05-10T17:15:03.137+0700] {processor.py:840} INFO - DAG(s) 'example_setup_teardown_taskflow' retrieved from /opt/anaconda3/envs/kafka_project/lib/python3.12/site-packages/airflow/example_dags/example_setup_teardown_taskflow.py
[2024-05-10T17:15:03.244+0700] {logging_mixin.py:188} INFO - [2024-05-10T17:15:03.244+0700] {override.py:1829} INFO - Created Permission View: can edit on DAG:example_setup_teardown_taskflow
[2024-05-10T17:15:03.248+0700] {logging_mixin.py:188} INFO - [2024-05-10T17:15:03.248+0700] {override.py:1829} INFO - Created Permission View: can read on DAG:example_setup_teardown_taskflow
[2024-05-10T17:15:03.251+0700] {logging_mixin.py:188} INFO - [2024-05-10T17:15:03.251+0700] {override.py:1829} INFO - Created Permission View: can delete on DAG:example_setup_teardown_taskflow
[2024-05-10T17:15:03.252+0700] {logging_mixin.py:188} INFO - [2024-05-10T17:15:03.251+0700] {dag.py:3096} INFO - Sync 1 DAGs
[2024-05-10T17:15:03.256+0700] {logging_mixin.py:188} INFO - [2024-05-10T17:15:03.256+0700] {dag.py:3118} INFO - Creating ORM DAG for example_setup_teardown_taskflow
[2024-05-10T17:15:03.260+0700] {logging_mixin.py:188} INFO - [2024-05-10T17:15:03.260+0700] {dag.py:3954} INFO - Setting next_dagrun for example_setup_teardown_taskflow to 2024-05-09 00:00:00+00:00, run_after=2024-05-10 00:00:00+00:00
[2024-05-10T17:15:03.268+0700] {processor.py:183} INFO - Processing /opt/anaconda3/envs/kafka_project/lib/python3.12/site-packages/airflow/example_dags/example_setup_teardown_taskflow.py took 0.155 seconds
[2024-05-10T17:16:39.132+0700] {processor.py:161} INFO - Started process (PID=81779) to work on /opt/anaconda3/envs/kafka_project/lib/python3.12/site-packages/airflow/example_dags/example_setup_teardown_taskflow.py
[2024-05-10T17:16:39.133+0700] {processor.py:830} INFO - Processing file /opt/anaconda3/envs/kafka_project/lib/python3.12/site-packages/airflow/example_dags/example_setup_teardown_taskflow.py for tasks to queue
[2024-05-10T17:16:39.134+0700] {logging_mixin.py:188} INFO - [2024-05-10T17:16:39.133+0700] {dagbag.py:545} INFO - Filling up the DagBag from /opt/anaconda3/envs/kafka_project/lib/python3.12/site-packages/airflow/example_dags/example_setup_teardown_taskflow.py
[2024-05-10T17:16:39.156+0700] {processor.py:840} INFO - DAG(s) 'example_setup_teardown_taskflow' retrieved from /opt/anaconda3/envs/kafka_project/lib/python3.12/site-packages/airflow/example_dags/example_setup_teardown_taskflow.py
[2024-05-10T17:16:39.211+0700] {logging_mixin.py:188} INFO - [2024-05-10T17:16:39.211+0700] {dag.py:3096} INFO - Sync 1 DAGs
[2024-05-10T17:16:39.220+0700] {logging_mixin.py:188} INFO - [2024-05-10T17:16:39.220+0700] {dag.py:3954} INFO - Setting next_dagrun for example_setup_teardown_taskflow to 2024-05-09 00:00:00+00:00, run_after=2024-05-10 00:00:00+00:00
[2024-05-10T17:16:39.229+0700] {processor.py:183} INFO - Processing /opt/anaconda3/envs/kafka_project/lib/python3.12/site-packages/airflow/example_dags/example_setup_teardown_taskflow.py took 0.099 seconds
[2024-05-10T17:18:49.208+0700] {processor.py:161} INFO - Started process (PID=82819) to work on /opt/anaconda3/envs/kafka_project/lib/python3.12/site-packages/airflow/example_dags/example_setup_teardown_taskflow.py
[2024-05-10T17:18:49.210+0700] {processor.py:830} INFO - Processing file /opt/anaconda3/envs/kafka_project/lib/python3.12/site-packages/airflow/example_dags/example_setup_teardown_taskflow.py for tasks to queue
[2024-05-10T17:18:49.210+0700] {logging_mixin.py:188} INFO - [2024-05-10T17:18:49.210+0700] {dagbag.py:545} INFO - Filling up the DagBag from /opt/anaconda3/envs/kafka_project/lib/python3.12/site-packages/airflow/example_dags/example_setup_teardown_taskflow.py
[2024-05-10T17:18:49.233+0700] {processor.py:840} INFO - DAG(s) 'example_setup_teardown_taskflow' retrieved from /opt/anaconda3/envs/kafka_project/lib/python3.12/site-packages/airflow/example_dags/example_setup_teardown_taskflow.py
[2024-05-10T17:18:49.293+0700] {logging_mixin.py:188} INFO - [2024-05-10T17:18:49.293+0700] {dag.py:3096} INFO - Sync 1 DAGs
[2024-05-10T17:18:49.303+0700] {logging_mixin.py:188} INFO - [2024-05-10T17:18:49.303+0700] {dag.py:3954} INFO - Setting next_dagrun for example_setup_teardown_taskflow to 2024-05-09 00:00:00+00:00, run_after=2024-05-10 00:00:00+00:00
[2024-05-10T17:18:49.312+0700] {processor.py:183} INFO - Processing /opt/anaconda3/envs/kafka_project/lib/python3.12/site-packages/airflow/example_dags/example_setup_teardown_taskflow.py took 0.105 seconds
[2024-05-10T17:20:57.105+0700] {processor.py:161} INFO - Started process (PID=84023) to work on /opt/anaconda3/envs/kafka_project/lib/python3.12/site-packages/airflow/example_dags/example_setup_teardown_taskflow.py
[2024-05-10T17:20:57.106+0700] {processor.py:830} INFO - Processing file /opt/anaconda3/envs/kafka_project/lib/python3.12/site-packages/airflow/example_dags/example_setup_teardown_taskflow.py for tasks to queue
[2024-05-10T17:20:57.107+0700] {logging_mixin.py:188} INFO - [2024-05-10T17:20:57.107+0700] {dagbag.py:545} INFO - Filling up the DagBag from /opt/anaconda3/envs/kafka_project/lib/python3.12/site-packages/airflow/example_dags/example_setup_teardown_taskflow.py
[2024-05-10T17:20:57.130+0700] {processor.py:840} INFO - DAG(s) 'example_setup_teardown_taskflow' retrieved from /opt/anaconda3/envs/kafka_project/lib/python3.12/site-packages/airflow/example_dags/example_setup_teardown_taskflow.py
[2024-05-10T17:20:57.188+0700] {logging_mixin.py:188} INFO - [2024-05-10T17:20:57.187+0700] {dag.py:3096} INFO - Sync 1 DAGs
[2024-05-10T17:20:57.198+0700] {logging_mixin.py:188} INFO - [2024-05-10T17:20:57.198+0700] {dag.py:3954} INFO - Setting next_dagrun for example_setup_teardown_taskflow to 2024-05-09 00:00:00+00:00, run_after=2024-05-10 00:00:00+00:00
[2024-05-10T17:20:57.208+0700] {processor.py:183} INFO - Processing /opt/anaconda3/envs/kafka_project/lib/python3.12/site-packages/airflow/example_dags/example_setup_teardown_taskflow.py took 0.104 seconds
[2024-05-10T17:29:23.457+0700] {processor.py:161} INFO - Started process (PID=89346) to work on /opt/anaconda3/envs/kafka_project/lib/python3.12/site-packages/airflow/example_dags/example_setup_teardown_taskflow.py
[2024-05-10T17:29:23.458+0700] {processor.py:830} INFO - Processing file /opt/anaconda3/envs/kafka_project/lib/python3.12/site-packages/airflow/example_dags/example_setup_teardown_taskflow.py for tasks to queue
[2024-05-10T17:29:23.458+0700] {logging_mixin.py:188} INFO - [2024-05-10T17:29:23.458+0700] {dagbag.py:545} INFO - Filling up the DagBag from /opt/anaconda3/envs/kafka_project/lib/python3.12/site-packages/airflow/example_dags/example_setup_teardown_taskflow.py
[2024-05-10T17:29:23.480+0700] {processor.py:840} INFO - DAG(s) 'example_setup_teardown_taskflow' retrieved from /opt/anaconda3/envs/kafka_project/lib/python3.12/site-packages/airflow/example_dags/example_setup_teardown_taskflow.py
[2024-05-10T17:29:23.541+0700] {logging_mixin.py:188} INFO - [2024-05-10T17:29:23.541+0700] {dag.py:3096} INFO - Sync 1 DAGs
[2024-05-10T17:29:23.551+0700] {logging_mixin.py:188} INFO - [2024-05-10T17:29:23.551+0700] {dag.py:3954} INFO - Setting next_dagrun for example_setup_teardown_taskflow to 2024-05-09 00:00:00+00:00, run_after=2024-05-10 00:00:00+00:00
[2024-05-10T17:29:23.560+0700] {processor.py:183} INFO - Processing /opt/anaconda3/envs/kafka_project/lib/python3.12/site-packages/airflow/example_dags/example_setup_teardown_taskflow.py took 0.104 seconds
