[2024-05-10T17:15:48.508+0700] {processor.py:161} INFO - Started process (PID=81370) to work on /opt/anaconda3/envs/kafka_project/lib/python3.12/site-packages/airflow/example_dags/example_branch_operator.py
[2024-05-10T17:15:48.509+0700] {processor.py:830} INFO - Processing file /opt/anaconda3/envs/kafka_project/lib/python3.12/site-packages/airflow/example_dags/example_branch_operator.py for tasks to queue
[2024-05-10T17:15:48.509+0700] {logging_mixin.py:188} INFO - [2024-05-10T17:15:48.509+0700] {dagbag.py:545} INFO - Filling up the DagBag from /opt/anaconda3/envs/kafka_project/lib/python3.12/site-packages/airflow/example_dags/example_branch_operator.py
[2024-05-10T17:15:48.530+0700] {processor.py:840} INFO - DAG(s) 'example_branch_operator' retrieved from /opt/anaconda3/envs/kafka_project/lib/python3.12/site-packages/airflow/example_dags/example_branch_operator.py
[2024-05-10T17:15:48.634+0700] {logging_mixin.py:188} INFO - [2024-05-10T17:15:48.634+0700] {override.py:1829} INFO - Created Permission View: can edit on DAG:example_branch_operator
[2024-05-10T17:15:48.639+0700] {logging_mixin.py:188} INFO - [2024-05-10T17:15:48.639+0700] {override.py:1829} INFO - Created Permission View: can delete on DAG:example_branch_operator
[2024-05-10T17:15:48.642+0700] {logging_mixin.py:188} INFO - [2024-05-10T17:15:48.641+0700] {override.py:1829} INFO - Created Permission View: can read on DAG:example_branch_operator
[2024-05-10T17:15:48.642+0700] {logging_mixin.py:188} INFO - [2024-05-10T17:15:48.642+0700] {dag.py:3096} INFO - Sync 1 DAGs
[2024-05-10T17:15:48.647+0700] {logging_mixin.py:188} INFO - [2024-05-10T17:15:48.647+0700] {dag.py:3118} INFO - Creating ORM DAG for example_branch_operator
[2024-05-10T17:15:48.651+0700] {logging_mixin.py:188} INFO - [2024-05-10T17:15:48.651+0700] {dag.py:3954} INFO - Setting next_dagrun for example_branch_operator to 2024-05-09 00:00:00+00:00, run_after=2024-05-10 00:00:00+00:00
[2024-05-10T17:15:48.659+0700] {processor.py:183} INFO - Processing /opt/anaconda3/envs/kafka_project/lib/python3.12/site-packages/airflow/example_dags/example_branch_operator.py took 0.152 seconds
[2024-05-10T17:17:57.076+0700] {processor.py:161} INFO - Started process (PID=82413) to work on /opt/anaconda3/envs/kafka_project/lib/python3.12/site-packages/airflow/example_dags/example_branch_operator.py
[2024-05-10T17:17:57.077+0700] {processor.py:830} INFO - Processing file /opt/anaconda3/envs/kafka_project/lib/python3.12/site-packages/airflow/example_dags/example_branch_operator.py for tasks to queue
[2024-05-10T17:17:57.077+0700] {logging_mixin.py:188} INFO - [2024-05-10T17:17:57.077+0700] {dagbag.py:545} INFO - Filling up the DagBag from /opt/anaconda3/envs/kafka_project/lib/python3.12/site-packages/airflow/example_dags/example_branch_operator.py
[2024-05-10T17:17:57.097+0700] {processor.py:840} INFO - DAG(s) 'example_branch_operator' retrieved from /opt/anaconda3/envs/kafka_project/lib/python3.12/site-packages/airflow/example_dags/example_branch_operator.py
[2024-05-10T17:17:57.204+0700] {logging_mixin.py:188} INFO - [2024-05-10T17:17:57.204+0700] {dag.py:3096} INFO - Sync 1 DAGs
[2024-05-10T17:17:57.213+0700] {logging_mixin.py:188} INFO - [2024-05-10T17:17:57.212+0700] {dag.py:3954} INFO - Setting next_dagrun for example_branch_operator to 2024-05-09 00:00:00+00:00, run_after=2024-05-10 00:00:00+00:00
[2024-05-10T17:17:57.222+0700] {processor.py:183} INFO - Processing /opt/anaconda3/envs/kafka_project/lib/python3.12/site-packages/airflow/example_dags/example_branch_operator.py took 0.148 seconds
[2024-05-10T17:20:05.025+0700] {processor.py:161} INFO - Started process (PID=83541) to work on /opt/anaconda3/envs/kafka_project/lib/python3.12/site-packages/airflow/example_dags/example_branch_operator.py
[2024-05-10T17:20:05.026+0700] {processor.py:830} INFO - Processing file /opt/anaconda3/envs/kafka_project/lib/python3.12/site-packages/airflow/example_dags/example_branch_operator.py for tasks to queue
[2024-05-10T17:20:05.027+0700] {logging_mixin.py:188} INFO - [2024-05-10T17:20:05.027+0700] {dagbag.py:545} INFO - Filling up the DagBag from /opt/anaconda3/envs/kafka_project/lib/python3.12/site-packages/airflow/example_dags/example_branch_operator.py
[2024-05-10T17:20:05.047+0700] {processor.py:840} INFO - DAG(s) 'example_branch_operator' retrieved from /opt/anaconda3/envs/kafka_project/lib/python3.12/site-packages/airflow/example_dags/example_branch_operator.py
[2024-05-10T17:20:05.154+0700] {logging_mixin.py:188} INFO - [2024-05-10T17:20:05.154+0700] {dag.py:3096} INFO - Sync 1 DAGs
[2024-05-10T17:20:05.162+0700] {logging_mixin.py:188} INFO - [2024-05-10T17:20:05.162+0700] {dag.py:3954} INFO - Setting next_dagrun for example_branch_operator to 2024-05-09 00:00:00+00:00, run_after=2024-05-10 00:00:00+00:00
[2024-05-10T17:20:05.173+0700] {processor.py:183} INFO - Processing /opt/anaconda3/envs/kafka_project/lib/python3.12/site-packages/airflow/example_dags/example_branch_operator.py took 0.149 seconds
[2024-05-10T17:22:17.558+0700] {processor.py:161} INFO - Started process (PID=84970) to work on /opt/anaconda3/envs/kafka_project/lib/python3.12/site-packages/airflow/example_dags/example_branch_operator.py
[2024-05-10T17:22:17.559+0700] {processor.py:830} INFO - Processing file /opt/anaconda3/envs/kafka_project/lib/python3.12/site-packages/airflow/example_dags/example_branch_operator.py for tasks to queue
[2024-05-10T17:22:17.560+0700] {logging_mixin.py:188} INFO - [2024-05-10T17:22:17.560+0700] {dagbag.py:545} INFO - Filling up the DagBag from /opt/anaconda3/envs/kafka_project/lib/python3.12/site-packages/airflow/example_dags/example_branch_operator.py
[2024-05-10T17:22:17.580+0700] {processor.py:840} INFO - DAG(s) 'example_branch_operator' retrieved from /opt/anaconda3/envs/kafka_project/lib/python3.12/site-packages/airflow/example_dags/example_branch_operator.py
[2024-05-10T17:22:17.685+0700] {logging_mixin.py:188} INFO - [2024-05-10T17:22:17.684+0700] {dag.py:3096} INFO - Sync 1 DAGs
[2024-05-10T17:22:17.692+0700] {logging_mixin.py:188} INFO - [2024-05-10T17:22:17.692+0700] {dag.py:3954} INFO - Setting next_dagrun for example_branch_operator to 2024-05-09 00:00:00+00:00, run_after=2024-05-10 00:00:00+00:00
[2024-05-10T17:22:17.702+0700] {processor.py:183} INFO - Processing /opt/anaconda3/envs/kafka_project/lib/python3.12/site-packages/airflow/example_dags/example_branch_operator.py took 0.145 seconds
