[2024-05-10T17:14:28.811+0700] {processor.py:161} INFO - Started process (PID=80691) to work on /opt/anaconda3/envs/kafka_project/lib/python3.12/site-packages/airflow/example_dags/tutorial_taskflow_api_virtualenv.py
[2024-05-10T17:14:28.811+0700] {processor.py:830} INFO - Processing file /opt/anaconda3/envs/kafka_project/lib/python3.12/site-packages/airflow/example_dags/tutorial_taskflow_api_virtualenv.py for tasks to queue
[2024-05-10T17:14:28.812+0700] {logging_mixin.py:188} INFO - [2024-05-10T17:14:28.812+0700] {dagbag.py:545} INFO - Filling up the DagBag from /opt/anaconda3/envs/kafka_project/lib/python3.12/site-packages/airflow/example_dags/tutorial_taskflow_api_virtualenv.py
[2024-05-10T17:14:28.840+0700] {processor.py:840} INFO - DAG(s) 'tutorial_taskflow_api_virtualenv' retrieved from /opt/anaconda3/envs/kafka_project/lib/python3.12/site-packages/airflow/example_dags/tutorial_taskflow_api_virtualenv.py
[2024-05-10T17:14:28.967+0700] {logging_mixin.py:188} INFO - [2024-05-10T17:14:28.966+0700] {override.py:1829} INFO - Created Permission View: can delete on DAG:tutorial_taskflow_api_virtualenv
[2024-05-10T17:14:28.971+0700] {logging_mixin.py:188} INFO - [2024-05-10T17:14:28.971+0700] {override.py:1829} INFO - Created Permission View: can edit on DAG:tutorial_taskflow_api_virtualenv
[2024-05-10T17:14:28.974+0700] {logging_mixin.py:188} INFO - [2024-05-10T17:14:28.974+0700] {override.py:1829} INFO - Created Permission View: can read on DAG:tutorial_taskflow_api_virtualenv
[2024-05-10T17:14:28.974+0700] {logging_mixin.py:188} INFO - [2024-05-10T17:14:28.974+0700] {dag.py:3096} INFO - Sync 1 DAGs
[2024-05-10T17:14:28.979+0700] {logging_mixin.py:188} INFO - [2024-05-10T17:14:28.979+0700] {dag.py:3118} INFO - Creating ORM DAG for tutorial_taskflow_api_virtualenv
[2024-05-10T17:14:28.979+0700] {logging_mixin.py:188} INFO - [2024-05-10T17:14:28.979+0700] {dag.py:3954} INFO - Setting next_dagrun for tutorial_taskflow_api_virtualenv to None, run_after=None
[2024-05-10T17:14:28.988+0700] {processor.py:183} INFO - Processing /opt/anaconda3/envs/kafka_project/lib/python3.12/site-packages/airflow/example_dags/tutorial_taskflow_api_virtualenv.py took 0.178 seconds
[2024-05-10T17:16:09.346+0700] {processor.py:161} INFO - Started process (PID=81543) to work on /opt/anaconda3/envs/kafka_project/lib/python3.12/site-packages/airflow/example_dags/tutorial_taskflow_api_virtualenv.py
[2024-05-10T17:16:09.347+0700] {processor.py:830} INFO - Processing file /opt/anaconda3/envs/kafka_project/lib/python3.12/site-packages/airflow/example_dags/tutorial_taskflow_api_virtualenv.py for tasks to queue
[2024-05-10T17:16:09.348+0700] {logging_mixin.py:188} INFO - [2024-05-10T17:16:09.348+0700] {dagbag.py:545} INFO - Filling up the DagBag from /opt/anaconda3/envs/kafka_project/lib/python3.12/site-packages/airflow/example_dags/tutorial_taskflow_api_virtualenv.py
[2024-05-10T17:16:09.371+0700] {processor.py:840} INFO - DAG(s) 'tutorial_taskflow_api_virtualenv' retrieved from /opt/anaconda3/envs/kafka_project/lib/python3.12/site-packages/airflow/example_dags/tutorial_taskflow_api_virtualenv.py
[2024-05-10T17:16:09.473+0700] {logging_mixin.py:188} INFO - [2024-05-10T17:16:09.473+0700] {dag.py:3096} INFO - Sync 1 DAGs
[2024-05-10T17:16:09.478+0700] {logging_mixin.py:188} INFO - [2024-05-10T17:16:09.478+0700] {dag.py:3954} INFO - Setting next_dagrun for tutorial_taskflow_api_virtualenv to None, run_after=None
[2024-05-10T17:16:09.487+0700] {processor.py:183} INFO - Processing /opt/anaconda3/envs/kafka_project/lib/python3.12/site-packages/airflow/example_dags/tutorial_taskflow_api_virtualenv.py took 0.142 seconds
[2024-05-10T17:17:12.163+0700] {processor.py:161} INFO - Started process (PID=82040) to work on /opt/anaconda3/envs/kafka_project/lib/python3.12/site-packages/airflow/example_dags/tutorial_taskflow_api_virtualenv.py
[2024-05-10T17:17:12.165+0700] {processor.py:830} INFO - Processing file /opt/anaconda3/envs/kafka_project/lib/python3.12/site-packages/airflow/example_dags/tutorial_taskflow_api_virtualenv.py for tasks to queue
[2024-05-10T17:17:12.165+0700] {logging_mixin.py:188} INFO - [2024-05-10T17:17:12.165+0700] {dagbag.py:545} INFO - Filling up the DagBag from /opt/anaconda3/envs/kafka_project/lib/python3.12/site-packages/airflow/example_dags/tutorial_taskflow_api_virtualenv.py
[2024-05-10T17:17:12.193+0700] {processor.py:840} INFO - DAG(s) 'tutorial_taskflow_api_virtualenv' retrieved from /opt/anaconda3/envs/kafka_project/lib/python3.12/site-packages/airflow/example_dags/tutorial_taskflow_api_virtualenv.py
[2024-05-10T17:17:12.333+0700] {logging_mixin.py:188} INFO - [2024-05-10T17:17:12.333+0700] {dag.py:3096} INFO - Sync 1 DAGs
[2024-05-10T17:17:12.338+0700] {logging_mixin.py:188} INFO - [2024-05-10T17:17:12.338+0700] {dag.py:3954} INFO - Setting next_dagrun for tutorial_taskflow_api_virtualenv to None, run_after=None
[2024-05-10T17:17:12.349+0700] {processor.py:183} INFO - Processing /opt/anaconda3/envs/kafka_project/lib/python3.12/site-packages/airflow/example_dags/tutorial_taskflow_api_virtualenv.py took 0.187 seconds
[2024-05-10T17:18:18.123+0700] {processor.py:161} INFO - Started process (PID=82576) to work on /opt/anaconda3/envs/kafka_project/lib/python3.12/site-packages/airflow/example_dags/tutorial_taskflow_api_virtualenv.py
[2024-05-10T17:18:18.123+0700] {processor.py:830} INFO - Processing file /opt/anaconda3/envs/kafka_project/lib/python3.12/site-packages/airflow/example_dags/tutorial_taskflow_api_virtualenv.py for tasks to queue
[2024-05-10T17:18:18.124+0700] {logging_mixin.py:188} INFO - [2024-05-10T17:18:18.124+0700] {dagbag.py:545} INFO - Filling up the DagBag from /opt/anaconda3/envs/kafka_project/lib/python3.12/site-packages/airflow/example_dags/tutorial_taskflow_api_virtualenv.py
[2024-05-10T17:18:18.154+0700] {processor.py:840} INFO - DAG(s) 'tutorial_taskflow_api_virtualenv' retrieved from /opt/anaconda3/envs/kafka_project/lib/python3.12/site-packages/airflow/example_dags/tutorial_taskflow_api_virtualenv.py
[2024-05-10T17:18:18.283+0700] {logging_mixin.py:188} INFO - [2024-05-10T17:18:18.282+0700] {dag.py:3096} INFO - Sync 1 DAGs
[2024-05-10T17:18:18.287+0700] {logging_mixin.py:188} INFO - [2024-05-10T17:18:18.287+0700] {dag.py:3954} INFO - Setting next_dagrun for tutorial_taskflow_api_virtualenv to None, run_after=None
[2024-05-10T17:18:18.296+0700] {processor.py:183} INFO - Processing /opt/anaconda3/envs/kafka_project/lib/python3.12/site-packages/airflow/example_dags/tutorial_taskflow_api_virtualenv.py took 0.175 seconds
[2024-05-10T17:19:22.169+0700] {processor.py:161} INFO - Started process (PID=83083) to work on /opt/anaconda3/envs/kafka_project/lib/python3.12/site-packages/airflow/example_dags/tutorial_taskflow_api_virtualenv.py
[2024-05-10T17:19:22.170+0700] {processor.py:830} INFO - Processing file /opt/anaconda3/envs/kafka_project/lib/python3.12/site-packages/airflow/example_dags/tutorial_taskflow_api_virtualenv.py for tasks to queue
[2024-05-10T17:19:22.171+0700] {logging_mixin.py:188} INFO - [2024-05-10T17:19:22.170+0700] {dagbag.py:545} INFO - Filling up the DagBag from /opt/anaconda3/envs/kafka_project/lib/python3.12/site-packages/airflow/example_dags/tutorial_taskflow_api_virtualenv.py
[2024-05-10T17:19:22.192+0700] {processor.py:840} INFO - DAG(s) 'tutorial_taskflow_api_virtualenv' retrieved from /opt/anaconda3/envs/kafka_project/lib/python3.12/site-packages/airflow/example_dags/tutorial_taskflow_api_virtualenv.py
[2024-05-10T17:19:22.306+0700] {logging_mixin.py:188} INFO - [2024-05-10T17:19:22.306+0700] {dag.py:3096} INFO - Sync 1 DAGs
[2024-05-10T17:19:22.310+0700] {logging_mixin.py:188} INFO - [2024-05-10T17:19:22.310+0700] {dag.py:3954} INFO - Setting next_dagrun for tutorial_taskflow_api_virtualenv to None, run_after=None
[2024-05-10T17:19:22.319+0700] {processor.py:183} INFO - Processing /opt/anaconda3/envs/kafka_project/lib/python3.12/site-packages/airflow/example_dags/tutorial_taskflow_api_virtualenv.py took 0.152 seconds
[2024-05-10T17:20:25.995+0700] {processor.py:161} INFO - Started process (PID=83761) to work on /opt/anaconda3/envs/kafka_project/lib/python3.12/site-packages/airflow/example_dags/tutorial_taskflow_api_virtualenv.py
[2024-05-10T17:20:25.996+0700] {processor.py:830} INFO - Processing file /opt/anaconda3/envs/kafka_project/lib/python3.12/site-packages/airflow/example_dags/tutorial_taskflow_api_virtualenv.py for tasks to queue
[2024-05-10T17:20:25.996+0700] {logging_mixin.py:188} INFO - [2024-05-10T17:20:25.996+0700] {dagbag.py:545} INFO - Filling up the DagBag from /opt/anaconda3/envs/kafka_project/lib/python3.12/site-packages/airflow/example_dags/tutorial_taskflow_api_virtualenv.py
[2024-05-10T17:20:26.020+0700] {processor.py:840} INFO - DAG(s) 'tutorial_taskflow_api_virtualenv' retrieved from /opt/anaconda3/envs/kafka_project/lib/python3.12/site-packages/airflow/example_dags/tutorial_taskflow_api_virtualenv.py
[2024-05-10T17:20:26.122+0700] {logging_mixin.py:188} INFO - [2024-05-10T17:20:26.122+0700] {dag.py:3096} INFO - Sync 1 DAGs
[2024-05-10T17:20:26.127+0700] {logging_mixin.py:188} INFO - [2024-05-10T17:20:26.126+0700] {dag.py:3954} INFO - Setting next_dagrun for tutorial_taskflow_api_virtualenv to None, run_after=None
[2024-05-10T17:20:26.136+0700] {processor.py:183} INFO - Processing /opt/anaconda3/envs/kafka_project/lib/python3.12/site-packages/airflow/example_dags/tutorial_taskflow_api_virtualenv.py took 0.143 seconds
[2024-05-10T17:21:31.366+0700] {processor.py:161} INFO - Started process (PID=84546) to work on /opt/anaconda3/envs/kafka_project/lib/python3.12/site-packages/airflow/example_dags/tutorial_taskflow_api_virtualenv.py
[2024-05-10T17:21:31.367+0700] {processor.py:830} INFO - Processing file /opt/anaconda3/envs/kafka_project/lib/python3.12/site-packages/airflow/example_dags/tutorial_taskflow_api_virtualenv.py for tasks to queue
[2024-05-10T17:21:31.367+0700] {logging_mixin.py:188} INFO - [2024-05-10T17:21:31.367+0700] {dagbag.py:545} INFO - Filling up the DagBag from /opt/anaconda3/envs/kafka_project/lib/python3.12/site-packages/airflow/example_dags/tutorial_taskflow_api_virtualenv.py
[2024-05-10T17:21:31.397+0700] {processor.py:840} INFO - DAG(s) 'tutorial_taskflow_api_virtualenv' retrieved from /opt/anaconda3/envs/kafka_project/lib/python3.12/site-packages/airflow/example_dags/tutorial_taskflow_api_virtualenv.py
[2024-05-10T17:21:31.541+0700] {logging_mixin.py:188} INFO - [2024-05-10T17:21:31.541+0700] {dag.py:3096} INFO - Sync 1 DAGs
[2024-05-10T17:21:31.548+0700] {logging_mixin.py:188} INFO - [2024-05-10T17:21:31.548+0700] {dag.py:3954} INFO - Setting next_dagrun for tutorial_taskflow_api_virtualenv to None, run_after=None
[2024-05-10T17:21:31.558+0700] {processor.py:183} INFO - Processing /opt/anaconda3/envs/kafka_project/lib/python3.12/site-packages/airflow/example_dags/tutorial_taskflow_api_virtualenv.py took 0.193 seconds
[2024-05-10T17:22:40.611+0700] {processor.py:161} INFO - Started process (PID=85212) to work on /opt/anaconda3/envs/kafka_project/lib/python3.12/site-packages/airflow/example_dags/tutorial_taskflow_api_virtualenv.py
[2024-05-10T17:22:40.612+0700] {processor.py:830} INFO - Processing file /opt/anaconda3/envs/kafka_project/lib/python3.12/site-packages/airflow/example_dags/tutorial_taskflow_api_virtualenv.py for tasks to queue
[2024-05-10T17:22:40.612+0700] {logging_mixin.py:188} INFO - [2024-05-10T17:22:40.612+0700] {dagbag.py:545} INFO - Filling up the DagBag from /opt/anaconda3/envs/kafka_project/lib/python3.12/site-packages/airflow/example_dags/tutorial_taskflow_api_virtualenv.py
[2024-05-10T17:22:40.642+0700] {processor.py:840} INFO - DAG(s) 'tutorial_taskflow_api_virtualenv' retrieved from /opt/anaconda3/envs/kafka_project/lib/python3.12/site-packages/airflow/example_dags/tutorial_taskflow_api_virtualenv.py
[2024-05-10T17:22:40.769+0700] {logging_mixin.py:188} INFO - [2024-05-10T17:22:40.769+0700] {dag.py:3096} INFO - Sync 1 DAGs
[2024-05-10T17:22:40.774+0700] {logging_mixin.py:188} INFO - [2024-05-10T17:22:40.773+0700] {dag.py:3954} INFO - Setting next_dagrun for tutorial_taskflow_api_virtualenv to None, run_after=None
[2024-05-10T17:22:40.786+0700] {processor.py:183} INFO - Processing /opt/anaconda3/envs/kafka_project/lib/python3.12/site-packages/airflow/example_dags/tutorial_taskflow_api_virtualenv.py took 0.176 seconds
[2024-05-10T17:28:51.411+0700] {processor.py:161} INFO - Started process (PID=89091) to work on /opt/anaconda3/envs/kafka_project/lib/python3.12/site-packages/airflow/example_dags/tutorial_taskflow_api_virtualenv.py
[2024-05-10T17:28:51.412+0700] {processor.py:830} INFO - Processing file /opt/anaconda3/envs/kafka_project/lib/python3.12/site-packages/airflow/example_dags/tutorial_taskflow_api_virtualenv.py for tasks to queue
[2024-05-10T17:28:51.413+0700] {logging_mixin.py:188} INFO - [2024-05-10T17:28:51.412+0700] {dagbag.py:545} INFO - Filling up the DagBag from /opt/anaconda3/envs/kafka_project/lib/python3.12/site-packages/airflow/example_dags/tutorial_taskflow_api_virtualenv.py
[2024-05-10T17:28:51.457+0700] {processor.py:840} INFO - DAG(s) 'tutorial_taskflow_api_virtualenv' retrieved from /opt/anaconda3/envs/kafka_project/lib/python3.12/site-packages/airflow/example_dags/tutorial_taskflow_api_virtualenv.py
[2024-05-10T17:28:51.598+0700] {logging_mixin.py:188} INFO - [2024-05-10T17:28:51.598+0700] {dag.py:3096} INFO - Sync 1 DAGs
[2024-05-10T17:28:51.604+0700] {logging_mixin.py:188} INFO - [2024-05-10T17:28:51.603+0700] {dag.py:3954} INFO - Setting next_dagrun for tutorial_taskflow_api_virtualenv to None, run_after=None
[2024-05-10T17:28:51.614+0700] {processor.py:183} INFO - Processing /opt/anaconda3/envs/kafka_project/lib/python3.12/site-packages/airflow/example_dags/tutorial_taskflow_api_virtualenv.py took 0.206 seconds
