[2024-05-10T17:12:23.892+0700] {processor.py:161} INFO - Started process (PID=79288) to work on /opt/anaconda3/envs/kafka_project/lib/python3.12/site-packages/airflow/example_dags/subdags/subdag.py
[2024-05-10T17:12:23.893+0700] {processor.py:830} INFO - Processing file /opt/anaconda3/envs/kafka_project/lib/python3.12/site-packages/airflow/example_dags/subdags/subdag.py for tasks to queue
[2024-05-10T17:12:23.893+0700] {logging_mixin.py:188} INFO - [2024-05-10T17:12:23.893+0700] {dagbag.py:545} INFO - Filling up the DagBag from /opt/anaconda3/envs/kafka_project/lib/python3.12/site-packages/airflow/example_dags/subdags/subdag.py
[2024-05-10T17:12:23.894+0700] {processor.py:842} WARNING - No viable dags retrieved from /opt/anaconda3/envs/kafka_project/lib/python3.12/site-packages/airflow/example_dags/subdags/subdag.py
[2024-05-10T17:12:23.936+0700] {processor.py:183} INFO - Processing /opt/anaconda3/envs/kafka_project/lib/python3.12/site-packages/airflow/example_dags/subdags/subdag.py took 0.045 seconds
[2024-05-10T17:14:20.830+0700] {processor.py:161} INFO - Started process (PID=80606) to work on /opt/anaconda3/envs/kafka_project/lib/python3.12/site-packages/airflow/example_dags/subdags/subdag.py
[2024-05-10T17:14:20.831+0700] {processor.py:830} INFO - Processing file /opt/anaconda3/envs/kafka_project/lib/python3.12/site-packages/airflow/example_dags/subdags/subdag.py for tasks to queue
[2024-05-10T17:14:20.831+0700] {logging_mixin.py:188} INFO - [2024-05-10T17:14:20.831+0700] {dagbag.py:545} INFO - Filling up the DagBag from /opt/anaconda3/envs/kafka_project/lib/python3.12/site-packages/airflow/example_dags/subdags/subdag.py
[2024-05-10T17:14:20.833+0700] {processor.py:842} WARNING - No viable dags retrieved from /opt/anaconda3/envs/kafka_project/lib/python3.12/site-packages/airflow/example_dags/subdags/subdag.py
[2024-05-10T17:14:20.878+0700] {processor.py:183} INFO - Processing /opt/anaconda3/envs/kafka_project/lib/python3.12/site-packages/airflow/example_dags/subdags/subdag.py took 0.050 seconds
[2024-05-10T17:16:01.572+0700] {processor.py:161} INFO - Started process (PID=81476) to work on /opt/anaconda3/envs/kafka_project/lib/python3.12/site-packages/airflow/example_dags/subdags/subdag.py
[2024-05-10T17:16:01.573+0700] {processor.py:830} INFO - Processing file /opt/anaconda3/envs/kafka_project/lib/python3.12/site-packages/airflow/example_dags/subdags/subdag.py for tasks to queue
[2024-05-10T17:16:01.573+0700] {logging_mixin.py:188} INFO - [2024-05-10T17:16:01.573+0700] {dagbag.py:545} INFO - Filling up the DagBag from /opt/anaconda3/envs/kafka_project/lib/python3.12/site-packages/airflow/example_dags/subdags/subdag.py
[2024-05-10T17:16:01.575+0700] {processor.py:842} WARNING - No viable dags retrieved from /opt/anaconda3/envs/kafka_project/lib/python3.12/site-packages/airflow/example_dags/subdags/subdag.py
[2024-05-10T17:16:01.618+0700] {processor.py:183} INFO - Processing /opt/anaconda3/envs/kafka_project/lib/python3.12/site-packages/airflow/example_dags/subdags/subdag.py took 0.047 seconds
[2024-05-10T17:17:05.178+0700] {processor.py:161} INFO - Started process (PID=81981) to work on /opt/anaconda3/envs/kafka_project/lib/python3.12/site-packages/airflow/example_dags/subdags/subdag.py
[2024-05-10T17:17:05.179+0700] {processor.py:830} INFO - Processing file /opt/anaconda3/envs/kafka_project/lib/python3.12/site-packages/airflow/example_dags/subdags/subdag.py for tasks to queue
[2024-05-10T17:17:05.180+0700] {logging_mixin.py:188} INFO - [2024-05-10T17:17:05.179+0700] {dagbag.py:545} INFO - Filling up the DagBag from /opt/anaconda3/envs/kafka_project/lib/python3.12/site-packages/airflow/example_dags/subdags/subdag.py
[2024-05-10T17:17:05.181+0700] {processor.py:842} WARNING - No viable dags retrieved from /opt/anaconda3/envs/kafka_project/lib/python3.12/site-packages/airflow/example_dags/subdags/subdag.py
[2024-05-10T17:17:05.222+0700] {processor.py:183} INFO - Processing /opt/anaconda3/envs/kafka_project/lib/python3.12/site-packages/airflow/example_dags/subdags/subdag.py took 0.045 seconds
[2024-05-10T17:18:10.187+0700] {processor.py:161} INFO - Started process (PID=82509) to work on /opt/anaconda3/envs/kafka_project/lib/python3.12/site-packages/airflow/example_dags/subdags/subdag.py
[2024-05-10T17:18:10.189+0700] {processor.py:830} INFO - Processing file /opt/anaconda3/envs/kafka_project/lib/python3.12/site-packages/airflow/example_dags/subdags/subdag.py for tasks to queue
[2024-05-10T17:18:10.189+0700] {logging_mixin.py:188} INFO - [2024-05-10T17:18:10.189+0700] {dagbag.py:545} INFO - Filling up the DagBag from /opt/anaconda3/envs/kafka_project/lib/python3.12/site-packages/airflow/example_dags/subdags/subdag.py
[2024-05-10T17:18:10.191+0700] {processor.py:842} WARNING - No viable dags retrieved from /opt/anaconda3/envs/kafka_project/lib/python3.12/site-packages/airflow/example_dags/subdags/subdag.py
[2024-05-10T17:18:10.233+0700] {processor.py:183} INFO - Processing /opt/anaconda3/envs/kafka_project/lib/python3.12/site-packages/airflow/example_dags/subdags/subdag.py took 0.047 seconds
[2024-05-10T17:19:15.130+0700] {processor.py:161} INFO - Started process (PID=83031) to work on /opt/anaconda3/envs/kafka_project/lib/python3.12/site-packages/airflow/example_dags/subdags/subdag.py
[2024-05-10T17:19:15.131+0700] {processor.py:830} INFO - Processing file /opt/anaconda3/envs/kafka_project/lib/python3.12/site-packages/airflow/example_dags/subdags/subdag.py for tasks to queue
[2024-05-10T17:19:15.132+0700] {logging_mixin.py:188} INFO - [2024-05-10T17:19:15.132+0700] {dagbag.py:545} INFO - Filling up the DagBag from /opt/anaconda3/envs/kafka_project/lib/python3.12/site-packages/airflow/example_dags/subdags/subdag.py
[2024-05-10T17:19:15.133+0700] {processor.py:842} WARNING - No viable dags retrieved from /opt/anaconda3/envs/kafka_project/lib/python3.12/site-packages/airflow/example_dags/subdags/subdag.py
[2024-05-10T17:19:15.179+0700] {processor.py:183} INFO - Processing /opt/anaconda3/envs/kafka_project/lib/python3.12/site-packages/airflow/example_dags/subdags/subdag.py took 0.050 seconds
[2024-05-10T17:20:18.205+0700] {processor.py:161} INFO - Started process (PID=83699) to work on /opt/anaconda3/envs/kafka_project/lib/python3.12/site-packages/airflow/example_dags/subdags/subdag.py
[2024-05-10T17:20:18.207+0700] {processor.py:830} INFO - Processing file /opt/anaconda3/envs/kafka_project/lib/python3.12/site-packages/airflow/example_dags/subdags/subdag.py for tasks to queue
[2024-05-10T17:20:18.207+0700] {logging_mixin.py:188} INFO - [2024-05-10T17:20:18.207+0700] {dagbag.py:545} INFO - Filling up the DagBag from /opt/anaconda3/envs/kafka_project/lib/python3.12/site-packages/airflow/example_dags/subdags/subdag.py
[2024-05-10T17:20:18.209+0700] {processor.py:842} WARNING - No viable dags retrieved from /opt/anaconda3/envs/kafka_project/lib/python3.12/site-packages/airflow/example_dags/subdags/subdag.py
[2024-05-10T17:20:18.251+0700] {processor.py:183} INFO - Processing /opt/anaconda3/envs/kafka_project/lib/python3.12/site-packages/airflow/example_dags/subdags/subdag.py took 0.047 seconds
[2024-05-10T17:21:23.355+0700] {processor.py:161} INFO - Started process (PID=84409) to work on /opt/anaconda3/envs/kafka_project/lib/python3.12/site-packages/airflow/example_dags/subdags/subdag.py
[2024-05-10T17:21:23.355+0700] {processor.py:830} INFO - Processing file /opt/anaconda3/envs/kafka_project/lib/python3.12/site-packages/airflow/example_dags/subdags/subdag.py for tasks to queue
[2024-05-10T17:21:23.356+0700] {logging_mixin.py:188} INFO - [2024-05-10T17:21:23.356+0700] {dagbag.py:545} INFO - Filling up the DagBag from /opt/anaconda3/envs/kafka_project/lib/python3.12/site-packages/airflow/example_dags/subdags/subdag.py
[2024-05-10T17:21:23.357+0700] {processor.py:842} WARNING - No viable dags retrieved from /opt/anaconda3/envs/kafka_project/lib/python3.12/site-packages/airflow/example_dags/subdags/subdag.py
[2024-05-10T17:21:23.400+0700] {processor.py:183} INFO - Processing /opt/anaconda3/envs/kafka_project/lib/python3.12/site-packages/airflow/example_dags/subdags/subdag.py took 0.046 seconds
[2024-05-10T17:22:31.639+0700] {processor.py:161} INFO - Started process (PID=85128) to work on /opt/anaconda3/envs/kafka_project/lib/python3.12/site-packages/airflow/example_dags/subdags/subdag.py
[2024-05-10T17:22:31.640+0700] {processor.py:830} INFO - Processing file /opt/anaconda3/envs/kafka_project/lib/python3.12/site-packages/airflow/example_dags/subdags/subdag.py for tasks to queue
[2024-05-10T17:22:31.641+0700] {logging_mixin.py:188} INFO - [2024-05-10T17:22:31.641+0700] {dagbag.py:545} INFO - Filling up the DagBag from /opt/anaconda3/envs/kafka_project/lib/python3.12/site-packages/airflow/example_dags/subdags/subdag.py
[2024-05-10T17:22:31.642+0700] {processor.py:842} WARNING - No viable dags retrieved from /opt/anaconda3/envs/kafka_project/lib/python3.12/site-packages/airflow/example_dags/subdags/subdag.py
[2024-05-10T17:22:31.685+0700] {processor.py:183} INFO - Processing /opt/anaconda3/envs/kafka_project/lib/python3.12/site-packages/airflow/example_dags/subdags/subdag.py took 0.047 seconds
[2024-05-10T17:28:41.218+0700] {processor.py:161} INFO - Started process (PID=89011) to work on /opt/anaconda3/envs/kafka_project/lib/python3.12/site-packages/airflow/example_dags/subdags/subdag.py
[2024-05-10T17:28:41.219+0700] {processor.py:830} INFO - Processing file /opt/anaconda3/envs/kafka_project/lib/python3.12/site-packages/airflow/example_dags/subdags/subdag.py for tasks to queue
[2024-05-10T17:28:41.219+0700] {logging_mixin.py:188} INFO - [2024-05-10T17:28:41.219+0700] {dagbag.py:545} INFO - Filling up the DagBag from /opt/anaconda3/envs/kafka_project/lib/python3.12/site-packages/airflow/example_dags/subdags/subdag.py
[2024-05-10T17:28:41.220+0700] {processor.py:842} WARNING - No viable dags retrieved from /opt/anaconda3/envs/kafka_project/lib/python3.12/site-packages/airflow/example_dags/subdags/subdag.py
[2024-05-10T17:28:41.264+0700] {processor.py:183} INFO - Processing /opt/anaconda3/envs/kafka_project/lib/python3.12/site-packages/airflow/example_dags/subdags/subdag.py took 0.047 seconds
